<?xml version="1.0" encoding="UTF-8"?>
<testsuites name="Run all test cases" time="3510.829" tests="50" failures="7" errors="0">
   <testsuite name="Run all test cases" tests="50" failures="7" errors="0" time="3510.829" skipped="0" timestamp="2022-01-16 11:28:30" hostname="ASUS - LAPTOP-O4I5TINJ" id="Test Suites/Run all test cases">
      <properties>
[...]
</properties>
      <testcase name="Test Cases/Phần thiết lập khác/Tạo Course tên là Sample Course For Permission" time="27.594" classname="Test Cases/Phần thiết lập khác/Tạo Course tên là Sample Course For Permission" status="PASSED">
         <system-out><![CDATA[2022-01-16 11:28:31 - [TEST_CASE][PASSED] - Test Cases/Phần thiết lập khác/Tạo Course tên là Sample Course For Permission: Test Cases/Phần thiết lập khác/Tạo Course tên là Sample Course For Permission

2022-01-16 11:28:32 - [TEST_STEP][PASSED] - callTestCase(findTestCase("Kiểm tra thẻ Site Administration/Đăng nhập thành công"), [:], STOP_ON_FAILURE): Call Test Case 'Test Cases/Kiểm tra thẻ Site Administration/Đăng nhập thành công' successfully

2022-01-16 11:28:32 - [TEST_CASE][PASSED] - Test Cases/Kiểm tra thẻ Site Administration/Đăng nhập thành công: Test Cases/Kiểm tra thẻ Site Administration/Đăng nhập thành công

2022-01-16 11:28:32 - [TEST_STEP][PASSED] - openBrowser(""): Browser is opened with url: ''

2022-01-16 11:28:32 - [MESSAGE][INFO] - Starting 'Edge Chromium' driver

2022-01-16 11:28:35 - [MESSAGE][INFO] - Action delay is set to 0 milliseconds

2022-01-16 11:28:38 - [MESSAGE][PASSED] - Browser is opened with url: ''

2022-01-16 11:28:38 - [TEST_STEP][PASSED] - navigateToUrl("http://localhost/"): Navigate to 'http://localhost/' successfully

2022-01-16 11:28:43 - [MESSAGE][PASSED] - Navigate to 'http://localhost/' successfully

2022-01-16 11:28:43 - [TEST_STEP][PASSED] - click(findTestObject("Object Repository/LoginObject/Page_Automation Testing Site/a_Log in")): Object: 'Object Repository/LoginObject/Page_Automation Testing Site/a_Log in' is clicked on

2022-01-16 11:28:44 - [MESSAGE][PASSED] - Object: 'Object Repository/LoginObject/Page_Automation Testing Site/a_Log in' is clicked on

2022-01-16 11:28:44 - [TEST_STEP][PASSED] - setText(findTestObject("Object Repository/LoginObject/Page_Automation Testing Site Log in to the site/input_Username_username"), "admin"): Text 'admin' is set on object 'Object Repository/LoginObject/Page_Automation Testing Site Log in to the site/input_Username_username'

2022-01-16 11:28:45 - [MESSAGE][PASSED] - Text 'admin' is set on object 'Object Repository/LoginObject/Page_Automation Testing Site Log in to the site/input_Username_username'

2022-01-16 11:28:45 - [TEST_STEP][PASSED] - setEncryptedText(findTestObject("Object Repository/LoginObject/Page_Automation Testing Site Log in to the site/input_Password_password"), "cnpXG5HhkrZpEXzNIGBMZQ=="): Text ****** has been set on object 'Object Repository/LoginObject/Page_Automation Testing Site Log in to the site/input_Password_password'

2022-01-16 11:28:45 - [MESSAGE][PASSED] - Text ****** has been set on object 'Object Repository/LoginObject/Page_Automation Testing Site Log in to the site/input_Password_password'

2022-01-16 11:28:45 - [TEST_STEP][PASSED] - click(findTestObject("Object Repository/LoginObject/Page_Automation Testing Site Log in to the site/button_Log in")): Object: 'Object Repository/LoginObject/Page_Automation Testing Site Log in to the site/button_Log in' is clicked on

2022-01-16 11:28:47 - [MESSAGE][PASSED] - Object: 'Object Repository/LoginObject/Page_Automation Testing Site Log in to the site/button_Log in' is clicked on

2022-01-16 11:28:47 - [TEST_STEP][PASSED] - verifyElementText(findTestObject("Object Repository/LoginObject/Page_Dashboard/span_Site administration"), "Site administration"): Actual text and expected text of test object 'Object Repository/LoginObject/Page_Dashboard/span_Site administration' are matched.

2022-01-16 11:28:49 - [MESSAGE][PASSED] - Actual text and expected text of test object 'Object Repository/LoginObject/Page_Dashboard/span_Site administration' are matched.

2022-01-16 11:28:49 - [MESSAGE][PASSED] - Call Test Case 'Test Cases/Kiểm tra thẻ Site Administration/Đăng nhập thành công' successfully

2022-01-16 11:28:49 - [TEST_STEP][PASSED] - click(findTestObject("Object Repository/AddSampleCourse/Page_Dashboard/span_Site home")): Object: 'Object Repository/AddSampleCourse/Page_Dashboard/span_Site home' is clicked on

2022-01-16 11:28:51 - [MESSAGE][PASSED] - Object: 'Object Repository/AddSampleCourse/Page_Dashboard/span_Site home' is clicked on

2022-01-16 11:28:51 - [TEST_STEP][PASSED] - if (verifyTextPresent("Sample Course For Permission", false, OPTIONAL) == true): Text 'Sample Course For Permission' is not present on page  (Root cause: com.kms.katalon.core.exception.StepFailedException: Text 'Sample Course For Permission' is not present on page 
	at com.kms.katalon.core.webui.keyword.internal.WebUIKeywordMain.stepFailed(WebUIKeywordMain.groovy:64)
	at com.kms.katalon.core.webui.keyword.builtin.VerifyTextPresentKeyword$_verifyTextPresent_closure1.doCall(VerifyTextPresentKeyword.groovy:79)
	at com.kms.katalon.core.webui.keyword.builtin.VerifyTextPresentKeyword$_verifyTextPresent_closure1.call(VerifyTextPresentKeyword.groovy)
	at com.kms.katalon.core.webui.keyword.internal.WebUIKeywordMain.runKeyword(WebUIKeywordMain.groovy:20)
	at com.kms.katalon.core.webui.keyword.builtin.VerifyTextPresentKeyword.verifyTextPresent(VerifyTextPresentKeyword.groovy:83)
	at com.kms.katalon.core.webui.keyword.builtin.VerifyTextPresentKeyword.execute(VerifyTextPresentKeyword.groovy:68)
	at com.kms.katalon.core.keyword.internal.KeywordExecutor.executeKeywordForPlatform(KeywordExecutor.groovy:74)
	at com.kms.katalon.core.webui.keyword.WebUiBuiltInKeywords.verifyTextPresent(WebUiBuiltInKeywords.groovy:1707)
	at com.kms.katalon.core.webui.keyword.WebUiBuiltInKeywords$verifyTextPresent$5.call(Unknown Source)
	at Tạo Course tên là Sample Course For Permission.run(Tạo Course tên là Sample Course For Permission:27)
	at com.kms.katalon.core.main.ScriptEngine.run(ScriptEngine.java:194)
	at com.kms.katalon.core.main.ScriptEngine.runScriptAsRawText(ScriptEngine.java:119)
	at com.kms.katalon.core.main.TestCaseExecutor.runScript(TestCaseExecutor.java:442)
	at com.kms.katalon.core.main.TestCaseExecutor.doExecute(TestCaseExecutor.java:433)
	at com.kms.katalon.core.main.TestCaseExecutor.processExecutionPhase(TestCaseExecutor.java:412)
	at com.kms.katalon.core.main.TestCaseExecutor.accessMainPhase(TestCaseExecutor.java:404)
	at com.kms.katalon.core.main.TestCaseExecutor.execute(TestCaseExecutor.java:281)
	at com.kms.katalon.core.main.TestSuiteExecutor.accessTestCaseMainPhase(TestSuiteExecutor.java:202)
	at com.kms.katalon.core.main.TestSuiteExecutor.accessTestSuiteMainPhase(TestSuiteExecutor.java:164)
	at com.kms.katalon.core.main.TestSuiteExecutor.execute(TestSuiteExecutor.java:105)
	at com.kms.katalon.core.main.TestCaseMain.startTestSuite(TestCaseMain.java:181)
	at com.kms.katalon.core.main.TestCaseMain$startTestSuite$0.call(Unknown Source)
	at TempTestSuite1642307295030.run(TempTestSuite1642307295030.groovy:36)
)

2022-01-16 11:28:51 - [MESSAGE][WARNING] - Text 'Sample Course For Permission' is not present on page  (Root cause: com.kms.katalon.core.exception.StepFailedException: Text 'Sample Course For Permission' is not present on page 
	at com.kms.katalon.core.webui.keyword.internal.WebUIKeywordMain.stepFailed(WebUIKeywordMain.groovy:64)
	at com.kms.katalon.core.webui.keyword.builtin.VerifyTextPresentKeyword$_verifyTextPresent_closure1.doCall(VerifyTextPresentKeyword.groovy:79)
	at com.kms.katalon.core.webui.keyword.builtin.VerifyTextPresentKeyword$_verifyTextPresent_closure1.call(VerifyTextPresentKeyword.groovy)
	at com.kms.katalon.core.webui.keyword.internal.WebUIKeywordMain.runKeyword(WebUIKeywordMain.groovy:20)
	at com.kms.katalon.core.webui.keyword.builtin.VerifyTextPresentKeyword.verifyTextPresent(VerifyTextPresentKeyword.groovy:83)
	at com.kms.katalon.core.webui.keyword.builtin.VerifyTextPresentKeyword.execute(VerifyTextPresentKeyword.groovy:68)
	at com.kms.katalon.core.keyword.internal.KeywordExecutor.executeKeywordForPlatform(KeywordExecutor.groovy:74)
	at com.kms.katalon.core.webui.keyword.WebUiBuiltInKeywords.verifyTextPresent(WebUiBuiltInKeywords.groovy:1707)
	at com.kms.katalon.core.webui.keyword.WebUiBuiltInKeywords$verifyTextPresent$5.call(Unknown Source)
	at Tạo Course tên là Sample Course For Permission.run(Tạo Course tên là Sample Course For Permission:27)
	at com.kms.katalon.core.main.ScriptEngine.run(ScriptEngine.java:194)
	at com.kms.katalon.core.main.ScriptEngine.runScriptAsRawText(ScriptEngine.java:119)
	at com.kms.katalon.core.main.TestCaseExecutor.runScript(TestCaseExecutor.java:442)
	at com.kms.katalon.core.main.TestCaseExecutor.doExecute(TestCaseExecutor.java:433)
	at com.kms.katalon.core.main.TestCaseExecutor.processExecutionPhase(TestCaseExecutor.java:412)
	at com.kms.katalon.core.main.TestCaseExecutor.accessMainPhase(TestCaseExecutor.java:404)
	at com.kms.katalon.core.main.TestCaseExecutor.execute(TestCaseExecutor.java:281)
	at com.kms.katalon.core.main.TestSuiteExecutor.accessTestCaseMainPhase(TestSuiteExecutor.java:202)
	at com.kms.katalon.core.main.TestSuiteExecutor.accessTestSuiteMainPhase(TestSuiteExecutor.java:164)
	at com.kms.katalon.core.main.TestSuiteExecutor.execute(TestSuiteExecutor.java:105)
	at com.kms.katalon.core.main.TestCaseMain.startTestSuite(TestCaseMain.java:181)
	at com.kms.katalon.core.main.TestCaseMain$startTestSuite$0.call(Unknown Source)
	at TempTestSuite1642307295030.run(TempTestSuite1642307295030.groovy:36)
)

2022-01-16 11:28:51 - [TEST_STEP][PASSED] - else: Text 'Sample Course For Permission' is present on page 

2022-01-16 11:28:51 - [TEST_STEP][PASSED] - click(findTestObject("Object Repository/AddSampleCourse/Page_Automation Testing Site/button_Add a new course")): Object: 'Object Repository/AddSampleCourse/Page_Automation Testing Site/button_Add a new course' is clicked on

2022-01-16 11:28:54 - [MESSAGE][PASSED] - Object: 'Object Repository/AddSampleCourse/Page_Automation Testing Site/button_Add a new course' is clicked on

2022-01-16 11:28:54 - [TEST_STEP][PASSED] - setText(findTestObject("Object Repository/AddSampleCourse/Page_SiteTesting Add a new course/input_Course full name_fullname"), "Sample Course For Permission"): Text 'Sample Course For Permission' is set on object 'Object Repository/AddSampleCourse/Page_SiteTesting Add a new course/input_Course full name_fullname'

2022-01-16 11:28:56 - [MESSAGE][PASSED] - Text 'Sample Course For Permission' is set on object 'Object Repository/AddSampleCourse/Page_SiteTesting Add a new course/input_Course full name_fullname'

2022-01-16 11:28:56 - [TEST_STEP][PASSED] - setText(findTestObject("Object Repository/AddSampleCourse/Page_SiteTesting Add a new course/input_Course short name_shortname"), "SampleC"): Text 'SampleC' is set on object 'Object Repository/AddSampleCourse/Page_SiteTesting Add a new course/input_Course short name_shortname'

2022-01-16 11:28:57 - [MESSAGE][PASSED] - Text 'SampleC' is set on object 'Object Repository/AddSampleCourse/Page_SiteTesting Add a new course/input_Course short name_shortname'

2022-01-16 11:28:57 - [TEST_STEP][PASSED] - click(findTestObject("Object Repository/AddSampleCourse/Page_SiteTesting Add a new course/input__saveandreturn")): Object: 'Object Repository/AddSampleCourse/Page_SiteTesting Add a new course/input__saveandreturn' is clicked on

2022-01-16 11:28:58 - [MESSAGE][PASSED] - Object: 'Object Repository/AddSampleCourse/Page_SiteTesting Add a new course/input__saveandreturn' is clicked on

2022-01-16 11:28:58 - [TEST_STEP][PASSED] - verifyTextPresent("Sample Course For Permission", false): Text 'Sample Course For Permission' is present on page 

2022-01-16 11:28:58 - [MESSAGE][PASSED] - Text 'Sample Course For Permission' is present on page]]></system-out>
         <system-err><![CDATA[]]></system-err>
      </testcase>
      <testcase name="Test Cases/Student/0. Setup student env" time="165.415" classname="Test Cases/Student/0. Setup student env" status="PASSED">
         <system-out><![CDATA[2022-01-16 11:28:58 - [TEST_CASE][PASSED] - Test Cases/Student/0. Setup student env: Test Cases/Student/0. Setup student env

2022-01-16 11:28:59 - [TEST_STEP][PASSED] - openBrowser(""): Browser is opened with url: ''

2022-01-16 11:28:59 - [MESSAGE][WARNING] - A browser is already opened. Closing browser and opening a new one

2022-01-16 11:28:59 - [MESSAGE][INFO] - Starting 'Edge Chromium' driver

2022-01-16 11:29:02 - [MESSAGE][INFO] - Action delay is set to 0 milliseconds

2022-01-16 11:29:03 - [MESSAGE][PASSED] - Browser is opened with url: ''

2022-01-16 11:29:03 - [TEST_STEP][PASSED] - navigateToUrl("http://localhost/"): Navigate to 'http://localhost/' successfully

2022-01-16 11:29:05 - [MESSAGE][PASSED] - Navigate to 'http://localhost/' successfully

2022-01-16 11:29:05 - [TEST_STEP][PASSED] - click(findTestObject("Object Repository/Page_Automation Testing Site/a_Log in")): Object: 'Object Repository/Page_Automation Testing Site/a_Log in' is clicked on

2022-01-16 11:29:06 - [MESSAGE][PASSED] - Object: 'Object Repository/Page_Automation Testing Site/a_Log in' is clicked on

2022-01-16 11:29:06 - [TEST_STEP][PASSED] - setText(findTestObject("Object Repository/Page_Automation Testing Site Log in to the site/input_Username_username"), "admin"): Text 'admin' is set on object 'Object Repository/Page_Automation Testing Site Log in to the site/input_Username_username'

2022-01-16 11:29:07 - [MESSAGE][PASSED] - Text 'admin' is set on object 'Object Repository/Page_Automation Testing Site Log in to the site/input_Username_username'

2022-01-16 11:29:07 - [TEST_STEP][PASSED] - setEncryptedText(findTestObject("Object Repository/Page_Automation Testing Site Log in to the site/input_Password_password"), "cnpXG5HhkrZpEXzNIGBMZQ=="): Text ****** has been set on object 'Object Repository/Page_Automation Testing Site Log in to the site/input_Password_password'

2022-01-16 11:29:08 - [MESSAGE][PASSED] - Text ****** has been set on object 'Object Repository/Page_Automation Testing Site Log in to the site/input_Password_password'

2022-01-16 11:29:08 - [TEST_STEP][PASSED] - click(findTestObject("Object Repository/Page_Automation Testing Site Log in to the site/button_Log in")): Object: 'Object Repository/Page_Automation Testing Site Log in to the site/button_Log in' is clicked on

2022-01-16 11:29:09 - [MESSAGE][PASSED] - Object: 'Object Repository/Page_Automation Testing Site Log in to the site/button_Log in' is clicked on

2022-01-16 11:29:09 - [TEST_STEP][PASSED] - click(findTestObject("Object Repository/Page_Course and category management/span_Site administration")): Object: 'Object Repository/Page_Course and category management/span_Site administration' is clicked on

2022-01-16 11:29:11 - [MESSAGE][PASSED] - Object: 'Object Repository/Page_Course and category management/span_Site administration' is clicked on

2022-01-16 11:29:11 - [TEST_STEP][PASSED] - click(findTestObject("Object Repository/Page_SiteTesting Administration Search/a_Courses")): Object: 'Object Repository/Page_SiteTesting Administration Search/a_Courses' is clicked on

2022-01-16 11:29:12 - [MESSAGE][PASSED] - Object: 'Object Repository/Page_SiteTesting Administration Search/a_Courses' is clicked on

2022-01-16 11:29:12 - [TEST_STEP][PASSED] - click(findTestObject("Object Repository/Page_SiteTesting Administration Search/a_Manage courses and categories")): Object: 'Object Repository/Page_SiteTesting Administration Search/a_Manage courses and categories' is clicked on

2022-01-16 11:29:13 - [MESSAGE][PASSED] - Object: 'Object Repository/Page_SiteTesting Administration Search/a_Manage courses and categories' is clicked on

2022-01-16 11:29:13 - [TEST_STEP][PASSED] - click(findTestObject("Object Repository/Page_Course and category management/a_Create new course")): Object: 'Object Repository/Page_Course and category management/a_Create new course' is clicked on

2022-01-16 11:29:44 - [MESSAGE][INFO] - Unable to find the element located by 'By.xpath: //div[@id='yui_3_17_2_1_1642147506792_57']/div/div/a'. Please recheck the objects properties to make sure the desired element is located. 

2022-01-16 11:29:44 - [MESSAGE][WARNING] - [SELF-HEALING] Failed to find element with id 'Object Repository/Page_Course and category management/a_Create new course'. Try using Self-healing.

2022-01-16 11:29:45 - [MESSAGE][WARNING] - [SELF-HEALING] The current locator of test object 'Object Repository/Page_Course and category management/a_Create new course' was broken. Propose an alternative one: '//a[contains(text(),'Create new course')]'.

2022-01-16 11:29:46 - [MESSAGE][PASSED] - Object: 'Object Repository/Page_Course and category management/a_Create new course' is clicked on

2022-01-16 11:29:46 - [TEST_STEP][PASSED] - setText(findTestObject("Object Repository/Page_SiteTesting Add a new course/input_Course full name_fullname"), "CNTN"): Text 'CNTN' is set on object 'Object Repository/Page_SiteTesting Add a new course/input_Course full name_fullname'

2022-01-16 11:29:47 - [MESSAGE][PASSED] - Text 'CNTN' is set on object 'Object Repository/Page_SiteTesting Add a new course/input_Course full name_fullname'

2022-01-16 11:29:47 - [TEST_STEP][PASSED] - setText(findTestObject("Object Repository/Page_SiteTesting Add a new course/input_Course short name_shortname"), "cntn"): Text 'cntn' is set on object 'Object Repository/Page_SiteTesting Add a new course/input_Course short name_shortname'

2022-01-16 11:29:48 - [MESSAGE][PASSED] - Text 'cntn' is set on object 'Object Repository/Page_SiteTesting Add a new course/input_Course short name_shortname'

2022-01-16 11:29:48 - [TEST_STEP][PASSED] - click(findTestObject("Object Repository/Page_SiteTesting Add a new course/input__saveanddisplay")): Object: 'Object Repository/Page_SiteTesting Add a new course/input__saveanddisplay' is clicked on

2022-01-16 11:29:50 - [MESSAGE][PASSED] - Object: 'Object Repository/Page_SiteTesting Add a new course/input__saveanddisplay' is clicked on

2022-01-16 11:29:50 - [TEST_STEP][PASSED] - click(findTestObject("Object Repository/Page_Grades View/span_General")): Object: 'Object Repository/Page_Grades View/span_General' is clicked on

2022-01-16 11:29:51 - [MESSAGE][PASSED] - Object: 'Object Repository/Page_Grades View/span_General' is clicked on

2022-01-16 11:29:51 - [TEST_STEP][PASSED] - scrollToPosition(0, 0): Browser is scrolled to position x = 0, y = 0

2022-01-16 11:29:51 - [MESSAGE][PASSED] - Browser is scrolled to position x = 0, y = 0

2022-01-16 11:29:51 - [TEST_STEP][PASSED] - click(findTestObject("Object Repository/Page_Course CNTN/button_Turn editing on")): Object: 'Object Repository/Page_Course CNTN/button_Turn editing on' is clicked on

2022-01-16 11:29:52 - [MESSAGE][PASSED] - Object: 'Object Repository/Page_Course CNTN/button_Turn editing on' is clicked on

2022-01-16 11:29:52 - [TEST_STEP][PASSED] - click(findTestObject("Object Repository/Page_Course CNTN/span_Add an activity or resource")): Object: 'Object Repository/Page_Course CNTN/span_Add an activity or resource' is clicked on

2022-01-16 11:29:53 - [MESSAGE][PASSED] - Object: 'Object Repository/Page_Course CNTN/span_Add an activity or resource' is clicked on

2022-01-16 11:29:53 - [TEST_STEP][PASSED] - click(findTestObject("Object Repository/Page_Course CNTN/div_Assignment")): Object: 'Object Repository/Page_Course CNTN/div_Assignment' is clicked on

2022-01-16 11:30:24 - [MESSAGE][INFO] - Unable to find the element located by 'By.xpath: //div[@id='all-6']/div/div/div/a/div[2]'. Please recheck the objects properties to make sure the desired element is located. 

2022-01-16 11:30:24 - [MESSAGE][WARNING] - [SELF-HEALING] Failed to find element with id 'Object Repository/Page_Course CNTN/div_Assignment'. Try using Self-healing.

2022-01-16 11:30:25 - [MESSAGE][WARNING] - [SELF-HEALING] The current locator of test object 'Object Repository/Page_Course CNTN/div_Assignment' was broken. Propose an alternative one: '(.//*[normalize-space(text()) and normalize-space(.)='Recommended'])[1]/following::div[9]'.

2022-01-16 11:30:26 - [MESSAGE][PASSED] - Object: 'Object Repository/Page_Course CNTN/div_Assignment' is clicked on

2022-01-16 11:30:26 - [TEST_STEP][PASSED] - setText(findTestObject("Object Repository/Page_Editing Assignment/input_Assignment name_name"), "assignment test"): Text 'assignment test' is set on object 'Object Repository/Page_Editing Assignment/input_Assignment name_name'

2022-01-16 11:30:28 - [MESSAGE][PASSED] - Text 'assignment test' is set on object 'Object Repository/Page_Editing Assignment/input_Assignment name_name'

2022-01-16 11:30:28 - [TEST_STEP][PASSED] - click(findTestObject("Object Repository/Page_Editing Assignment/input_File submissions_assignsubmission_fil_19d1d4")): Object: 'Object Repository/Page_Editing Assignment/input_File submissions_assignsubmission_fil_19d1d4' is clicked on

2022-01-16 11:30:28 - [MESSAGE][PASSED] - Object: 'Object Repository/Page_Editing Assignment/input_File submissions_assignsubmission_fil_19d1d4' is clicked on

2022-01-16 11:30:28 - [TEST_STEP][PASSED] - click(findTestObject("Object Repository/Page_Editing Assignment/input_Online text_assignsubmission_onlinete_900d47")): Object: 'Object Repository/Page_Editing Assignment/input_Online text_assignsubmission_onlinete_900d47' is clicked on

2022-01-16 11:30:29 - [MESSAGE][PASSED] - Object: 'Object Repository/Page_Editing Assignment/input_Online text_assignsubmission_onlinete_900d47' is clicked on

2022-01-16 11:30:29 - [TEST_STEP][PASSED] - click(findTestObject("Object Repository/Page_Editing Assignment/input_Upon activity completion_submitbutton2")): Object: 'Object Repository/Page_Editing Assignment/input_Upon activity completion_submitbutton2' is clicked on

2022-01-16 11:30:30 - [MESSAGE][PASSED] - Object: 'Object Repository/Page_Editing Assignment/input_Upon activity completion_submitbutton2' is clicked on

2022-01-16 11:30:30 - [TEST_STEP][PASSED] - click(findTestObject("Object Repository/Page_Course CNTN/span_Add an activity or resource_1")): Object: 'Object Repository/Page_Course CNTN/span_Add an activity or resource_1' is clicked on

2022-01-16 11:31:01 - [MESSAGE][INFO] - Unable to find the element located by 'By.xpath: //span[@id='yui_3_17_2_1_1642138852412_644']'. Please recheck the objects properties to make sure the desired element is located. 

2022-01-16 11:31:01 - [MESSAGE][WARNING] - [SELF-HEALING] Failed to find element with id 'Object Repository/Page_Course CNTN/span_Add an activity or resource_1'. Try using Self-healing.

2022-01-16 11:31:02 - [MESSAGE][WARNING] - [SELF-HEALING] The current locator of test object 'Object Repository/Page_Course CNTN/span_Add an activity or resource_1' was broken. Propose an alternative one: '(.//*[normalize-space(text()) and normalize-space(.)='Add file(s) here'])[1]/following::span[1]'.

2022-01-16 11:31:02 - [MESSAGE][PASSED] - Object: 'Object Repository/Page_Course CNTN/span_Add an activity or resource_1' is clicked on

2022-01-16 11:31:02 - [TEST_STEP][PASSED] - click(findTestObject("Object Repository/Page_Course CNTN/div_Chat")): Object: 'Object Repository/Page_Course CNTN/div_Chat' is clicked on

2022-01-16 11:31:04 - [MESSAGE][PASSED] - Object: 'Object Repository/Page_Course CNTN/div_Chat' is clicked on

2022-01-16 11:31:04 - [TEST_STEP][PASSED] - setText(findTestObject("Object Repository/Page_Editing Chat/input_Name of this chat room_name"), "chat test"): Text 'chat test' is set on object 'Object Repository/Page_Editing Chat/input_Name of this chat room_name'

2022-01-16 11:31:05 - [MESSAGE][PASSED] - Text 'chat test' is set on object 'Object Repository/Page_Editing Chat/input_Name of this chat room_name'

2022-01-16 11:31:05 - [TEST_STEP][PASSED] - click(findTestObject("Object Repository/Page_Editing Chat/input_Upon activity completion_submitbutton2")): Object: 'Object Repository/Page_Editing Chat/input_Upon activity completion_submitbutton2' is clicked on

2022-01-16 11:31:06 - [MESSAGE][PASSED] - Object: 'Object Repository/Page_Editing Chat/input_Upon activity completion_submitbutton2' is clicked on

2022-01-16 11:31:06 - [TEST_STEP][PASSED] - click(findTestObject("Object Repository/Page_Course CNTN/span_Add an activity or resource_1_2_3")): Object: 'Object Repository/Page_Course CNTN/span_Add an activity or resource_1_2_3' is clicked on

2022-01-16 11:31:38 - [MESSAGE][INFO] - Unable to find the element located by 'By.xpath: //span[@id='yui_3_17_2_1_1642147556110_611']'. Please recheck the objects properties to make sure the desired element is located. 

2022-01-16 11:31:38 - [MESSAGE][WARNING] - [SELF-HEALING] Failed to find element with id 'Object Repository/Page_Course CNTN/span_Add an activity or resource_1_2_3'. Try using Self-healing.

2022-01-16 11:31:38 - [MESSAGE][WARNING] - [SELF-HEALING] The current locator of test object 'Object Repository/Page_Course CNTN/span_Add an activity or resource_1_2_3' was broken. Propose an alternative one: '(.//*[normalize-space(text()) and normalize-space(.)='Add file(s) here'])[1]/following::span[1]'.

2022-01-16 11:31:38 - [MESSAGE][PASSED] - Object: 'Object Repository/Page_Course CNTN/span_Add an activity or resource_1_2_3' is clicked on

2022-01-16 11:31:38 - [TEST_STEP][PASSED] - click(findTestObject("Object Repository/Page_Course CNTN/div_Forum")): Object: 'Object Repository/Page_Course CNTN/div_Forum' is clicked on

2022-01-16 11:31:40 - [MESSAGE][PASSED] - Object: 'Object Repository/Page_Course CNTN/div_Forum' is clicked on

2022-01-16 11:31:40 - [TEST_STEP][PASSED] - setText(findTestObject("Object Repository/Page_Editing Forum/input_Forum name_name"), "forum test"): Text 'forum test' is set on object 'Object Repository/Page_Editing Forum/input_Forum name_name'

2022-01-16 11:31:42 - [MESSAGE][PASSED] - Text 'forum test' is set on object 'Object Repository/Page_Editing Forum/input_Forum name_name'

2022-01-16 11:31:42 - [TEST_STEP][PASSED] - click(findTestObject("Object Repository/Page_Editing Forum/input_Upon activity completion_submitbutton2")): Object: 'Object Repository/Page_Editing Forum/input_Upon activity completion_submitbutton2' is clicked on

2022-01-16 11:31:43 - [MESSAGE][PASSED] - Object: 'Object Repository/Page_Editing Forum/input_Upon activity completion_submitbutton2' is clicked on

2022-01-16 11:31:43 - [TEST_STEP][PASSED] - closeBrowser(): Browser is closed

2022-01-16 11:31:44 - [MESSAGE][PASSED] - Browser is closed]]></system-out>
         <system-err><![CDATA[]]></system-err>
      </testcase>
      <testcase name="Test Cases/Student/1. Join class" time="148.09" classname="Test Cases/Student/1. Join class" status="PASSED">
         <system-out><![CDATA[2022-01-16 11:31:44 - [TEST_CASE][PASSED] - Test Cases/Student/1. Join class: Test Cases/Student/1. Join class

2022-01-16 11:31:44 - [TEST_STEP][PASSED] - openBrowser(""): Browser is opened with url: ''

2022-01-16 11:31:44 - [MESSAGE][INFO] - Starting 'Edge Chromium' driver

2022-01-16 11:31:46 - [MESSAGE][INFO] - Action delay is set to 0 milliseconds

2022-01-16 11:31:47 - [MESSAGE][PASSED] - Browser is opened with url: ''

2022-01-16 11:31:47 - [TEST_STEP][PASSED] - navigateToUrl("http://localhost/"): Navigate to 'http://localhost/' successfully

2022-01-16 11:31:48 - [MESSAGE][PASSED] - Navigate to 'http://localhost/' successfully

2022-01-16 11:31:48 - [TEST_STEP][PASSED] - click(findTestObject("Object Repository/Page_Automation Testing Site/a_Log in")): Object: 'Object Repository/Page_Automation Testing Site/a_Log in' is clicked on

2022-01-16 11:31:48 - [MESSAGE][PASSED] - Object: 'Object Repository/Page_Automation Testing Site/a_Log in' is clicked on

2022-01-16 11:31:48 - [TEST_STEP][PASSED] - setText(findTestObject("Object Repository/Page_Automation Testing Site Log in to the site/input_Username_username"), "admin"): Text 'admin' is set on object 'Object Repository/Page_Automation Testing Site Log in to the site/input_Username_username'

2022-01-16 11:31:49 - [MESSAGE][PASSED] - Text 'admin' is set on object 'Object Repository/Page_Automation Testing Site Log in to the site/input_Username_username'

2022-01-16 11:31:49 - [TEST_STEP][PASSED] - setEncryptedText(findTestObject("Object Repository/Page_Automation Testing Site Log in to the site/input_Password_password"), "cnpXG5HhkrZpEXzNIGBMZQ=="): Text ****** has been set on object 'Object Repository/Page_Automation Testing Site Log in to the site/input_Password_password'

2022-01-16 11:31:50 - [MESSAGE][PASSED] - Text ****** has been set on object 'Object Repository/Page_Automation Testing Site Log in to the site/input_Password_password'

2022-01-16 11:31:50 - [TEST_STEP][PASSED] - click(findTestObject("Object Repository/Page_Automation Testing Site Log in to the site/button_Log in")): Object: 'Object Repository/Page_Automation Testing Site Log in to the site/button_Log in' is clicked on

2022-01-16 11:31:51 - [MESSAGE][PASSED] - Object: 'Object Repository/Page_Automation Testing Site Log in to the site/button_Log in' is clicked on

2022-01-16 11:31:51 - [TEST_STEP][PASSED] - click(findTestObject("Object Repository/Page_Dashboard/span_Site administration")): Object: 'Object Repository/Page_Dashboard/span_Site administration' is clicked on

2022-01-16 11:31:53 - [MESSAGE][PASSED] - Object: 'Object Repository/Page_Dashboard/span_Site administration' is clicked on

2022-01-16 11:31:53 - [TEST_STEP][PASSED] - click(findTestObject("Object Repository/Page_SiteTesting Administration Search/a_Users")): Object: 'Object Repository/Page_SiteTesting Administration Search/a_Users' is clicked on

2022-01-16 11:31:53 - [MESSAGE][PASSED] - Object: 'Object Repository/Page_SiteTesting Administration Search/a_Users' is clicked on

2022-01-16 11:31:53 - [TEST_STEP][PASSED] - click(findTestObject("Object Repository/Page_SiteTesting Administration Search/a_Add a new user")): Object: 'Object Repository/Page_SiteTesting Administration Search/a_Add a new user' is clicked on

2022-01-16 11:31:55 - [MESSAGE][PASSED] - Object: 'Object Repository/Page_SiteTesting Administration Search/a_Add a new user' is clicked on

2022-01-16 11:31:55 - [TEST_STEP][PASSED] - setText(findTestObject("Object Repository/Page_SiteTesting Administration Users Accou_a8eb60/input_Username_username"), "student"): Text 'student' is set on object 'Object Repository/Page_SiteTesting Administration Users Accou_a8eb60/input_Username_username'

2022-01-16 11:31:56 - [MESSAGE][PASSED] - Text 'student' is set on object 'Object Repository/Page_SiteTesting Administration Users Accou_a8eb60/input_Username_username'

2022-01-16 11:31:56 - [TEST_STEP][PASSED] - click(findTestObject("Object Repository/Page_SiteTesting Administration Users Accou_a8eb60/em_Click to enter text")): Object: 'Object Repository/Page_SiteTesting Administration Users Accou_a8eb60/em_Click to enter text' is clicked on

2022-01-16 11:32:27 - [MESSAGE][INFO] - Unable to find the element located by 'By.xpath: //a[@id='yui_3_17_2_1_1642121855075_766']/span/span/em'. Please recheck the objects properties to make sure the desired element is located. 

2022-01-16 11:32:27 - [MESSAGE][WARNING] - [SELF-HEALING] Failed to find element with id 'Object Repository/Page_SiteTesting Administration Users Accou_a8eb60/em_Click to enter text'. Try using Self-healing.

2022-01-16 11:32:28 - [MESSAGE][WARNING] - [SELF-HEALING] The current locator of test object 'Object Repository/Page_SiteTesting Administration Users Accou_a8eb60/em_Click to enter text' was broken. Propose an alternative one: '(.//*[normalize-space(text()) and normalize-space(.)='New password'])[1]/following::em[1]'.

2022-01-16 11:32:28 - [MESSAGE][PASSED] - Object: 'Object Repository/Page_SiteTesting Administration Users Accou_a8eb60/em_Click to enter text' is clicked on

2022-01-16 11:32:28 - [TEST_STEP][PASSED] - setEncryptedText(findTestObject("Object Repository/Page_SiteTesting Administration Users Accou_a8eb60/input_New password_newpassword"), "cnpXG5HhkrZpEXzNIGBMZQ=="): Text ****** has been set on object 'Object Repository/Page_SiteTesting Administration Users Accou_a8eb60/input_New password_newpassword'

2022-01-16 11:32:28 - [MESSAGE][PASSED] - Text ****** has been set on object 'Object Repository/Page_SiteTesting Administration Users Accou_a8eb60/input_New password_newpassword'

2022-01-16 11:32:28 - [TEST_STEP][PASSED] - setText(findTestObject("Object Repository/Page_SiteTesting Administration Users Accou_a8eb60/input_First name_firstname"), "a"): Text 'a' is set on object 'Object Repository/Page_SiteTesting Administration Users Accou_a8eb60/input_First name_firstname'

2022-01-16 11:32:29 - [MESSAGE][PASSED] - Text 'a' is set on object 'Object Repository/Page_SiteTesting Administration Users Accou_a8eb60/input_First name_firstname'

2022-01-16 11:32:29 - [TEST_STEP][PASSED] - setText(findTestObject("Object Repository/Page_SiteTesting Administration Users Accou_a8eb60/input_Surname_lastname"), "b"): Text 'b' is set on object 'Object Repository/Page_SiteTesting Administration Users Accou_a8eb60/input_Surname_lastname'

2022-01-16 11:32:30 - [MESSAGE][PASSED] - Text 'b' is set on object 'Object Repository/Page_SiteTesting Administration Users Accou_a8eb60/input_Surname_lastname'

2022-01-16 11:32:30 - [TEST_STEP][PASSED] - setText(findTestObject("Object Repository/Page_SiteTesting Administration Users Accou_a8eb60/input_Email address_email"), "c@gmail.com"): Text 'c@gmail.com' is set on object 'Object Repository/Page_SiteTesting Administration Users Accou_a8eb60/input_Email address_email'

2022-01-16 11:32:31 - [MESSAGE][PASSED] - Text 'c@gmail.com' is set on object 'Object Repository/Page_SiteTesting Administration Users Accou_a8eb60/input_Email address_email'

2022-01-16 11:32:31 - [TEST_STEP][PASSED] - click(findTestObject("Object Repository/Page_SiteTesting Administration Users Accou_a8eb60/input_Address_submitbutton")): Object: 'Object Repository/Page_SiteTesting Administration Users Accou_a8eb60/input_Address_submitbutton' is clicked on

2022-01-16 11:32:33 - [MESSAGE][PASSED] - Object: 'Object Repository/Page_SiteTesting Administration Users Accou_a8eb60/input_Address_submitbutton' is clicked on

2022-01-16 11:32:33 - [TEST_STEP][PASSED] - click(findTestObject("Object Repository/Page_SiteTesting Administration Search/span_Site home")): Object: 'Object Repository/Page_SiteTesting Administration Search/span_Site home' is clicked on

2022-01-16 11:32:34 - [MESSAGE][PASSED] - Object: 'Object Repository/Page_SiteTesting Administration Search/span_Site home' is clicked on

2022-01-16 11:32:34 - [TEST_STEP][PASSED] - click(findTestObject("Object Repository/Page_Automation Testing Site/a_CNTN")): Object: 'Object Repository/Page_Automation Testing Site/a_CNTN' is clicked on

2022-01-16 11:32:35 - [MESSAGE][PASSED] - Object: 'Object Repository/Page_Automation Testing Site/a_CNTN' is clicked on

2022-01-16 11:32:35 - [TEST_STEP][PASSED] - click(findTestObject("Object Repository/Page_Course CNTN/span_Participants")): Object: 'Object Repository/Page_Course CNTN/span_Participants' is clicked on

2022-01-16 11:32:35 - [MESSAGE][PASSED] - Object: 'Object Repository/Page_Course CNTN/span_Participants' is clicked on

2022-01-16 11:32:35 - [TEST_STEP][PASSED] - click(findTestObject("Object Repository/Page_cntn Participants/input_Participants_btn btn-secondary my-1")): Object: 'Object Repository/Page_cntn Participants/input_Participants_btn btn-secondary my-1' is clicked on

2022-01-16 11:32:36 - [MESSAGE][PASSED] - Object: 'Object Repository/Page_cntn Participants/input_Participants_btn btn-secondary my-1' is clicked on

2022-01-16 11:32:36 - [TEST_STEP][PASSED] - click(findTestObject("Object Repository/Page_cntn Participants/span_")): Object: 'Object Repository/Page_cntn Participants/span_' is clicked on

2022-01-16 11:33:07 - [MESSAGE][INFO] - Unable to find the element located by 'By.xpath: //span[@id='form_autocomplete_downarrow-1642122004951']'. Please recheck the objects properties to make sure the desired element is located. 

2022-01-16 11:33:07 - [MESSAGE][WARNING] - [SELF-HEALING] Failed to find element with id 'Object Repository/Page_cntn Participants/span_'. Try using Self-healing.

2022-01-16 11:33:07 - [MESSAGE][WARNING] - [SELF-HEALING] The current locator of test object 'Object Repository/Page_cntn Participants/span_' was broken. Propose an alternative one: '//div[@id='fitem_id_userlist']/div[2]/div[3]/span'.

2022-01-16 11:33:08 - [MESSAGE][PASSED] - Object: 'Object Repository/Page_cntn Participants/span_' is clicked on

2022-01-16 11:33:08 - [TEST_STEP][PASSED] - click(findTestObject("Object Repository/Page_cntn Participants/small_cgmail.com")): Object: 'Object Repository/Page_cntn Participants/small_cgmail.com' is clicked on

2022-01-16 11:33:39 - [MESSAGE][INFO] - Unable to find the element located by 'By.xpath: //li[@id='form_autocomplete_suggestions-1642122004951-0']/span/span[2]/small'. Please recheck the objects properties to make sure the desired element is located. 

2022-01-16 11:33:39 - [MESSAGE][WARNING] - [SELF-HEALING] Failed to find element with id 'Object Repository/Page_cntn Participants/small_cgmail.com'. Try using Self-healing.

2022-01-16 11:33:39 - [MESSAGE][WARNING] - [SELF-HEALING] The current locator of test object 'Object Repository/Page_cntn Participants/small_cgmail.com' was broken. Propose an alternative one: '(.//*[normalize-space(text()) and normalize-space(.)='a b'])[2]/following::small[1]'.

2022-01-16 11:33:39 - [MESSAGE][PASSED] - Object: 'Object Repository/Page_cntn Participants/small_cgmail.com' is clicked on

2022-01-16 11:33:39 - [TEST_STEP][PASSED] - click(findTestObject("Object Repository/Page_cntn Participants/button_Enrol users")): Object: 'Object Repository/Page_cntn Participants/button_Enrol users' is clicked on

2022-01-16 11:34:11 - [MESSAGE][INFO] - Unable to find the element located by 'By.xpath: //button[@id='yui_3_17_2_1_1642122004793_252']'. Please recheck the objects properties to make sure the desired element is located. 

2022-01-16 11:34:11 - [MESSAGE][WARNING] - [SELF-HEALING] Failed to find element with id 'Object Repository/Page_cntn Participants/button_Enrol users'. Try using Self-healing.

2022-01-16 11:34:11 - [MESSAGE][WARNING] - [SELF-HEALING] The current locator of test object 'Object Repository/Page_cntn Participants/button_Enrol users' was broken. Propose an alternative one: '(.//*[normalize-space(text()) and normalize-space(.)='Minute'])[1]/following::button[1]'.

2022-01-16 11:34:11 - [MESSAGE][PASSED] - Object: 'Object Repository/Page_cntn Participants/button_Enrol users' is clicked on

2022-01-16 11:34:11 - [TEST_STEP][PASSED] - closeBrowser(): Browser is closed

2022-01-16 11:34:12 - [MESSAGE][PASSED] - Browser is closed]]></system-out>
         <system-err><![CDATA[]]></system-err>
      </testcase>
      <testcase name="Test Cases/Student/3. Calendar/1. create calendar event" time="75.694" classname="Test Cases/Student/3. Calendar/1. create calendar event" status="PASSED">
         <system-out><![CDATA[2022-01-16 11:34:12 - [TEST_CASE][PASSED] - Test Cases/Student/3. Calendar/1. create calendar event: Test Cases/Student/3. Calendar/1. create calendar event

2022-01-16 11:34:12 - [TEST_STEP][PASSED] - callTestCase(findTestCase("Student/2. Login as student"), [:], STOP_ON_FAILURE): Call Test Case 'Test Cases/Student/2. Login as student' successfully

2022-01-16 11:34:12 - [TEST_CASE][PASSED] - Test Cases/Student/2. Login as student: Test Cases/Student/2. Login as student

2022-01-16 11:34:12 - [TEST_STEP][PASSED] - openBrowser(""): Browser is opened with url: ''

2022-01-16 11:34:12 - [MESSAGE][INFO] - Starting 'Edge Chromium' driver

2022-01-16 11:34:15 - [MESSAGE][INFO] - Action delay is set to 0 milliseconds

2022-01-16 11:34:15 - [MESSAGE][PASSED] - Browser is opened with url: ''

2022-01-16 11:34:15 - [TEST_STEP][PASSED] - navigateToUrl("http://localhost/"): Navigate to 'http://localhost/' successfully

2022-01-16 11:34:16 - [MESSAGE][PASSED] - Navigate to 'http://localhost/' successfully

2022-01-16 11:34:16 - [TEST_STEP][PASSED] - click(findTestObject("Object Repository/Page_Automation Testing Site/a_Log in")): Object: 'Object Repository/Page_Automation Testing Site/a_Log in' is clicked on

2022-01-16 11:34:17 - [MESSAGE][PASSED] - Object: 'Object Repository/Page_Automation Testing Site/a_Log in' is clicked on

2022-01-16 11:34:17 - [TEST_STEP][PASSED] - setText(findTestObject("Object Repository/Page_Automation Testing Site Log in to the site/input_Username_username"), "student"): Text 'student' is set on object 'Object Repository/Page_Automation Testing Site Log in to the site/input_Username_username'

2022-01-16 11:34:18 - [MESSAGE][PASSED] - Text 'student' is set on object 'Object Repository/Page_Automation Testing Site Log in to the site/input_Username_username'

2022-01-16 11:34:18 - [TEST_STEP][PASSED] - setEncryptedText(findTestObject("Object Repository/Page_Automation Testing Site Log in to the site/input_Password_password"), "cnpXG5HhkrZpEXzNIGBMZQ=="): Text ****** has been set on object 'Object Repository/Page_Automation Testing Site Log in to the site/input_Password_password'

2022-01-16 11:34:18 - [MESSAGE][PASSED] - Text ****** has been set on object 'Object Repository/Page_Automation Testing Site Log in to the site/input_Password_password'

2022-01-16 11:34:18 - [TEST_STEP][PASSED] - click(findTestObject("Object Repository/Page_Automation Testing Site Log in to the site/button_Log in")): Object: 'Object Repository/Page_Automation Testing Site Log in to the site/button_Log in' is clicked on

2022-01-16 11:34:20 - [MESSAGE][PASSED] - Object: 'Object Repository/Page_Automation Testing Site Log in to the site/button_Log in' is clicked on

2022-01-16 11:34:20 - [TEST_STEP][PASSED] - click(findTestObject("Object Repository/Page_Dashboard/span_Site home")): Object: 'Object Repository/Page_Dashboard/span_Site home' is clicked on

2022-01-16 11:34:51 - [MESSAGE][INFO] - Unable to find the element located by 'By.xpath: '. Please recheck the objects properties to make sure the desired element is located. 

2022-01-16 11:34:51 - [MESSAGE][WARNING] - [SELF-HEALING] Failed to find element with id 'Object Repository/Page_Dashboard/span_Site home'. Try using Self-healing.

2022-01-16 11:34:51 - [MESSAGE][WARNING] - [SELF-HEALING] The current locator of test object 'Object Repository/Page_Dashboard/span_Site home' was broken. Propose an alternative one: '//div[@id='nav-drawer']/nav/ul/li[2]/a/div/div/span[2]'.

2022-01-16 11:34:51 - [MESSAGE][PASSED] - Object: 'Object Repository/Page_Dashboard/span_Site home' is clicked on

2022-01-16 11:34:51 - [TEST_STEP][PASSED] - click(findTestObject("Object Repository/Page_Automation Testing Site/a_CNTN")): Object: 'Object Repository/Page_Automation Testing Site/a_CNTN' is clicked on

2022-01-16 11:34:52 - [MESSAGE][PASSED] - Object: 'Object Repository/Page_Automation Testing Site/a_CNTN' is clicked on

2022-01-16 11:34:52 - [MESSAGE][INFO] - 

2022-01-16 11:34:52 - [MESSAGE][INFO] - ===================== Self-healing Report ====================

2022-01-16 11:34:52 - [MESSAGE][INFO] - One of the failed test object locators has been recovered by Self-healing. Please refer to the Self-healing Insights tab for more details.

2022-01-16 11:34:52 - [MESSAGE][INFO] - To learn more about Self-healing, please read https://docs.katalon.com/katalon-studio/docs/self-healing.html

2022-01-16 11:34:52 - [MESSAGE][INFO] - ==============================================================

2022-01-16 11:34:52 - [MESSAGE][PASSED] - Call Test Case 'Test Cases/Student/2. Login as student' successfully

2022-01-16 11:34:52 - [TEST_STEP][PASSED] - navigateToUrl("http://localhost/calendar/view.php?view=month"): Navigate to 'http://localhost/calendar/view.php?view=month' successfully

2022-01-16 11:34:53 - [MESSAGE][PASSED] - Navigate to 'http://localhost/calendar/view.php?view=month' successfully

2022-01-16 11:34:53 - [TEST_STEP][PASSED] - click(findTestObject("Object Repository/Page_SiteTesting Calendar Detailed month vi_90ebed/button_New event")): Object: 'Object Repository/Page_SiteTesting Calendar Detailed month vi_90ebed/button_New event' is clicked on

2022-01-16 11:34:54 - [MESSAGE][PASSED] - Object: 'Object Repository/Page_SiteTesting Calendar Detailed month vi_90ebed/button_New event' is clicked on

2022-01-16 11:34:54 - [TEST_STEP][PASSED] - setText(findTestObject("Object Repository/Page_SiteTesting Calendar Detailed month vi_90ebed/input_Event title_name"), "new"): Text 'new' is set on object 'Object Repository/Page_SiteTesting Calendar Detailed month vi_90ebed/input_Event title_name'

2022-01-16 11:34:55 - [MESSAGE][PASSED] - Text 'new' is set on object 'Object Repository/Page_SiteTesting Calendar Detailed month vi_90ebed/input_Event title_name'

2022-01-16 11:34:55 - [TEST_STEP][PASSED] - click(findTestObject("Object Repository/Page_SiteTesting Calendar Detailed month vi_90ebed/button_Save")): Object: 'Object Repository/Page_SiteTesting Calendar Detailed month vi_90ebed/button_Save' is clicked on

2022-01-16 11:35:26 - [MESSAGE][INFO] - Unable to find the element located by 'By.xpath: //button[@type = 'button' and @class = 'btn btn-primary' and @data-action = 'save' and (text() = '

            Save
            
                
                
                
            
        ' or . = '

            Save
            
                
                
                
            
        ')]'. Please recheck the objects properties to make sure the desired element is located. 

2022-01-16 11:35:26 - [MESSAGE][WARNING] - [SELF-HEALING] Failed to find element with id 'Object Repository/Page_SiteTesting Calendar Detailed month vi_90ebed/button_Save'. Try using Self-healing.

2022-01-16 11:35:27 - [MESSAGE][WARNING] - [SELF-HEALING] The current locator of test object 'Object Repository/Page_SiteTesting Calendar Detailed month vi_90ebed/button_Save' was broken. Propose an alternative one: '(.//*[normalize-space(text()) and normalize-space(.)='Repeat weekly, creating altogether'])[1]/following::button[1]'.

2022-01-16 11:35:27 - [MESSAGE][PASSED] - Object: 'Object Repository/Page_SiteTesting Calendar Detailed month vi_90ebed/button_Save' is clicked on

2022-01-16 11:35:27 - [TEST_STEP][PASSED] - closeBrowser(): Browser is closed

2022-01-16 11:35:28 - [MESSAGE][PASSED] - Browser is closed]]></system-out>
         <system-err><![CDATA[]]></system-err>
      </testcase>
      <testcase name="Test Cases/Student/3. Calendar/2. create and delete calendar" time="168.348" classname="Test Cases/Student/3. Calendar/2. create and delete calendar" status="PASSED">
         <system-out><![CDATA[2022-01-16 11:35:28 - [TEST_CASE][PASSED] - Test Cases/Student/3. Calendar/2. create and delete calendar: Test Cases/Student/3. Calendar/2. create and delete calendar

2022-01-16 11:35:28 - [TEST_STEP][PASSED] - openBrowser(""): Browser is opened with url: ''

2022-01-16 11:35:28 - [MESSAGE][INFO] - Starting 'Edge Chromium' driver

2022-01-16 11:35:30 - [MESSAGE][INFO] - Action delay is set to 0 milliseconds

2022-01-16 11:35:31 - [MESSAGE][PASSED] - Browser is opened with url: ''

2022-01-16 11:35:31 - [TEST_STEP][PASSED] - navigateToUrl("http://localhost/"): Navigate to 'http://localhost/' successfully

2022-01-16 11:35:32 - [MESSAGE][PASSED] - Navigate to 'http://localhost/' successfully

2022-01-16 11:35:32 - [TEST_STEP][PASSED] - click(findTestObject("Object Repository/Page_Automation Testing Site/a_Log in")): Object: 'Object Repository/Page_Automation Testing Site/a_Log in' is clicked on

2022-01-16 11:35:32 - [MESSAGE][PASSED] - Object: 'Object Repository/Page_Automation Testing Site/a_Log in' is clicked on

2022-01-16 11:35:32 - [TEST_STEP][PASSED] - setText(findTestObject("Object Repository/Page_Automation Testing Site Log in to the site/input_Username_username"), "student"): Text 'student' is set on object 'Object Repository/Page_Automation Testing Site Log in to the site/input_Username_username'

2022-01-16 11:35:33 - [MESSAGE][PASSED] - Text 'student' is set on object 'Object Repository/Page_Automation Testing Site Log in to the site/input_Username_username'

2022-01-16 11:35:33 - [TEST_STEP][PASSED] - setEncryptedText(findTestObject("Object Repository/Page_Automation Testing Site Log in to the site/input_Password_password"), "cnpXG5HhkrZpEXzNIGBMZQ=="): Text ****** has been set on object 'Object Repository/Page_Automation Testing Site Log in to the site/input_Password_password'

2022-01-16 11:35:34 - [MESSAGE][PASSED] - Text ****** has been set on object 'Object Repository/Page_Automation Testing Site Log in to the site/input_Password_password'

2022-01-16 11:35:34 - [TEST_STEP][PASSED] - click(findTestObject("Object Repository/Page_Automation Testing Site Log in to the site/button_Log in")): Object: 'Object Repository/Page_Automation Testing Site Log in to the site/button_Log in' is clicked on

2022-01-16 11:35:35 - [MESSAGE][PASSED] - Object: 'Object Repository/Page_Automation Testing Site Log in to the site/button_Log in' is clicked on

2022-01-16 11:35:35 - [TEST_STEP][PASSED] - click(findTestObject("Object Repository/CreateAndDeleteEvent/Page_Dashboard/span_Calendar")): Object: 'Object Repository/CreateAndDeleteEvent/Page_Dashboard/span_Calendar' is clicked on

2022-01-16 11:35:37 - [MESSAGE][PASSED] - Object: 'Object Repository/CreateAndDeleteEvent/Page_Dashboard/span_Calendar' is clicked on

2022-01-16 11:35:37 - [TEST_STEP][PASSED] - click(findTestObject("Object Repository/CreateAndDeleteEvent/Page_SiteTesting Calendar Detailed month vi_90ebed/button_New event")): Object: 'Object Repository/CreateAndDeleteEvent/Page_SiteTesting Calendar Detailed month vi_90ebed/button_New event' is clicked on

2022-01-16 11:36:08 - [MESSAGE][INFO] - Unable to find the element located by 'By.xpath: //div[@id='calendar-month-61e37021be34e61e370219286d15']/div/button'. Please recheck the objects properties to make sure the desired element is located. 

2022-01-16 11:36:08 - [MESSAGE][WARNING] - [SELF-HEALING] Failed to find element with id 'Object Repository/CreateAndDeleteEvent/Page_SiteTesting Calendar Detailed month vi_90ebed/button_New event'. Try using Self-healing.

2022-01-16 11:36:08 - [MESSAGE][WARNING] - [SELF-HEALING] The current locator of test object 'Object Repository/CreateAndDeleteEvent/Page_SiteTesting Calendar Detailed month vi_90ebed/button_New event' was broken. Propose an alternative one: '(.//*[normalize-space(text()) and normalize-space(.)='List of courses'])[1]/following::button[1]'.

2022-01-16 11:36:08 - [MESSAGE][PASSED] - Object: 'Object Repository/CreateAndDeleteEvent/Page_SiteTesting Calendar Detailed month vi_90ebed/button_New event' is clicked on

2022-01-16 11:36:08 - [TEST_STEP][PASSED] - setText(findTestObject("Object Repository/CreateAndDeleteEvent/Page_SiteTesting Calendar Detailed month vi_90ebed/input_Event title_name"), "Deadline"): Text 'Deadline' is set on object 'Object Repository/CreateAndDeleteEvent/Page_SiteTesting Calendar Detailed month vi_90ebed/input_Event title_name'

2022-01-16 11:36:10 - [MESSAGE][PASSED] - Text 'Deadline' is set on object 'Object Repository/CreateAndDeleteEvent/Page_SiteTesting Calendar Detailed month vi_90ebed/input_Event title_name'

2022-01-16 11:36:10 - [TEST_STEP][PASSED] - click(findTestObject("Object Repository/CreateAndDeleteEvent/Page_SiteTesting Calendar Detailed month vi_90ebed/button_Save")): Object: 'Object Repository/CreateAndDeleteEvent/Page_SiteTesting Calendar Detailed month vi_90ebed/button_Save' is clicked on

2022-01-16 11:36:41 - [MESSAGE][INFO] - Unable to find the element located by 'By.xpath: //button[@id='yui_3_17_2_1_1642295329780_1151']'. Please recheck the objects properties to make sure the desired element is located. 

2022-01-16 11:36:41 - [MESSAGE][WARNING] - [SELF-HEALING] Failed to find element with id 'Object Repository/CreateAndDeleteEvent/Page_SiteTesting Calendar Detailed month vi_90ebed/button_Save'. Try using Self-healing.

2022-01-16 11:36:41 - [MESSAGE][WARNING] - [SELF-HEALING] The current locator of test object 'Object Repository/CreateAndDeleteEvent/Page_SiteTesting Calendar Detailed month vi_90ebed/button_Save' was broken. Propose an alternative one: '(.//*[normalize-space(text()) and normalize-space(.)='Repeat weekly, creating altogether'])[1]/following::button[1]'.

2022-01-16 11:36:41 - [MESSAGE][PASSED] - Object: 'Object Repository/CreateAndDeleteEvent/Page_SiteTesting Calendar Detailed month vi_90ebed/button_Save' is clicked on

2022-01-16 11:36:41 - [TEST_STEP][PASSED] - click(findTestObject("Object Repository/CreateAndDeleteEvent/Page_SiteTesting Calendar Detailed month vi_90ebed/span_Deadline")): Object: 'Object Repository/CreateAndDeleteEvent/Page_SiteTesting Calendar Detailed month vi_90ebed/span_Deadline' is clicked on

2022-01-16 11:37:13 - [MESSAGE][INFO] - Unable to find the element located by 'By.xpath: //a[@id='yui_3_17_2_1_1642295329780_1883']/span[2]'. Please recheck the objects properties to make sure the desired element is located. 

2022-01-16 11:37:13 - [MESSAGE][WARNING] - [SELF-HEALING] Failed to find element with id 'Object Repository/CreateAndDeleteEvent/Page_SiteTesting Calendar Detailed month vi_90ebed/span_Deadline'. Try using Self-healing.

2022-01-16 11:37:13 - [MESSAGE][WARNING] - [SELF-HEALING] The current locator of test object 'Object Repository/CreateAndDeleteEvent/Page_SiteTesting Calendar Detailed month vi_90ebed/span_Deadline' was broken. Propose an alternative one: '(.//*[normalize-space(text()) and normalize-space(.)='new'])[1]/following::span[2]'.

2022-01-16 11:37:13 - [MESSAGE][PASSED] - Object: 'Object Repository/CreateAndDeleteEvent/Page_SiteTesting Calendar Detailed month vi_90ebed/span_Deadline' is clicked on

2022-01-16 11:37:13 - [TEST_STEP][PASSED] - click(findTestObject("Object Repository/CreateAndDeleteEvent/Page_SiteTesting Calendar Detailed month vi_90ebed/button_Delete")): Object: 'Object Repository/CreateAndDeleteEvent/Page_SiteTesting Calendar Detailed month vi_90ebed/button_Delete' is clicked on

2022-01-16 11:37:44 - [MESSAGE][INFO] - Unable to find the element located by 'By.xpath: //button[@id='yui_3_17_2_1_1642295329780_1905']'. Please recheck the objects properties to make sure the desired element is located. 

2022-01-16 11:37:44 - [MESSAGE][WARNING] - [SELF-HEALING] Failed to find element with id 'Object Repository/CreateAndDeleteEvent/Page_SiteTesting Calendar Detailed month vi_90ebed/button_Delete'. Try using Self-healing.

2022-01-16 11:37:44 - [MESSAGE][WARNING] - [SELF-HEALING] The current locator of test object 'Object Repository/CreateAndDeleteEvent/Page_SiteTesting Calendar Detailed month vi_90ebed/button_Delete' was broken. Propose an alternative one: '(.//*[normalize-space(text()) and normalize-space(.)='User event'])[1]/following::button[1]'.

2022-01-16 11:37:44 - [MESSAGE][PASSED] - Object: 'Object Repository/CreateAndDeleteEvent/Page_SiteTesting Calendar Detailed month vi_90ebed/button_Delete' is clicked on

2022-01-16 11:37:44 - [TEST_STEP][PASSED] - click(findTestObject("Object Repository/CreateAndDeleteEvent/Page_SiteTesting Calendar Detailed month vi_90ebed/button_Delete event")): Object: 'Object Repository/CreateAndDeleteEvent/Page_SiteTesting Calendar Detailed month vi_90ebed/button_Delete event' is clicked on

2022-01-16 11:38:16 - [MESSAGE][INFO] - Unable to find the element located by 'By.xpath: //button[@id='yui_3_17_2_1_1642295329780_1925']'. Please recheck the objects properties to make sure the desired element is located. 

2022-01-16 11:38:16 - [MESSAGE][WARNING] - [SELF-HEALING] Failed to find element with id 'Object Repository/CreateAndDeleteEvent/Page_SiteTesting Calendar Detailed month vi_90ebed/button_Delete event'. Try using Self-healing.

2022-01-16 11:38:16 - [MESSAGE][WARNING] - [SELF-HEALING] The current locator of test object 'Object Repository/CreateAndDeleteEvent/Page_SiteTesting Calendar Detailed month vi_90ebed/button_Delete event' was broken. Propose an alternative one: '(.//*[normalize-space(text()) and normalize-space(.)=concat('Are you sure you want to delete the ', '"', 'Deadline', '"', ' event?')])[1]/following::button[1]'.

2022-01-16 11:38:16 - [MESSAGE][PASSED] - Object: 'Object Repository/CreateAndDeleteEvent/Page_SiteTesting Calendar Detailed month vi_90ebed/button_Delete event' is clicked on]]></system-out>
         <system-err><![CDATA[]]></system-err>
      </testcase>
      <testcase name="Test Cases/Student/3. Calendar/3. create calendar empty title" time="75.219" classname="Test Cases/Student/3. Calendar/3. create calendar empty title" status="PASSED">
         <system-out><![CDATA[2022-01-16 11:38:16 - [TEST_CASE][PASSED] - Test Cases/Student/3. Calendar/3. create calendar empty title: Test Cases/Student/3. Calendar/3. create calendar empty title

2022-01-16 11:38:16 - [TEST_STEP][PASSED] - callTestCase(findTestCase("Student/2. Login as student"), [:], STOP_ON_FAILURE): Call Test Case 'Test Cases/Student/2. Login as student' successfully

2022-01-16 11:38:16 - [TEST_CASE][PASSED] - Test Cases/Student/2. Login as student: Test Cases/Student/2. Login as student

2022-01-16 11:38:16 - [TEST_STEP][PASSED] - openBrowser(""): Browser is opened with url: ''

2022-01-16 11:38:16 - [MESSAGE][WARNING] - A browser is already opened. Closing browser and opening a new one

2022-01-16 11:38:17 - [MESSAGE][INFO] - Starting 'Edge Chromium' driver

2022-01-16 11:38:19 - [MESSAGE][INFO] - Action delay is set to 0 milliseconds

2022-01-16 11:38:20 - [MESSAGE][PASSED] - Browser is opened with url: ''

2022-01-16 11:38:20 - [TEST_STEP][PASSED] - navigateToUrl("http://localhost/"): Navigate to 'http://localhost/' successfully

2022-01-16 11:38:21 - [MESSAGE][PASSED] - Navigate to 'http://localhost/' successfully

2022-01-16 11:38:21 - [TEST_STEP][PASSED] - click(findTestObject("Object Repository/Page_Automation Testing Site/a_Log in")): Object: 'Object Repository/Page_Automation Testing Site/a_Log in' is clicked on

2022-01-16 11:38:22 - [MESSAGE][PASSED] - Object: 'Object Repository/Page_Automation Testing Site/a_Log in' is clicked on

2022-01-16 11:38:22 - [TEST_STEP][PASSED] - setText(findTestObject("Object Repository/Page_Automation Testing Site Log in to the site/input_Username_username"), "student"): Text 'student' is set on object 'Object Repository/Page_Automation Testing Site Log in to the site/input_Username_username'

2022-01-16 11:38:23 - [MESSAGE][PASSED] - Text 'student' is set on object 'Object Repository/Page_Automation Testing Site Log in to the site/input_Username_username'

2022-01-16 11:38:23 - [TEST_STEP][PASSED] - setEncryptedText(findTestObject("Object Repository/Page_Automation Testing Site Log in to the site/input_Password_password"), "cnpXG5HhkrZpEXzNIGBMZQ=="): Text ****** has been set on object 'Object Repository/Page_Automation Testing Site Log in to the site/input_Password_password'

2022-01-16 11:38:23 - [MESSAGE][PASSED] - Text ****** has been set on object 'Object Repository/Page_Automation Testing Site Log in to the site/input_Password_password'

2022-01-16 11:38:23 - [TEST_STEP][PASSED] - click(findTestObject("Object Repository/Page_Automation Testing Site Log in to the site/button_Log in")): Object: 'Object Repository/Page_Automation Testing Site Log in to the site/button_Log in' is clicked on

2022-01-16 11:38:24 - [MESSAGE][PASSED] - Object: 'Object Repository/Page_Automation Testing Site Log in to the site/button_Log in' is clicked on

2022-01-16 11:38:24 - [TEST_STEP][PASSED] - click(findTestObject("Object Repository/Page_Dashboard/span_Site home")): Object: 'Object Repository/Page_Dashboard/span_Site home' is clicked on

2022-01-16 11:38:55 - [MESSAGE][INFO] - Unable to find the element located by 'By.xpath: '. Please recheck the objects properties to make sure the desired element is located. 

2022-01-16 11:38:55 - [MESSAGE][WARNING] - [SELF-HEALING] Failed to find element with id 'Object Repository/Page_Dashboard/span_Site home'. Try using Self-healing.

2022-01-16 11:38:56 - [MESSAGE][WARNING] - [SELF-HEALING] The current locator of test object 'Object Repository/Page_Dashboard/span_Site home' was broken. Propose an alternative one: '//div[@id='nav-drawer']/nav/ul/li[2]/a/div/div/span[2]'.

2022-01-16 11:38:56 - [MESSAGE][PASSED] - Object: 'Object Repository/Page_Dashboard/span_Site home' is clicked on

2022-01-16 11:38:56 - [TEST_STEP][PASSED] - click(findTestObject("Object Repository/Page_Automation Testing Site/a_CNTN")): Object: 'Object Repository/Page_Automation Testing Site/a_CNTN' is clicked on

2022-01-16 11:38:57 - [MESSAGE][PASSED] - Object: 'Object Repository/Page_Automation Testing Site/a_CNTN' is clicked on

2022-01-16 11:38:57 - [MESSAGE][INFO] - 

2022-01-16 11:38:57 - [MESSAGE][INFO] - ===================== Self-healing Report ====================

2022-01-16 11:38:57 - [MESSAGE][INFO] - One of the failed test object locators has been recovered by Self-healing. Please refer to the Self-healing Insights tab for more details.

2022-01-16 11:38:57 - [MESSAGE][INFO] - To learn more about Self-healing, please read https://docs.katalon.com/katalon-studio/docs/self-healing.html

2022-01-16 11:38:57 - [MESSAGE][INFO] - ==============================================================

2022-01-16 11:38:57 - [MESSAGE][PASSED] - Call Test Case 'Test Cases/Student/2. Login as student' successfully

2022-01-16 11:38:57 - [TEST_STEP][PASSED] - navigateToUrl("http://localhost/calendar/view.php?view=month"): Navigate to 'http://localhost/calendar/view.php?view=month' successfully

2022-01-16 11:38:57 - [MESSAGE][PASSED] - Navigate to 'http://localhost/calendar/view.php?view=month' successfully

2022-01-16 11:38:57 - [TEST_STEP][PASSED] - click(findTestObject("Object Repository/Page_SiteTesting Calendar Detailed month vi_90ebed/button_New event")): Object: 'Object Repository/Page_SiteTesting Calendar Detailed month vi_90ebed/button_New event' is clicked on

2022-01-16 11:38:58 - [MESSAGE][PASSED] - Object: 'Object Repository/Page_SiteTesting Calendar Detailed month vi_90ebed/button_New event' is clicked on

2022-01-16 11:38:58 - [TEST_STEP][PASSED] - click(findTestObject("Object Repository/Page_SiteTesting Calendar Detailed month vi_90ebed/button_Save")): Object: 'Object Repository/Page_SiteTesting Calendar Detailed month vi_90ebed/button_Save' is clicked on

2022-01-16 11:39:29 - [MESSAGE][INFO] - Unable to find the element located by 'By.xpath: //button[@type = 'button' and @class = 'btn btn-primary' and @data-action = 'save' and (text() = '

            Save
            
                
                
                
            
        ' or . = '

            Save
            
                
                
                
            
        ')]'. Please recheck the objects properties to make sure the desired element is located. 

2022-01-16 11:39:29 - [MESSAGE][WARNING] - [SELF-HEALING] Failed to find element with id 'Object Repository/Page_SiteTesting Calendar Detailed month vi_90ebed/button_Save'. Try using Self-healing.

2022-01-16 11:39:30 - [MESSAGE][WARNING] - [SELF-HEALING] The current locator of test object 'Object Repository/Page_SiteTesting Calendar Detailed month vi_90ebed/button_Save' was broken. Propose an alternative one: '(.//*[normalize-space(text()) and normalize-space(.)='Repeat weekly, creating altogether'])[1]/following::button[1]'.

2022-01-16 11:39:30 - [MESSAGE][PASSED] - Object: 'Object Repository/Page_SiteTesting Calendar Detailed month vi_90ebed/button_Save' is clicked on

2022-01-16 11:39:30 - [TEST_STEP][PASSED] - verifyElementText(findTestObject("Object Repository/Page_SiteTesting Calendar Detailed month vi_90ebed/div_- Required"), "- Required"): Actual text and expected text of test object 'Object Repository/Page_SiteTesting Calendar Detailed month vi_90ebed/div_- Required' are matched.

2022-01-16 11:39:30 - [MESSAGE][PASSED] - Actual text and expected text of test object 'Object Repository/Page_SiteTesting Calendar Detailed month vi_90ebed/div_- Required' are matched.

2022-01-16 11:39:30 - [TEST_STEP][PASSED] - closeBrowser(): Browser is closed

2022-01-16 11:39:31 - [MESSAGE][PASSED] - Browser is closed]]></system-out>
         <system-err><![CDATA[]]></system-err>
      </testcase>
      <testcase name="Test Cases/Student/3. Calendar/4. create calendar with invaid date" time="109.271" classname="Test Cases/Student/3. Calendar/4. create calendar with invaid date" status="PASSED">
         <system-out><![CDATA[2022-01-16 11:39:31 - [TEST_CASE][PASSED] - Test Cases/Student/3. Calendar/4. create calendar with invaid date: Test Cases/Student/3. Calendar/4. create calendar with invaid date

2022-01-16 11:39:31 - [TEST_STEP][PASSED] - callTestCase(findTestCase("Student/2. Login as student"), [:], STOP_ON_FAILURE): Call Test Case 'Test Cases/Student/2. Login as student' successfully

2022-01-16 11:39:31 - [TEST_CASE][PASSED] - Test Cases/Student/2. Login as student: Test Cases/Student/2. Login as student

2022-01-16 11:39:31 - [TEST_STEP][PASSED] - openBrowser(""): Browser is opened with url: ''

2022-01-16 11:39:31 - [MESSAGE][INFO] - Starting 'Edge Chromium' driver

2022-01-16 11:39:34 - [MESSAGE][INFO] - Action delay is set to 0 milliseconds

2022-01-16 11:39:35 - [MESSAGE][PASSED] - Browser is opened with url: ''

2022-01-16 11:39:35 - [TEST_STEP][PASSED] - navigateToUrl("http://localhost/"): Navigate to 'http://localhost/' successfully

2022-01-16 11:39:35 - [MESSAGE][PASSED] - Navigate to 'http://localhost/' successfully

2022-01-16 11:39:35 - [TEST_STEP][PASSED] - click(findTestObject("Object Repository/Page_Automation Testing Site/a_Log in")): Object: 'Object Repository/Page_Automation Testing Site/a_Log in' is clicked on

2022-01-16 11:39:36 - [MESSAGE][PASSED] - Object: 'Object Repository/Page_Automation Testing Site/a_Log in' is clicked on

2022-01-16 11:39:36 - [TEST_STEP][PASSED] - setText(findTestObject("Object Repository/Page_Automation Testing Site Log in to the site/input_Username_username"), "student"): Text 'student' is set on object 'Object Repository/Page_Automation Testing Site Log in to the site/input_Username_username'

2022-01-16 11:39:37 - [MESSAGE][PASSED] - Text 'student' is set on object 'Object Repository/Page_Automation Testing Site Log in to the site/input_Username_username'

2022-01-16 11:39:37 - [TEST_STEP][PASSED] - setEncryptedText(findTestObject("Object Repository/Page_Automation Testing Site Log in to the site/input_Password_password"), "cnpXG5HhkrZpEXzNIGBMZQ=="): Text ****** has been set on object 'Object Repository/Page_Automation Testing Site Log in to the site/input_Password_password'

2022-01-16 11:39:37 - [MESSAGE][PASSED] - Text ****** has been set on object 'Object Repository/Page_Automation Testing Site Log in to the site/input_Password_password'

2022-01-16 11:39:37 - [TEST_STEP][PASSED] - click(findTestObject("Object Repository/Page_Automation Testing Site Log in to the site/button_Log in")): Object: 'Object Repository/Page_Automation Testing Site Log in to the site/button_Log in' is clicked on

2022-01-16 11:39:38 - [MESSAGE][PASSED] - Object: 'Object Repository/Page_Automation Testing Site Log in to the site/button_Log in' is clicked on

2022-01-16 11:39:38 - [TEST_STEP][PASSED] - click(findTestObject("Object Repository/Page_Dashboard/span_Site home")): Object: 'Object Repository/Page_Dashboard/span_Site home' is clicked on

2022-01-16 11:40:09 - [MESSAGE][INFO] - Unable to find the element located by 'By.xpath: '. Please recheck the objects properties to make sure the desired element is located. 

2022-01-16 11:40:09 - [MESSAGE][WARNING] - [SELF-HEALING] Failed to find element with id 'Object Repository/Page_Dashboard/span_Site home'. Try using Self-healing.

2022-01-16 11:40:10 - [MESSAGE][WARNING] - [SELF-HEALING] The current locator of test object 'Object Repository/Page_Dashboard/span_Site home' was broken. Propose an alternative one: '//div[@id='nav-drawer']/nav/ul/li[2]/a/div/div/span[2]'.

2022-01-16 11:40:10 - [MESSAGE][PASSED] - Object: 'Object Repository/Page_Dashboard/span_Site home' is clicked on

2022-01-16 11:40:10 - [TEST_STEP][PASSED] - click(findTestObject("Object Repository/Page_Automation Testing Site/a_CNTN")): Object: 'Object Repository/Page_Automation Testing Site/a_CNTN' is clicked on

2022-01-16 11:40:11 - [MESSAGE][PASSED] - Object: 'Object Repository/Page_Automation Testing Site/a_CNTN' is clicked on

2022-01-16 11:40:11 - [MESSAGE][INFO] - 

2022-01-16 11:40:11 - [MESSAGE][INFO] - ===================== Self-healing Report ====================

2022-01-16 11:40:11 - [MESSAGE][INFO] - One of the failed test object locators has been recovered by Self-healing. Please refer to the Self-healing Insights tab for more details.

2022-01-16 11:40:11 - [MESSAGE][INFO] - To learn more about Self-healing, please read https://docs.katalon.com/katalon-studio/docs/self-healing.html

2022-01-16 11:40:11 - [MESSAGE][INFO] - ==============================================================

2022-01-16 11:40:11 - [MESSAGE][PASSED] - Call Test Case 'Test Cases/Student/2. Login as student' successfully

2022-01-16 11:40:11 - [TEST_STEP][PASSED] - navigateToUrl("http://localhost/calendar/view.php?view=month"): Navigate to 'http://localhost/calendar/view.php?view=month' successfully

2022-01-16 11:40:11 - [MESSAGE][PASSED] - Navigate to 'http://localhost/calendar/view.php?view=month' successfully

2022-01-16 11:40:11 - [TEST_STEP][PASSED] - click(findTestObject("Object Repository/Page_SiteTesting Calendar Detailed month vi_90ebed/button_New event")): Object: 'Object Repository/Page_SiteTesting Calendar Detailed month vi_90ebed/button_New event' is clicked on

2022-01-16 11:40:12 - [MESSAGE][PASSED] - Object: 'Object Repository/Page_SiteTesting Calendar Detailed month vi_90ebed/button_New event' is clicked on

2022-01-16 11:40:12 - [TEST_STEP][PASSED] - click(findTestObject("Object Repository/Page_SiteTesting Calendar Detailed month vi_90ebed/a_Show more")): Object: 'Object Repository/Page_SiteTesting Calendar Detailed month vi_90ebed/a_Show more' is clicked on

2022-01-16 11:40:43 - [MESSAGE][INFO] - Unable to find the element located by 'By.xpath: //*[@href = '#' and @class = 'moreless-toggler' and @aria-expanded = 'false' and @role = 'button' and @id = 'yui_3_17_2_1_1641262406973_609' and (text() = 'Show more...' or . = 'Show more...')]'. Please recheck the objects properties to make sure the desired element is located. 

2022-01-16 11:40:43 - [MESSAGE][WARNING] - [SELF-HEALING] Failed to find element with id 'Object Repository/Page_SiteTesting Calendar Detailed month vi_90ebed/a_Show more'. Try using Self-healing.

2022-01-16 11:40:44 - [MESSAGE][WARNING] - [SELF-HEALING] The current locator of test object 'Object Repository/Page_SiteTesting Calendar Detailed month vi_90ebed/a_Show more' was broken. Propose an alternative one: '//a[contains(text(),'Show more...')]'.

2022-01-16 11:40:44 - [MESSAGE][PASSED] - Object: 'Object Repository/Page_SiteTesting Calendar Detailed month vi_90ebed/a_Show more' is clicked on

2022-01-16 11:40:44 - [TEST_STEP][PASSED] - click(findTestObject("Object Repository/Page_SiteTesting Calendar Detailed month vi_90ebed/label_Until")): Object: 'Object Repository/Page_SiteTesting Calendar Detailed month vi_90ebed/label_Until' is clicked on

2022-01-16 11:40:44 - [MESSAGE][PASSED] - Object: 'Object Repository/Page_SiteTesting Calendar Detailed month vi_90ebed/label_Until' is clicked on

2022-01-16 11:40:44 - [TEST_STEP][PASSED] - selectOptionByValue(findTestObject("Object Repository/Page_SiteTesting Calendar Detailed month vi_90ebed/select_1        2        3        4        _45ea30_1"), "3", true): All options with value '3' are selected in object 'Object Repository/Page_SiteTesting Calendar Detailed month vi_90ebed/select_1        2        3        4        _45ea30_1'  using regular expression

2022-01-16 11:40:46 - [MESSAGE][PASSED] - All options with value '3' are selected in object 'Object Repository/Page_SiteTesting Calendar Detailed month vi_90ebed/select_1        2        3        4        _45ea30_1'  using regular expression

2022-01-16 11:40:46 - [TEST_STEP][PASSED] - setText(findTestObject("Object Repository/Page_SiteTesting Calendar Detailed month vi_90ebed/input_Event title_name"), "new"): Text 'new' is set on object 'Object Repository/Page_SiteTesting Calendar Detailed month vi_90ebed/input_Event title_name'

2022-01-16 11:40:47 - [MESSAGE][PASSED] - Text 'new' is set on object 'Object Repository/Page_SiteTesting Calendar Detailed month vi_90ebed/input_Event title_name'

2022-01-16 11:40:47 - [TEST_STEP][PASSED] - click(findTestObject("Object Repository/Page_SiteTesting Calendar Detailed month vi_90ebed/button_Save_1")): Object: 'Object Repository/Page_SiteTesting Calendar Detailed month vi_90ebed/button_Save_1' is clicked on

2022-01-16 11:41:18 - [MESSAGE][INFO] - Unable to find the element located by 'By.xpath: //button[@type = 'button' and @class = 'btn btn-primary' and @data-action = 'save' and (text() = '

            Save
            
                
                
                
            
        ' or . = '

            Save
            
                
                
                
            
        ')]'. Please recheck the objects properties to make sure the desired element is located. 

2022-01-16 11:41:18 - [MESSAGE][WARNING] - [SELF-HEALING] Failed to find element with id 'Object Repository/Page_SiteTesting Calendar Detailed month vi_90ebed/button_Save_1'. Try using Self-healing.

2022-01-16 11:41:18 - [MESSAGE][WARNING] - [SELF-HEALING] The current locator of test object 'Object Repository/Page_SiteTesting Calendar Detailed month vi_90ebed/button_Save_1' was broken. Propose an alternative one: '(.//*[normalize-space(text()) and normalize-space(.)='Repeat weekly, creating altogether'])[1]/following::button[1]'.

2022-01-16 11:41:18 - [MESSAGE][PASSED] - Object: 'Object Repository/Page_SiteTesting Calendar Detailed month vi_90ebed/button_Save_1' is clicked on

2022-01-16 11:41:18 - [TEST_STEP][PASSED] - verifyElementText(findTestObject("Object Repository/Page_SiteTesting Calendar Detailed month vi_90ebed/div_The date and time you selected for dura_28074d"), "The date and time you selected for duration until is before the start time of the event. Please correct this before proceeding."): Actual text and expected text of test object 'Object Repository/Page_SiteTesting Calendar Detailed month vi_90ebed/div_The date and time you selected for dura_28074d' are matched.

2022-01-16 11:41:20 - [MESSAGE][PASSED] - Actual text and expected text of test object 'Object Repository/Page_SiteTesting Calendar Detailed month vi_90ebed/div_The date and time you selected for dura_28074d' are matched.

2022-01-16 11:41:20 - [TEST_STEP][PASSED] - closeBrowser(): Browser is closed

2022-01-16 11:41:20 - [MESSAGE][PASSED] - Browser is closed]]></system-out>
         <system-err><![CDATA[]]></system-err>
      </testcase>
      <testcase name="Test Cases/Student/4. Comment/2. Add comment" time="230.446" classname="Test Cases/Student/4. Comment/2. Add comment" status="PASSED">
         <system-out><![CDATA[2022-01-16 11:41:20 - [TEST_CASE][PASSED] - Test Cases/Student/4. Comment/2. Add comment: Test Cases/Student/4. Comment/2. Add comment

2022-01-16 11:41:21 - [TEST_STEP][PASSED] - callTestCase(findTestCase("Student/2. Login as student"), [:], STOP_ON_FAILURE): Call Test Case 'Test Cases/Student/2. Login as student' successfully

2022-01-16 11:41:21 - [TEST_CASE][PASSED] - Test Cases/Student/2. Login as student: Test Cases/Student/2. Login as student

2022-01-16 11:41:21 - [TEST_STEP][PASSED] - openBrowser(""): Browser is opened with url: ''

2022-01-16 11:41:21 - [MESSAGE][INFO] - Starting 'Edge Chromium' driver

2022-01-16 11:41:23 - [MESSAGE][INFO] - Action delay is set to 0 milliseconds

2022-01-16 11:41:24 - [MESSAGE][PASSED] - Browser is opened with url: ''

2022-01-16 11:41:24 - [TEST_STEP][PASSED] - navigateToUrl("http://localhost/"): Navigate to 'http://localhost/' successfully

2022-01-16 11:41:24 - [MESSAGE][PASSED] - Navigate to 'http://localhost/' successfully

2022-01-16 11:41:24 - [TEST_STEP][PASSED] - click(findTestObject("Object Repository/Page_Automation Testing Site/a_Log in")): Object: 'Object Repository/Page_Automation Testing Site/a_Log in' is clicked on

2022-01-16 11:41:25 - [MESSAGE][PASSED] - Object: 'Object Repository/Page_Automation Testing Site/a_Log in' is clicked on

2022-01-16 11:41:25 - [TEST_STEP][PASSED] - setText(findTestObject("Object Repository/Page_Automation Testing Site Log in to the site/input_Username_username"), "student"): Text 'student' is set on object 'Object Repository/Page_Automation Testing Site Log in to the site/input_Username_username'

2022-01-16 11:41:26 - [MESSAGE][PASSED] - Text 'student' is set on object 'Object Repository/Page_Automation Testing Site Log in to the site/input_Username_username'

2022-01-16 11:41:26 - [TEST_STEP][PASSED] - setEncryptedText(findTestObject("Object Repository/Page_Automation Testing Site Log in to the site/input_Password_password"), "cnpXG5HhkrZpEXzNIGBMZQ=="): Text ****** has been set on object 'Object Repository/Page_Automation Testing Site Log in to the site/input_Password_password'

2022-01-16 11:41:26 - [MESSAGE][PASSED] - Text ****** has been set on object 'Object Repository/Page_Automation Testing Site Log in to the site/input_Password_password'

2022-01-16 11:41:26 - [TEST_STEP][PASSED] - click(findTestObject("Object Repository/Page_Automation Testing Site Log in to the site/button_Log in")): Object: 'Object Repository/Page_Automation Testing Site Log in to the site/button_Log in' is clicked on

2022-01-16 11:41:28 - [MESSAGE][PASSED] - Object: 'Object Repository/Page_Automation Testing Site Log in to the site/button_Log in' is clicked on

2022-01-16 11:41:28 - [TEST_STEP][PASSED] - click(findTestObject("Object Repository/Page_Dashboard/span_Site home")): Object: 'Object Repository/Page_Dashboard/span_Site home' is clicked on

2022-01-16 11:41:59 - [MESSAGE][INFO] - Unable to find the element located by 'By.xpath: '. Please recheck the objects properties to make sure the desired element is located. 

2022-01-16 11:41:59 - [MESSAGE][WARNING] - [SELF-HEALING] Failed to find element with id 'Object Repository/Page_Dashboard/span_Site home'. Try using Self-healing.

2022-01-16 11:41:59 - [MESSAGE][WARNING] - [SELF-HEALING] The current locator of test object 'Object Repository/Page_Dashboard/span_Site home' was broken. Propose an alternative one: '//div[@id='nav-drawer']/nav/ul/li[2]/a/div/div/span[2]'.

2022-01-16 11:42:00 - [MESSAGE][PASSED] - Object: 'Object Repository/Page_Dashboard/span_Site home' is clicked on

2022-01-16 11:42:00 - [TEST_STEP][PASSED] - click(findTestObject("Object Repository/Page_Automation Testing Site/a_CNTN")): Object: 'Object Repository/Page_Automation Testing Site/a_CNTN' is clicked on

2022-01-16 11:42:00 - [MESSAGE][PASSED] - Object: 'Object Repository/Page_Automation Testing Site/a_CNTN' is clicked on

2022-01-16 11:42:00 - [MESSAGE][INFO] - 

2022-01-16 11:42:00 - [MESSAGE][INFO] - ===================== Self-healing Report ====================

2022-01-16 11:42:00 - [MESSAGE][INFO] - One of the failed test object locators has been recovered by Self-healing. Please refer to the Self-healing Insights tab for more details.

2022-01-16 11:42:00 - [MESSAGE][INFO] - To learn more about Self-healing, please read https://docs.katalon.com/katalon-studio/docs/self-healing.html

2022-01-16 11:42:00 - [MESSAGE][INFO] - ==============================================================

[...]

2022-01-16 12:26:39 - [TEST_STEP][PASSED] - click(findTestObject("Object Repository/DeleteAllObject/Page_SiteTesting Administration Users Accou_36dc4d/i_Never_icon fa fa-trash fa-fw")): Object: 'Object Repository/DeleteAllObject/Page_SiteTesting Administration Users Accou_36dc4d/i_Never_icon fa fa-trash fa-fw' is clicked on

2022-01-16 12:26:40 - [MESSAGE][PASSED] - Object: 'Object Repository/DeleteAllObject/Page_SiteTesting Administration Users Accou_36dc4d/i_Never_icon fa fa-trash fa-fw' is clicked on

2022-01-16 12:26:40 - [TEST_STEP][PASSED] - click(findTestObject("Object Repository/DeleteAllObject/Page_SiteTesting Administration Users Accou_36dc4d/button_Delete")): Object: 'Object Repository/DeleteAllObject/Page_SiteTesting Administration Users Accou_36dc4d/button_Delete' is clicked on

2022-01-16 12:26:42 - [MESSAGE][PASSED] - Object: 'Object Repository/DeleteAllObject/Page_SiteTesting Administration Users Accou_36dc4d/button_Delete' is clicked on

2022-01-16 12:26:42 - [TEST_STEP][PASSED] - navigateToUrl("http://localhost/admin/user.php?sort=name&dir=ASC&perpage=30&page=0&delete=57&sesskey=OUmxCxziON"): Navigate to 'http://localhost/admin/user.php?sort=name&dir=ASC&perpage=30&page=0&delete=57&sesskey=OUmxCxziON' successfully

2022-01-16 12:26:42 - [MESSAGE][PASSED] - Navigate to 'http://localhost/admin/user.php?sort=name&dir=ASC&perpage=30&page=0&delete=57&sesskey=OUmxCxziON' successfully

2022-01-16 12:26:42 - [TEST_STEP][PASSED] - if (waitForElementVisible(findTestObject("Object Repository/DeleteAllObject/Page_SiteTesting Administration Users Accou_36dc4d/i_Never_icon fa fa-trash fa-fw"), 1, OPTIONAL) == false): Object 'Object Repository/DeleteAllObject/Page_SiteTesting Administration Users Accou_36dc4d/i_Never_icon fa fa-trash fa-fw' is visible

2022-01-16 12:26:43 - [MESSAGE][PASSED] - Object 'Object Repository/DeleteAllObject/Page_SiteTesting Administration Users Accou_36dc4d/i_Never_icon fa fa-trash fa-fw' is visible

2022-01-16 12:26:43 - [TEST_STEP][PASSED] - click(findTestObject("Object Repository/DeleteAllObject/Page_SiteTesting Administration Users Accou_36dc4d/i_Never_icon fa fa-trash fa-fw")): Object: 'Object Repository/DeleteAllObject/Page_SiteTesting Administration Users Accou_36dc4d/i_Never_icon fa fa-trash fa-fw' is clicked on

2022-01-16 12:26:44 - [MESSAGE][PASSED] - Object: 'Object Repository/DeleteAllObject/Page_SiteTesting Administration Users Accou_36dc4d/i_Never_icon fa fa-trash fa-fw' is clicked on

2022-01-16 12:26:44 - [TEST_STEP][PASSED] - click(findTestObject("Object Repository/DeleteAllObject/Page_SiteTesting Administration Users Accou_36dc4d/button_Delete")): Object: 'Object Repository/DeleteAllObject/Page_SiteTesting Administration Users Accou_36dc4d/button_Delete' is clicked on

2022-01-16 12:26:46 - [MESSAGE][PASSED] - Object: 'Object Repository/DeleteAllObject/Page_SiteTesting Administration Users Accou_36dc4d/button_Delete' is clicked on

2022-01-16 12:26:46 - [TEST_STEP][PASSED] - navigateToUrl("http://localhost/admin/user.php?sort=name&dir=ASC&perpage=30&page=0&delete=57&sesskey=OUmxCxziON"): Navigate to 'http://localhost/admin/user.php?sort=name&dir=ASC&perpage=30&page=0&delete=57&sesskey=OUmxCxziON' successfully

2022-01-16 12:26:46 - [MESSAGE][PASSED] - Navigate to 'http://localhost/admin/user.php?sort=name&dir=ASC&perpage=30&page=0&delete=57&sesskey=OUmxCxziON' successfully

2022-01-16 12:26:46 - [TEST_STEP][PASSED] - if (waitForElementVisible(findTestObject("Object Repository/DeleteAllObject/Page_SiteTesting Administration Users Accou_36dc4d/i_Never_icon fa fa-trash fa-fw"), 1, OPTIONAL) == false): Object 'Object Repository/DeleteAllObject/Page_SiteTesting Administration Users Accou_36dc4d/i_Never_icon fa fa-trash fa-fw' is visible

2022-01-16 12:26:47 - [MESSAGE][PASSED] - Object 'Object Repository/DeleteAllObject/Page_SiteTesting Administration Users Accou_36dc4d/i_Never_icon fa fa-trash fa-fw' is visible

2022-01-16 12:26:47 - [TEST_STEP][PASSED] - click(findTestObject("Object Repository/DeleteAllObject/Page_SiteTesting Administration Users Accou_36dc4d/i_Never_icon fa fa-trash fa-fw")): Object: 'Object Repository/DeleteAllObject/Page_SiteTesting Administration Users Accou_36dc4d/i_Never_icon fa fa-trash fa-fw' is clicked on

2022-01-16 12:26:48 - [MESSAGE][PASSED] - Object: 'Object Repository/DeleteAllObject/Page_SiteTesting Administration Users Accou_36dc4d/i_Never_icon fa fa-trash fa-fw' is clicked on

2022-01-16 12:26:48 - [TEST_STEP][PASSED] - click(findTestObject("Object Repository/DeleteAllObject/Page_SiteTesting Administration Users Accou_36dc4d/button_Delete")): Object: 'Object Repository/DeleteAllObject/Page_SiteTesting Administration Users Accou_36dc4d/button_Delete' is clicked on

2022-01-16 12:26:49 - [MESSAGE][PASSED] - Object: 'Object Repository/DeleteAllObject/Page_SiteTesting Administration Users Accou_36dc4d/button_Delete' is clicked on

2022-01-16 12:26:49 - [TEST_STEP][PASSED] - navigateToUrl("http://localhost/admin/user.php?sort=name&dir=ASC&perpage=30&page=0&delete=57&sesskey=OUmxCxziON"): Navigate to 'http://localhost/admin/user.php?sort=name&dir=ASC&perpage=30&page=0&delete=57&sesskey=OUmxCxziON' successfully

2022-01-16 12:26:50 - [MESSAGE][PASSED] - Navigate to 'http://localhost/admin/user.php?sort=name&dir=ASC&perpage=30&page=0&delete=57&sesskey=OUmxCxziON' successfully

2022-01-16 12:26:50 - [TEST_STEP][PASSED] - if (waitForElementVisible(findTestObject("Object Repository/DeleteAllObject/Page_SiteTesting Administration Users Accou_36dc4d/i_Never_icon fa fa-trash fa-fw"), 1, OPTIONAL) == false): null

2022-01-16 12:26:52 - [MESSAGE][INFO] - Unable to find the element located by 'By.xpath: //i[@class = 'icon fa fa-trash fa-fw ' and @title = 'Delete']'. Please recheck the objects properties to make sure the desired element is located. 

2022-01-16 12:26:52 - [MESSAGE][WARNING] - [SELF-HEALING] Failed to find element with id 'Object Repository/DeleteAllObject/Page_SiteTesting Administration Users Accou_36dc4d/i_Never_icon fa fa-trash fa-fw'. Try using Self-healing.

2022-01-16 12:26:53 - [MESSAGE][INFO] - Unable to find the element located by 'By.xpath: //a[@id='yui_3_17_2_1_1641381882105_554']/i'. Please recheck the objects properties to make sure the desired element is located. 

2022-01-16 12:26:54 - [MESSAGE][INFO] - [SELF-HEALING] Failed Locator: '//a[@id='yui_3_17_2_1_1641381882105_554']/i'.

2022-01-16 12:26:54 - [MESSAGE][INFO] - [SELF-HEALING] Failed Locator: '//tr[4]/td[6]/a/i'.

2022-01-16 12:26:54 - [MESSAGE][INFO] - [SELF-HEALING] Failed Locator: '//a[@id='yui_3_17_2_1_1641381882105_554']/i'.

2022-01-16 12:26:55 - [MESSAGE][INFO] - [SELF-HEALING] Failed Locator: '//tr[4]/td[6]/a/i'.

2022-01-16 12:26:56 - [MESSAGE][INFO] - Unable to find the element located by 'By.cssSelector: '. Please recheck the objects properties to make sure the desired element is located. 

2022-01-16 12:26:56 - [MESSAGE][WARNING] - Web element with id: 'Object Repository/DeleteAllObject/Page_SiteTesting Administration Users Accou_36dc4d/i_Never_icon fa fa-trash fa-fw' located by '//i[@class = 'icon fa fa-trash fa-fw ' and @title = 'Delete']' not found

2022-01-16 12:26:56 - [TEST_STEP][PASSED] - break: null

2022-01-16 12:26:56 - [TEST_STEP][PASSED] - if (waitForElementVisible(findTestObject("Object Repository/DeleteAllObject/Page_SiteTesting Administration Users Accou_36dc4d/i_Never_icon fa fa-trash fa-fw"), 1, OPTIONAL) == true): Web element with id: 'Object Repository/DeleteAllObject/Page_SiteTesting Administration Users Accou_36dc4d/i_Never_icon fa fa-trash fa-fw' located by '//i[@class = 'icon fa fa-trash fa-fw ' and @title = 'Delete']' not found

2022-01-16 12:26:58 - [MESSAGE][INFO] - Unable to find the element located by 'By.xpath: //i[@class = 'icon fa fa-trash fa-fw ' and @title = 'Delete']'. Please recheck the objects properties to make sure the desired element is located. 

2022-01-16 12:26:58 - [MESSAGE][WARNING] - [SELF-HEALING] Failed to find element with id 'Object Repository/DeleteAllObject/Page_SiteTesting Administration Users Accou_36dc4d/i_Never_icon fa fa-trash fa-fw'. Try using Self-healing.

2022-01-16 12:26:59 - [MESSAGE][INFO] - Unable to find the element located by 'By.xpath: //a[@id='yui_3_17_2_1_1641381882105_554']/i'. Please recheck the objects properties to make sure the desired element is located. 

2022-01-16 12:26:59 - [MESSAGE][INFO] - [SELF-HEALING] Failed Locator: '//a[@id='yui_3_17_2_1_1641381882105_554']/i'.

2022-01-16 12:26:59 - [MESSAGE][INFO] - [SELF-HEALING] Failed Locator: '//tr[4]/td[6]/a/i'.

2022-01-16 12:27:00 - [MESSAGE][INFO] - [SELF-HEALING] Failed Locator: '//a[@id='yui_3_17_2_1_1641381882105_554']/i'.

2022-01-16 12:27:00 - [MESSAGE][INFO] - [SELF-HEALING] Failed Locator: '//tr[4]/td[6]/a/i'.

2022-01-16 12:27:01 - [MESSAGE][INFO] - Unable to find the element located by 'By.cssSelector: '. Please recheck the objects properties to make sure the desired element is located. 

2022-01-16 12:27:01 - [MESSAGE][WARNING] - Web element with id: 'Object Repository/DeleteAllObject/Page_SiteTesting Administration Users Accou_36dc4d/i_Never_icon fa fa-trash fa-fw' located by '//i[@class = 'icon fa fa-trash fa-fw ' and @title = 'Delete']' not found]]></system-out>
         <system-err><![CDATA[]]></system-err>
      </testcase>
      <system-out><![CDATA[2022-01-16 11:28:30 - [TEST_SUITE][FAILED] - Run all test cases: Test Cases/Student/5. Submit/1. Mask Done FAILED.
Reason:
com.kms.katalon.core.exception.StepFailedException: Unable to click on object 'Object Repository/Page_cntn assignment test/button_Done'
	at com.kms.katalon.core.webui.keyword.internal.WebUIKeywordMain.stepFailed(WebUIKeywordMain.groovy:64)
	at com.kms.katalon.core.webui.keyword.internal.WebUIKeywordMain.runKeyword(WebUIKeywordMain.groovy:26)
	at com.kms.katalon.core.webui.keyword.builtin.ClickKeyword.click(ClickKeyword.groovy:74)
	at com.kms.katalon.core.webui.keyword.builtin.ClickKeyword.execute(ClickKeyword.groovy:40)
	at com.kms.katalon.core.keyword.internal.KeywordExecutor.executeKeywordForPlatform(KeywordExecutor.groovy:74)
	at com.kms.katalon.core.webui.keyword.WebUiBuiltInKeywords.click(WebUiBuiltInKeywords.groovy:620)
	at com.kms.katalon.core.webui.keyword.WebUiBuiltInKeywords$click$1.call(Unknown Source)
	at 1. Mask Done.run(1. Mask Done:26)
	at com.kms.katalon.core.main.ScriptEngine.run(ScriptEngine.java:194)
	at com.kms.katalon.core.main.ScriptEngine.runScriptAsRawText(ScriptEngine.java:119)
	at com.kms.katalon.core.main.TestCaseExecutor.runScript(TestCaseExecutor.java:442)
	at com.kms.katalon.core.main.TestCaseExecutor.doExecute(TestCaseExecutor.java:433)
	at com.kms.katalon.core.main.TestCaseExecutor.processExecutionPhase(TestCaseExecutor.java:412)
	at com.kms.katalon.core.main.TestCaseExecutor.accessMainPhase(TestCaseExecutor.java:404)
	at com.kms.katalon.core.main.TestCaseExecutor.execute(TestCaseExecutor.java:281)
	at com.kms.katalon.core.main.TestSuiteExecutor.accessTestCaseMainPhase(TestSuiteExecutor.java:202)
	at com.kms.katalon.core.main.TestSuiteExecutor.accessTestSuiteMainPhase(TestSuiteExecutor.java:164)
	at com.kms.katalon.core.main.TestSuiteExecutor.execute(TestSuiteExecutor.java:105)
	at com.kms.katalon.core.main.TestCaseMain.startTestSuite(TestCaseMain.java:181)
	at com.kms.katalon.core.main.TestCaseMain$startTestSuite$0.call(Unknown Source)
	at TempTestSuite1642307295030.run(TempTestSuite1642307295030.groovy:36)
Caused by: org.openqa.selenium.ElementClickInterceptedException: element click intercepted: Element <button class="btn btn-outline-secondary" data-action="toggle-manual-completion" id="yui_3_17_2_1_1642308382910_39">...</button> is not clickable at point (353, 350). Other element would receive the click: <div class="yui3-widget-mask" style="position: fixed; width: 100%; height: 100%; top: 0px; left: 0px; z-index: 1041;"></div>
  (Session info: MicrosoftEdge=97.0.1072.62)
Build info: version: '3.141.59', revision: 'e82be7d358', time: '2018-11-14T08:25:53'
System info: host: 'LAPTOP-O4I5TINJ', ip: '192.168.11.1', os.name: 'Windows 10', os.arch: 'amd64', os.version: '10.0', java.version: '1.8.0_282'
Driver info: com.kms.katalon.selenium.driver.CEdgeDriver
Capabilities {acceptInsecureCerts: false, browserName: msedge, browserVersion: 97.0.1072.62, javascriptEnabled: true, ms:edgeOptions: {debuggerAddress: localhost:60010}, msedge: {msedgedriverVersion: 97.0.1072.55 (ce3bf33648805..., userDataDir: C:\Users\ASUS\AppData\Local...}, networkConnectionEnabled: false, pageLoadStrategy: normal, platform: WINDOWS, platformName: WINDOWS, proxy: Proxy(), setWindowRect: true, strictFileInteractability: false, timeouts: {implicit: 0, pageLoad: 300000, script: 30000}, unhandledPromptBehavior: dismiss and notify, webauthn:extension:credBlob: true, webauthn:extension:largeBlob: true, webauthn:virtualAuthenticators: true}
Session ID: 8d068f4037f5608558727d6bd9d4bfaa
	at org.openqa.selenium.remote.http.W3CHttpResponseCodec.createException(W3CHttpResponseCodec.java:187)
	at org.openqa.selenium.remote.http.W3CHttpResponseCodec.decode(W3CHttpResponseCodec.java:122)
	at org.openqa.selenium.remote.http.W3CHttpResponseCodec.decode(W3CHttpResponseCodec.java:49)
	at org.openqa.selenium.remote.HttpCommandExecutor.execute(HttpCommandExecutor.java:158)
	at org.openqa.selenium.remote.service.DriverCommandExecutor.execute(DriverCommandExecutor.java:83)
	at org.openqa.selenium.remote.RemoteWebDriver.execute(RemoteWebDriver.java:552)
	at com.kms.katalon.selenium.driver.CEdgeDriver.execute(CEdgeDriver.java:20)
	at org.openqa.selenium.remote.RemoteWebElement.execute(RemoteWebElement.java:285)
	at org.openqa.selenium.remote.RemoteWebElement.click(RemoteWebElement.java:84)
	at org.openqa.selenium.support.events.EventFiringWebDriver$EventFiringWebElement.lambda$new$0(EventFiringWebDriver.java:404)
	at com.sun.proxy.$Proxy11.click(Unknown Source)
	at org.openqa.selenium.support.events.EventFiringWebDriver$EventFiringWebElement.click(EventFiringWebDriver.java:417)
	at org.openqa.selenium.WebElement$click.call(Unknown Source)
	at com.kms.katalon.core.webui.keyword.builtin.ClickKeyword.clickUntilSuccessWithTimeout(ClickKeyword.groovy:81)
	at com.kms.katalon.core.webui.keyword.builtin.ClickKeyword.clickUntilSuccessWithTimeout(ClickKeyword.groovy)
	at com.kms.katalon.core.webui.keyword.builtin.ClickKeyword$_click_closure1.doCall(ClickKeyword.groovy:67)
	at com.kms.katalon.core.webui.keyword.builtin.ClickKeyword$_click_closure1.call(ClickKeyword.groovy)
	at com.kms.katalon.core.webui.keyword.internal.WebUIKeywordMain.runKeyword(WebUIKeywordMain.groovy:20)
	... 19 more]]></system-out>
      <system-err><![CDATA[2022-01-16 11:28:30 - [TEST_SUITE][FAILED] - Run all test cases: Test Cases/Student/5. Submit/1. Mask Done FAILED.
Reason:
com.kms.katalon.core.exception.StepFailedException: Unable to click on object 'Object Repository/Page_cntn assignment test/button_Done'
	at com.kms.katalon.core.webui.keyword.internal.WebUIKeywordMain.stepFailed(WebUIKeywordMain.groovy:64)
	at com.kms.katalon.core.webui.keyword.internal.WebUIKeywordMain.runKeyword(WebUIKeywordMain.groovy:26)
	at com.kms.katalon.core.webui.keyword.builtin.ClickKeyword.click(ClickKeyword.groovy:74)
	at com.kms.katalon.core.webui.keyword.builtin.ClickKeyword.execute(ClickKeyword.groovy:40)
	at com.kms.katalon.core.keyword.internal.KeywordExecutor.executeKeywordForPlatform(KeywordExecutor.groovy:74)
	at com.kms.katalon.core.webui.keyword.WebUiBuiltInKeywords.click(WebUiBuiltInKeywords.groovy:620)
	at com.kms.katalon.core.webui.keyword.WebUiBuiltInKeywords$click$1.call(Unknown Source)
	at 1. Mask Done.run(1. Mask Done:26)
	at com.kms.katalon.core.main.ScriptEngine.run(ScriptEngine.java:194)
	at com.kms.katalon.core.main.ScriptEngine.runScriptAsRawText(ScriptEngine.java:119)
	at com.kms.katalon.core.main.TestCaseExecutor.runScript(TestCaseExecutor.java:442)
	at com.kms.katalon.core.main.TestCaseExecutor.doExecute(TestCaseExecutor.java:433)
	at com.kms.katalon.core.main.TestCaseExecutor.processExecutionPhase(TestCaseExecutor.java:412)
	at com.kms.katalon.core.main.TestCaseExecutor.accessMainPhase(TestCaseExecutor.java:404)
	at com.kms.katalon.core.main.TestCaseExecutor.execute(TestCaseExecutor.java:281)
	at com.kms.katalon.core.main.TestSuiteExecutor.accessTestCaseMainPhase(TestSuiteExecutor.java:202)
	at com.kms.katalon.core.main.TestSuiteExecutor.accessTestSuiteMainPhase(TestSuiteExecutor.java:164)
	at com.kms.katalon.core.main.TestSuiteExecutor.execute(TestSuiteExecutor.java:105)
	at com.kms.katalon.core.main.TestCaseMain.startTestSuite(TestCaseMain.java:181)
	at com.kms.katalon.core.main.TestCaseMain$startTestSuite$0.call(Unknown Source)
	at TempTestSuite1642307295030.run(TempTestSuite1642307295030.groovy:36)
Caused by: org.openqa.selenium.ElementClickInterceptedException: element click intercepted: Element <button class="btn btn-outline-secondary" data-action="toggle-manual-completion" id="yui_3_17_2_1_1642308382910_39">...</button> is not clickable at point (353, 350). Other element would receive the click: <div class="yui3-widget-mask" style="position: fixed; width: 100%; height: 100%; top: 0px; left: 0px; z-index: 1041;"></div>
  (Session info: MicrosoftEdge=97.0.1072.62)
Build info: version: '3.141.59', revision: 'e82be7d358', time: '2018-11-14T08:25:53'
System info: host: 'LAPTOP-O4I5TINJ', ip: '192.168.11.1', os.name: 'Windows 10', os.arch: 'amd64', os.version: '10.0', java.version: '1.8.0_282'
Driver info: com.kms.katalon.selenium.driver.CEdgeDriver
Capabilities {acceptInsecureCerts: false, browserName: msedge, browserVersion: 97.0.1072.62, javascriptEnabled: true, ms:edgeOptions: {debuggerAddress: localhost:60010}, msedge: {msedgedriverVersion: 97.0.1072.55 (ce3bf33648805..., userDataDir: C:\Users\ASUS\AppData\Local...}, networkConnectionEnabled: false, pageLoadStrategy: normal, platform: WINDOWS, platformName: WINDOWS, proxy: Proxy(), setWindowRect: true, strictFileInteractability: false, timeouts: {implicit: 0, pageLoad: 300000, script: 30000}, unhandledPromptBehavior: dismiss and notify, webauthn:extension:credBlob: true, webauthn:extension:largeBlob: true, webauthn:virtualAuthenticators: true}
Session ID: 8d068f4037f5608558727d6bd9d4bfaa
	at org.openqa.selenium.remote.http.W3CHttpResponseCodec.createException(W3CHttpResponseCodec.java:187)
	at org.openqa.selenium.remote.http.W3CHttpResponseCodec.decode(W3CHttpResponseCodec.java:122)
	at org.openqa.selenium.remote.http.W3CHttpResponseCodec.decode(W3CHttpResponseCodec.java:49)
	at org.openqa.selenium.remote.HttpCommandExecutor.execute(HttpCommandExecutor.java:158)
	at org.openqa.selenium.remote.service.DriverCommandExecutor.execute(DriverCommandExecutor.java:83)
	at org.openqa.selenium.remote.RemoteWebDriver.execute(RemoteWebDriver.java:552)
	at com.kms.katalon.selenium.driver.CEdgeDriver.execute(CEdgeDriver.java:20)
	at org.openqa.selenium.remote.RemoteWebElement.execute(RemoteWebElement.java:285)
	at org.openqa.selenium.remote.RemoteWebElement.click(RemoteWebElement.java:84)
	at org.openqa.selenium.support.events.EventFiringWebDriver$EventFiringWebElement.lambda$new$0(EventFiringWebDriver.java:404)
	at com.sun.proxy.$Proxy11.click(Unknown Source)
	at org.openqa.selenium.support.events.EventFiringWebDriver$EventFiringWebElement.click(EventFiringWebDriver.java:417)
	at org.openqa.selenium.WebElement$click.call(Unknown Source)
	at com.kms.katalon.core.webui.keyword.builtin.ClickKeyword.clickUntilSuccessWithTimeout(ClickKeyword.groovy:81)
	at com.kms.katalon.core.webui.keyword.builtin.ClickKeyword.clickUntilSuccessWithTimeout(ClickKeyword.groovy)
	at com.kms.katalon.core.webui.keyword.builtin.ClickKeyword$_click_closure1.doCall(ClickKeyword.groovy:67)
	at com.kms.katalon.core.webui.keyword.builtin.ClickKeyword$_click_closure1.call(ClickKeyword.groovy)
	at com.kms.katalon.core.webui.keyword.internal.WebUIKeywordMain.runKeyword(WebUIKeywordMain.groovy:20)
	... 19 more]]></system-err>
   </testsuite>
</testsuites>
