<?xml version="1.0" encoding="UTF-8"?>
<testsuites name="Run all test cases" time="1760.062" tests="30" failures="5" errors="0">
   <testsuite name="Run all test cases" tests="30" failures="5" errors="0" time="1760.062" skipped="0" timestamp="2022-01-15 18:36:08" hostname="ASUS - LAPTOP-O4I5TINJ" id="Test Suites/Run all test cases">
      <properties>
[...]
</properties>
      <testcase name="Test Cases/Phần thiết lập khác/Tạo Course tên là Sample Course For Permission" time="17.628" classname="Test Cases/Phần thiết lập khác/Tạo Course tên là Sample Course For Permission" status="PASSED">
         <system-out><![CDATA[2022-01-15 18:36:08 - [TEST_CASE][PASSED] - Test Cases/Phần thiết lập khác/Tạo Course tên là Sample Course For Permission: Test Cases/Phần thiết lập khác/Tạo Course tên là Sample Course For Permission

2022-01-15 18:36:09 - [TEST_STEP][PASSED] - callTestCase(findTestCase("Kiểm tra thẻ Site Administration/Đăng nhập thành công"), [:], STOP_ON_FAILURE): Call Test Case 'Test Cases/Kiểm tra thẻ Site Administration/Đăng nhập thành công' successfully

2022-01-15 18:36:09 - [TEST_CASE][PASSED] - Test Cases/Kiểm tra thẻ Site Administration/Đăng nhập thành công: Test Cases/Kiểm tra thẻ Site Administration/Đăng nhập thành công

2022-01-15 18:36:09 - [TEST_STEP][PASSED] - openBrowser(""): Browser is opened with url: ''

2022-01-15 18:36:09 - [MESSAGE][INFO] - Starting 'Edge Chromium' driver

2022-01-15 18:36:12 - [MESSAGE][INFO] - Action delay is set to 0 milliseconds

2022-01-15 18:36:13 - [MESSAGE][PASSED] - Browser is opened with url: ''

2022-01-15 18:36:13 - [TEST_STEP][PASSED] - navigateToUrl("http://localhost/"): Navigate to 'http://localhost/' successfully

2022-01-15 18:36:14 - [MESSAGE][PASSED] - Navigate to 'http://localhost/' successfully

2022-01-15 18:36:14 - [TEST_STEP][PASSED] - click(findTestObject("Object Repository/LoginObject/Page_Automation Testing Site/a_Log in")): Object: 'Object Repository/LoginObject/Page_Automation Testing Site/a_Log in' is clicked on

2022-01-15 18:36:15 - [MESSAGE][PASSED] - Object: 'Object Repository/LoginObject/Page_Automation Testing Site/a_Log in' is clicked on

2022-01-15 18:36:15 - [TEST_STEP][PASSED] - setText(findTestObject("Object Repository/LoginObject/Page_Automation Testing Site Log in to the site/input_Username_username"), "admin"): Text 'admin' is set on object 'Object Repository/LoginObject/Page_Automation Testing Site Log in to the site/input_Username_username'

2022-01-15 18:36:16 - [MESSAGE][PASSED] - Text 'admin' is set on object 'Object Repository/LoginObject/Page_Automation Testing Site Log in to the site/input_Username_username'

2022-01-15 18:36:16 - [TEST_STEP][PASSED] - setEncryptedText(findTestObject("Object Repository/LoginObject/Page_Automation Testing Site Log in to the site/input_Password_password"), "cnpXG5HhkrZpEXzNIGBMZQ=="): Text ****** has been set on object 'Object Repository/LoginObject/Page_Automation Testing Site Log in to the site/input_Password_password'

2022-01-15 18:36:16 - [MESSAGE][PASSED] - Text ****** has been set on object 'Object Repository/LoginObject/Page_Automation Testing Site Log in to the site/input_Password_password'

2022-01-15 18:36:16 - [TEST_STEP][PASSED] - click(findTestObject("Object Repository/LoginObject/Page_Automation Testing Site Log in to the site/button_Log in")): Object: 'Object Repository/LoginObject/Page_Automation Testing Site Log in to the site/button_Log in' is clicked on

2022-01-15 18:36:17 - [MESSAGE][PASSED] - Object: 'Object Repository/LoginObject/Page_Automation Testing Site Log in to the site/button_Log in' is clicked on

2022-01-15 18:36:17 - [TEST_STEP][PASSED] - verifyElementText(findTestObject("Object Repository/LoginObject/Page_Dashboard/span_Site administration"), "Site administration"): Actual text and expected text of test object 'Object Repository/LoginObject/Page_Dashboard/span_Site administration' are matched.

2022-01-15 18:36:19 - [MESSAGE][PASSED] - Actual text and expected text of test object 'Object Repository/LoginObject/Page_Dashboard/span_Site administration' are matched.

2022-01-15 18:36:19 - [MESSAGE][PASSED] - Call Test Case 'Test Cases/Kiểm tra thẻ Site Administration/Đăng nhập thành công' successfully

2022-01-15 18:36:19 - [TEST_STEP][PASSED] - click(findTestObject("Object Repository/AddSampleCourse/Page_Dashboard/span_Site home")): Object: 'Object Repository/AddSampleCourse/Page_Dashboard/span_Site home' is clicked on

2022-01-15 18:36:20 - [MESSAGE][PASSED] - Object: 'Object Repository/AddSampleCourse/Page_Dashboard/span_Site home' is clicked on

2022-01-15 18:36:20 - [TEST_STEP][PASSED] - if (verifyTextPresent("Sample Course For Permission", false, OPTIONAL) == true): Text 'Sample Course For Permission' is not present on page  (Root cause: com.kms.katalon.core.exception.StepFailedException: Text 'Sample Course For Permission' is not present on page 
	at com.kms.katalon.core.webui.keyword.internal.WebUIKeywordMain.stepFailed(WebUIKeywordMain.groovy:64)
	at com.kms.katalon.core.webui.keyword.builtin.VerifyTextPresentKeyword$_verifyTextPresent_closure1.doCall(VerifyTextPresentKeyword.groovy:79)
	at com.kms.katalon.core.webui.keyword.builtin.VerifyTextPresentKeyword$_verifyTextPresent_closure1.call(VerifyTextPresentKeyword.groovy)
	at com.kms.katalon.core.webui.keyword.internal.WebUIKeywordMain.runKeyword(WebUIKeywordMain.groovy:20)
	at com.kms.katalon.core.webui.keyword.builtin.VerifyTextPresentKeyword.verifyTextPresent(VerifyTextPresentKeyword.groovy:83)
	at com.kms.katalon.core.webui.keyword.builtin.VerifyTextPresentKeyword.execute(VerifyTextPresentKeyword.groovy:68)
	at com.kms.katalon.core.keyword.internal.KeywordExecutor.executeKeywordForPlatform(KeywordExecutor.groovy:74)
	at com.kms.katalon.core.webui.keyword.WebUiBuiltInKeywords.verifyTextPresent(WebUiBuiltInKeywords.groovy:1707)
	at com.kms.katalon.core.webui.keyword.WebUiBuiltInKeywords$verifyTextPresent$5.call(Unknown Source)
	at Tạo Course tên là Sample Course For Permission.run(Tạo Course tên là Sample Course For Permission:27)
	at com.kms.katalon.core.main.ScriptEngine.run(ScriptEngine.java:194)
	at com.kms.katalon.core.main.ScriptEngine.runScriptAsRawText(ScriptEngine.java:119)
	at com.kms.katalon.core.main.TestCaseExecutor.runScript(TestCaseExecutor.java:442)
	at com.kms.katalon.core.main.TestCaseExecutor.doExecute(TestCaseExecutor.java:433)
	at com.kms.katalon.core.main.TestCaseExecutor.processExecutionPhase(TestCaseExecutor.java:412)
	at com.kms.katalon.core.main.TestCaseExecutor.accessMainPhase(TestCaseExecutor.java:404)
	at com.kms.katalon.core.main.TestCaseExecutor.execute(TestCaseExecutor.java:281)
	at com.kms.katalon.core.main.TestSuiteExecutor.accessTestCaseMainPhase(TestSuiteExecutor.java:202)
	at com.kms.katalon.core.main.TestSuiteExecutor.accessTestSuiteMainPhase(TestSuiteExecutor.java:164)
	at com.kms.katalon.core.main.TestSuiteExecutor.execute(TestSuiteExecutor.java:105)
	at com.kms.katalon.core.main.TestCaseMain.startTestSuite(TestCaseMain.java:181)
	at com.kms.katalon.core.main.TestCaseMain$startTestSuite$0.call(Unknown Source)
	at TempTestSuite1642246556726.run(TempTestSuite1642246556726.groovy:36)
)

2022-01-15 18:36:20 - [MESSAGE][WARNING] - Text 'Sample Course For Permission' is not present on page  (Root cause: com.kms.katalon.core.exception.StepFailedException: Text 'Sample Course For Permission' is not present on page 
	at com.kms.katalon.core.webui.keyword.internal.WebUIKeywordMain.stepFailed(WebUIKeywordMain.groovy:64)
	at com.kms.katalon.core.webui.keyword.builtin.VerifyTextPresentKeyword$_verifyTextPresent_closure1.doCall(VerifyTextPresentKeyword.groovy:79)
	at com.kms.katalon.core.webui.keyword.builtin.VerifyTextPresentKeyword$_verifyTextPresent_closure1.call(VerifyTextPresentKeyword.groovy)
	at com.kms.katalon.core.webui.keyword.internal.WebUIKeywordMain.runKeyword(WebUIKeywordMain.groovy:20)
	at com.kms.katalon.core.webui.keyword.builtin.VerifyTextPresentKeyword.verifyTextPresent(VerifyTextPresentKeyword.groovy:83)
	at com.kms.katalon.core.webui.keyword.builtin.VerifyTextPresentKeyword.execute(VerifyTextPresentKeyword.groovy:68)
	at com.kms.katalon.core.keyword.internal.KeywordExecutor.executeKeywordForPlatform(KeywordExecutor.groovy:74)
	at com.kms.katalon.core.webui.keyword.WebUiBuiltInKeywords.verifyTextPresent(WebUiBuiltInKeywords.groovy:1707)
	at com.kms.katalon.core.webui.keyword.WebUiBuiltInKeywords$verifyTextPresent$5.call(Unknown Source)
	at Tạo Course tên là Sample Course For Permission.run(Tạo Course tên là Sample Course For Permission:27)
	at com.kms.katalon.core.main.ScriptEngine.run(ScriptEngine.java:194)
	at com.kms.katalon.core.main.ScriptEngine.runScriptAsRawText(ScriptEngine.java:119)
	at com.kms.katalon.core.main.TestCaseExecutor.runScript(TestCaseExecutor.java:442)
	at com.kms.katalon.core.main.TestCaseExecutor.doExecute(TestCaseExecutor.java:433)
	at com.kms.katalon.core.main.TestCaseExecutor.processExecutionPhase(TestCaseExecutor.java:412)
	at com.kms.katalon.core.main.TestCaseExecutor.accessMainPhase(TestCaseExecutor.java:404)
	at com.kms.katalon.core.main.TestCaseExecutor.execute(TestCaseExecutor.java:281)
	at com.kms.katalon.core.main.TestSuiteExecutor.accessTestCaseMainPhase(TestSuiteExecutor.java:202)
	at com.kms.katalon.core.main.TestSuiteExecutor.accessTestSuiteMainPhase(TestSuiteExecutor.java:164)
	at com.kms.katalon.core.main.TestSuiteExecutor.execute(TestSuiteExecutor.java:105)
	at com.kms.katalon.core.main.TestCaseMain.startTestSuite(TestCaseMain.java:181)
	at com.kms.katalon.core.main.TestCaseMain$startTestSuite$0.call(Unknown Source)
	at TempTestSuite1642246556726.run(TempTestSuite1642246556726.groovy:36)
)

2022-01-15 18:36:20 - [TEST_STEP][PASSED] - else: Text 'Sample Course For Permission' is present on page 

2022-01-15 18:36:20 - [TEST_STEP][PASSED] - click(findTestObject("Object Repository/AddSampleCourse/Page_Automation Testing Site/button_Add a new course")): Object: 'Object Repository/AddSampleCourse/Page_Automation Testing Site/button_Add a new course' is clicked on

2022-01-15 18:36:22 - [MESSAGE][PASSED] - Object: 'Object Repository/AddSampleCourse/Page_Automation Testing Site/button_Add a new course' is clicked on

2022-01-15 18:36:22 - [TEST_STEP][PASSED] - setText(findTestObject("Object Repository/AddSampleCourse/Page_SiteTesting Add a new course/input_Course full name_fullname"), "Sample Course For Permission"): Text 'Sample Course For Permission' is set on object 'Object Repository/AddSampleCourse/Page_SiteTesting Add a new course/input_Course full name_fullname'

2022-01-15 18:36:23 - [MESSAGE][PASSED] - Text 'Sample Course For Permission' is set on object 'Object Repository/AddSampleCourse/Page_SiteTesting Add a new course/input_Course full name_fullname'

2022-01-15 18:36:23 - [TEST_STEP][PASSED] - setText(findTestObject("Object Repository/AddSampleCourse/Page_SiteTesting Add a new course/input_Course short name_shortname"), "SampleC"): Text 'SampleC' is set on object 'Object Repository/AddSampleCourse/Page_SiteTesting Add a new course/input_Course short name_shortname'

2022-01-15 18:36:24 - [MESSAGE][PASSED] - Text 'SampleC' is set on object 'Object Repository/AddSampleCourse/Page_SiteTesting Add a new course/input_Course short name_shortname'

2022-01-15 18:36:24 - [TEST_STEP][PASSED] - click(findTestObject("Object Repository/AddSampleCourse/Page_SiteTesting Add a new course/input__saveandreturn")): Object: 'Object Repository/AddSampleCourse/Page_SiteTesting Add a new course/input__saveandreturn' is clicked on

2022-01-15 18:36:25 - [MESSAGE][PASSED] - Object: 'Object Repository/AddSampleCourse/Page_SiteTesting Add a new course/input__saveandreturn' is clicked on

2022-01-15 18:36:25 - [TEST_STEP][PASSED] - verifyTextPresent("Sample Course For Permission", false): Text 'Sample Course For Permission' is present on page 

2022-01-15 18:36:26 - [MESSAGE][PASSED] - Text 'Sample Course For Permission' is present on page]]></system-out>
         <system-err><![CDATA[]]></system-err>
      </testcase>
      <testcase name="Test Cases/Student/0. Setup student env" time="158.64" classname="Test Cases/Student/0. Setup student env" status="PASSED">
         <system-out><![CDATA[2022-01-15 18:36:26 - [TEST_CASE][PASSED] - Test Cases/Student/0. Setup student env: Test Cases/Student/0. Setup student env

2022-01-15 18:36:26 - [TEST_STEP][PASSED] - openBrowser(""): Browser is opened with url: ''

2022-01-15 18:36:26 - [MESSAGE][WARNING] - A browser is already opened. Closing browser and opening a new one

2022-01-15 18:36:27 - [MESSAGE][INFO] - Starting 'Edge Chromium' driver

2022-01-15 18:36:29 - [MESSAGE][INFO] - Action delay is set to 0 milliseconds

2022-01-15 18:36:30 - [MESSAGE][PASSED] - Browser is opened with url: ''

2022-01-15 18:36:30 - [TEST_STEP][PASSED] - navigateToUrl("http://localhost/"): Navigate to 'http://localhost/' successfully

2022-01-15 18:36:31 - [MESSAGE][PASSED] - Navigate to 'http://localhost/' successfully

2022-01-15 18:36:31 - [TEST_STEP][PASSED] - click(findTestObject("Object Repository/Page_Automation Testing Site/a_Log in")): Object: 'Object Repository/Page_Automation Testing Site/a_Log in' is clicked on

2022-01-15 18:36:31 - [MESSAGE][PASSED] - Object: 'Object Repository/Page_Automation Testing Site/a_Log in' is clicked on

2022-01-15 18:36:31 - [TEST_STEP][PASSED] - setText(findTestObject("Object Repository/Page_Automation Testing Site Log in to the site/input_Username_username"), "admin"): Text 'admin' is set on object 'Object Repository/Page_Automation Testing Site Log in to the site/input_Username_username'

2022-01-15 18:36:32 - [MESSAGE][PASSED] - Text 'admin' is set on object 'Object Repository/Page_Automation Testing Site Log in to the site/input_Username_username'

2022-01-15 18:36:32 - [TEST_STEP][PASSED] - setEncryptedText(findTestObject("Object Repository/Page_Automation Testing Site Log in to the site/input_Password_password"), "cnpXG5HhkrZpEXzNIGBMZQ=="): Text ****** has been set on object 'Object Repository/Page_Automation Testing Site Log in to the site/input_Password_password'

2022-01-15 18:36:32 - [MESSAGE][PASSED] - Text ****** has been set on object 'Object Repository/Page_Automation Testing Site Log in to the site/input_Password_password'

2022-01-15 18:36:32 - [TEST_STEP][PASSED] - click(findTestObject("Object Repository/Page_Automation Testing Site Log in to the site/button_Log in")): Object: 'Object Repository/Page_Automation Testing Site Log in to the site/button_Log in' is clicked on

2022-01-15 18:36:34 - [MESSAGE][PASSED] - Object: 'Object Repository/Page_Automation Testing Site Log in to the site/button_Log in' is clicked on

2022-01-15 18:36:34 - [TEST_STEP][PASSED] - click(findTestObject("Object Repository/Page_Course and category management/span_Site administration")): Object: 'Object Repository/Page_Course and category management/span_Site administration' is clicked on

2022-01-15 18:36:35 - [MESSAGE][PASSED] - Object: 'Object Repository/Page_Course and category management/span_Site administration' is clicked on

2022-01-15 18:36:35 - [TEST_STEP][PASSED] - click(findTestObject("Object Repository/Page_SiteTesting Administration Search/a_Courses")): Object: 'Object Repository/Page_SiteTesting Administration Search/a_Courses' is clicked on

2022-01-15 18:36:36 - [MESSAGE][PASSED] - Object: 'Object Repository/Page_SiteTesting Administration Search/a_Courses' is clicked on

2022-01-15 18:36:36 - [TEST_STEP][PASSED] - click(findTestObject("Object Repository/Page_SiteTesting Administration Search/a_Manage courses and categories")): Object: 'Object Repository/Page_SiteTesting Administration Search/a_Manage courses and categories' is clicked on

2022-01-15 18:36:37 - [MESSAGE][PASSED] - Object: 'Object Repository/Page_SiteTesting Administration Search/a_Manage courses and categories' is clicked on

2022-01-15 18:36:37 - [TEST_STEP][PASSED] - click(findTestObject("Object Repository/Page_Course and category management/a_Create new course")): Object: 'Object Repository/Page_Course and category management/a_Create new course' is clicked on

2022-01-15 18:37:08 - [MESSAGE][INFO] - Unable to find the element located by 'By.xpath: //div[@id='yui_3_17_2_1_1642147506792_57']/div/div/a'. Please recheck the objects properties to make sure the desired element is located. 

2022-01-15 18:37:08 - [MESSAGE][WARNING] - [SELF-HEALING] Failed to find element with id 'Object Repository/Page_Course and category management/a_Create new course'. Try using Self-healing.

2022-01-15 18:37:08 - [MESSAGE][WARNING] - [SELF-HEALING] The current locator of test object 'Object Repository/Page_Course and category management/a_Create new course' was broken. Propose an alternative one: '//a[contains(text(),'Create new course')]'.

2022-01-15 18:37:09 - [MESSAGE][PASSED] - Object: 'Object Repository/Page_Course and category management/a_Create new course' is clicked on

2022-01-15 18:37:09 - [TEST_STEP][PASSED] - setText(findTestObject("Object Repository/Page_SiteTesting Add a new course/input_Course full name_fullname"), "CNTN"): Text 'CNTN' is set on object 'Object Repository/Page_SiteTesting Add a new course/input_Course full name_fullname'

2022-01-15 18:37:10 - [MESSAGE][PASSED] - Text 'CNTN' is set on object 'Object Repository/Page_SiteTesting Add a new course/input_Course full name_fullname'

2022-01-15 18:37:10 - [TEST_STEP][PASSED] - setText(findTestObject("Object Repository/Page_SiteTesting Add a new course/input_Course short name_shortname"), "cntn"): Text 'cntn' is set on object 'Object Repository/Page_SiteTesting Add a new course/input_Course short name_shortname'

2022-01-15 18:37:11 - [MESSAGE][PASSED] - Text 'cntn' is set on object 'Object Repository/Page_SiteTesting Add a new course/input_Course short name_shortname'

2022-01-15 18:37:11 - [TEST_STEP][PASSED] - click(findTestObject("Object Repository/Page_SiteTesting Add a new course/input__saveanddisplay")): Object: 'Object Repository/Page_SiteTesting Add a new course/input__saveanddisplay' is clicked on

2022-01-15 18:37:13 - [MESSAGE][PASSED] - Object: 'Object Repository/Page_SiteTesting Add a new course/input__saveanddisplay' is clicked on

2022-01-15 18:37:13 - [TEST_STEP][PASSED] - click(findTestObject("Object Repository/Page_Grades View/span_General")): Object: 'Object Repository/Page_Grades View/span_General' is clicked on

2022-01-15 18:37:13 - [MESSAGE][PASSED] - Object: 'Object Repository/Page_Grades View/span_General' is clicked on

2022-01-15 18:37:13 - [TEST_STEP][PASSED] - scrollToPosition(0, 0): Browser is scrolled to position x = 0, y = 0

2022-01-15 18:37:13 - [MESSAGE][PASSED] - Browser is scrolled to position x = 0, y = 0

2022-01-15 18:37:13 - [TEST_STEP][PASSED] - click(findTestObject("Object Repository/Page_Course CNTN/button_Turn editing on")): Object: 'Object Repository/Page_Course CNTN/button_Turn editing on' is clicked on

2022-01-15 18:37:14 - [MESSAGE][PASSED] - Object: 'Object Repository/Page_Course CNTN/button_Turn editing on' is clicked on

2022-01-15 18:37:14 - [TEST_STEP][PASSED] - click(findTestObject("Object Repository/Page_Course CNTN/span_Add an activity or resource")): Object: 'Object Repository/Page_Course CNTN/span_Add an activity or resource' is clicked on

2022-01-15 18:37:15 - [MESSAGE][PASSED] - Object: 'Object Repository/Page_Course CNTN/span_Add an activity or resource' is clicked on

2022-01-15 18:37:15 - [TEST_STEP][PASSED] - click(findTestObject("Object Repository/Page_Course CNTN/div_Assignment")): Object: 'Object Repository/Page_Course CNTN/div_Assignment' is clicked on

2022-01-15 18:37:46 - [MESSAGE][INFO] - Unable to find the element located by 'By.xpath: //div[@id='all-6']/div/div/div/a/div[2]'. Please recheck the objects properties to make sure the desired element is located. 

2022-01-15 18:37:46 - [MESSAGE][WARNING] - [SELF-HEALING] Failed to find element with id 'Object Repository/Page_Course CNTN/div_Assignment'. Try using Self-healing.

2022-01-15 18:37:47 - [MESSAGE][WARNING] - [SELF-HEALING] The current locator of test object 'Object Repository/Page_Course CNTN/div_Assignment' was broken. Propose an alternative one: '(.//*[normalize-space(text()) and normalize-space(.)='Recommended'])[1]/following::div[9]'.

2022-01-15 18:37:48 - [MESSAGE][PASSED] - Object: 'Object Repository/Page_Course CNTN/div_Assignment' is clicked on

2022-01-15 18:37:48 - [TEST_STEP][PASSED] - setText(findTestObject("Object Repository/Page_Editing Assignment/input_Assignment name_name"), "assignment test"): Text 'assignment test' is set on object 'Object Repository/Page_Editing Assignment/input_Assignment name_name'

2022-01-15 18:37:49 - [MESSAGE][PASSED] - Text 'assignment test' is set on object 'Object Repository/Page_Editing Assignment/input_Assignment name_name'

2022-01-15 18:37:49 - [TEST_STEP][PASSED] - click(findTestObject("Object Repository/Page_Editing Assignment/input_File submissions_assignsubmission_fil_19d1d4")): Object: 'Object Repository/Page_Editing Assignment/input_File submissions_assignsubmission_fil_19d1d4' is clicked on

2022-01-15 18:37:50 - [MESSAGE][PASSED] - Object: 'Object Repository/Page_Editing Assignment/input_File submissions_assignsubmission_fil_19d1d4' is clicked on

2022-01-15 18:37:50 - [TEST_STEP][PASSED] - click(findTestObject("Object Repository/Page_Editing Assignment/input_Online text_assignsubmission_onlinete_900d47")): Object: 'Object Repository/Page_Editing Assignment/input_Online text_assignsubmission_onlinete_900d47' is clicked on

2022-01-15 18:37:50 - [MESSAGE][PASSED] - Object: 'Object Repository/Page_Editing Assignment/input_Online text_assignsubmission_onlinete_900d47' is clicked on

2022-01-15 18:37:50 - [TEST_STEP][PASSED] - click(findTestObject("Object Repository/Page_Editing Assignment/input_Upon activity completion_submitbutton2")): Object: 'Object Repository/Page_Editing Assignment/input_Upon activity completion_submitbutton2' is clicked on

2022-01-15 18:37:51 - [MESSAGE][PASSED] - Object: 'Object Repository/Page_Editing Assignment/input_Upon activity completion_submitbutton2' is clicked on

2022-01-15 18:37:51 - [TEST_STEP][PASSED] - click(findTestObject("Object Repository/Page_Course CNTN/span_Add an activity or resource_1")): Object: 'Object Repository/Page_Course CNTN/span_Add an activity or resource_1' is clicked on

2022-01-15 18:38:23 - [MESSAGE][INFO] - Unable to find the element located by 'By.xpath: //span[@id='yui_3_17_2_1_1642138852412_644']'. Please recheck the objects properties to make sure the desired element is located. 

2022-01-15 18:38:23 - [MESSAGE][WARNING] - [SELF-HEALING] Failed to find element with id 'Object Repository/Page_Course CNTN/span_Add an activity or resource_1'. Try using Self-healing.

2022-01-15 18:38:23 - [MESSAGE][WARNING] - [SELF-HEALING] The current locator of test object 'Object Repository/Page_Course CNTN/span_Add an activity or resource_1' was broken. Propose an alternative one: '(.//*[normalize-space(text()) and normalize-space(.)='Add file(s) here'])[1]/following::span[1]'.

2022-01-15 18:38:23 - [MESSAGE][PASSED] - Object: 'Object Repository/Page_Course CNTN/span_Add an activity or resource_1' is clicked on

2022-01-15 18:38:23 - [TEST_STEP][PASSED] - click(findTestObject("Object Repository/Page_Course CNTN/div_Chat")): Object: 'Object Repository/Page_Course CNTN/div_Chat' is clicked on

2022-01-15 18:38:25 - [MESSAGE][PASSED] - Object: 'Object Repository/Page_Course CNTN/div_Chat' is clicked on

2022-01-15 18:38:25 - [TEST_STEP][PASSED] - setText(findTestObject("Object Repository/Page_Editing Chat/input_Name of this chat room_name"), "chat test"): Text 'chat test' is set on object 'Object Repository/Page_Editing Chat/input_Name of this chat room_name'

2022-01-15 18:38:26 - [MESSAGE][PASSED] - Text 'chat test' is set on object 'Object Repository/Page_Editing Chat/input_Name of this chat room_name'

2022-01-15 18:38:26 - [TEST_STEP][PASSED] - click(findTestObject("Object Repository/Page_Editing Chat/input_Upon activity completion_submitbutton2")): Object: 'Object Repository/Page_Editing Chat/input_Upon activity completion_submitbutton2' is clicked on

2022-01-15 18:38:27 - [MESSAGE][PASSED] - Object: 'Object Repository/Page_Editing Chat/input_Upon activity completion_submitbutton2' is clicked on

2022-01-15 18:38:27 - [TEST_STEP][PASSED] - click(findTestObject("Object Repository/Page_Course CNTN/span_Add an activity or resource_1_2_3")): Object: 'Object Repository/Page_Course CNTN/span_Add an activity or resource_1_2_3' is clicked on

2022-01-15 18:38:59 - [MESSAGE][INFO] - Unable to find the element located by 'By.xpath: //span[@id='yui_3_17_2_1_1642147556110_611']'. Please recheck the objects properties to make sure the desired element is located. 

2022-01-15 18:38:59 - [MESSAGE][WARNING] - [SELF-HEALING] Failed to find element with id 'Object Repository/Page_Course CNTN/span_Add an activity or resource_1_2_3'. Try using Self-healing.

2022-01-15 18:38:59 - [MESSAGE][WARNING] - [SELF-HEALING] The current locator of test object 'Object Repository/Page_Course CNTN/span_Add an activity or resource_1_2_3' was broken. Propose an alternative one: '(.//*[normalize-space(text()) and normalize-space(.)='Add file(s) here'])[1]/following::span[1]'.

2022-01-15 18:38:59 - [MESSAGE][PASSED] - Object: 'Object Repository/Page_Course CNTN/span_Add an activity or resource_1_2_3' is clicked on

2022-01-15 18:38:59 - [TEST_STEP][PASSED] - click(findTestObject("Object Repository/Page_Course CNTN/div_Forum")): Object: 'Object Repository/Page_Course CNTN/div_Forum' is clicked on

2022-01-15 18:39:01 - [MESSAGE][PASSED] - Object: 'Object Repository/Page_Course CNTN/div_Forum' is clicked on

2022-01-15 18:39:01 - [TEST_STEP][PASSED] - setText(findTestObject("Object Repository/Page_Editing Forum/input_Forum name_name"), "forum test"): Text 'forum test' is set on object 'Object Repository/Page_Editing Forum/input_Forum name_name'

2022-01-15 18:39:02 - [MESSAGE][PASSED] - Text 'forum test' is set on object 'Object Repository/Page_Editing Forum/input_Forum name_name'

2022-01-15 18:39:02 - [TEST_STEP][PASSED] - click(findTestObject("Object Repository/Page_Editing Forum/input_Upon activity completion_submitbutton2")): Object: 'Object Repository/Page_Editing Forum/input_Upon activity completion_submitbutton2' is clicked on

2022-01-15 18:39:04 - [MESSAGE][PASSED] - Object: 'Object Repository/Page_Editing Forum/input_Upon activity completion_submitbutton2' is clicked on

2022-01-15 18:39:04 - [TEST_STEP][PASSED] - closeBrowser(): Browser is closed

2022-01-15 18:39:04 - [MESSAGE][PASSED] - Browser is closed]]></system-out>
         <system-err><![CDATA[]]></system-err>
      </testcase>
      <testcase name="Test Cases/Student/1. Join class" time="147.098" classname="Test Cases/Student/1. Join class" status="PASSED">
         <system-out><![CDATA[2022-01-15 18:39:04 - [TEST_CASE][PASSED] - Test Cases/Student/1. Join class: Test Cases/Student/1. Join class

2022-01-15 18:39:05 - [TEST_STEP][PASSED] - openBrowser(""): Browser is opened with url: ''

2022-01-15 18:39:05 - [MESSAGE][INFO] - Starting 'Edge Chromium' driver

2022-01-15 18:39:07 - [MESSAGE][INFO] - Action delay is set to 0 milliseconds

2022-01-15 18:39:08 - [MESSAGE][PASSED] - Browser is opened with url: ''

2022-01-15 18:39:08 - [TEST_STEP][PASSED] - navigateToUrl("http://localhost/"): Navigate to 'http://localhost/' successfully

2022-01-15 18:39:08 - [MESSAGE][PASSED] - Navigate to 'http://localhost/' successfully

2022-01-15 18:39:08 - [TEST_STEP][PASSED] - click(findTestObject("Object Repository/Page_Automation Testing Site/a_Log in")): Object: 'Object Repository/Page_Automation Testing Site/a_Log in' is clicked on

2022-01-15 18:39:09 - [MESSAGE][PASSED] - Object: 'Object Repository/Page_Automation Testing Site/a_Log in' is clicked on

2022-01-15 18:39:09 - [TEST_STEP][PASSED] - setText(findTestObject("Object Repository/Page_Automation Testing Site Log in to the site/input_Username_username"), "admin"): Text 'admin' is set on object 'Object Repository/Page_Automation Testing Site Log in to the site/input_Username_username'

2022-01-15 18:39:10 - [MESSAGE][PASSED] - Text 'admin' is set on object 'Object Repository/Page_Automation Testing Site Log in to the site/input_Username_username'

2022-01-15 18:39:10 - [TEST_STEP][PASSED] - setEncryptedText(findTestObject("Object Repository/Page_Automation Testing Site Log in to the site/input_Password_password"), "cnpXG5HhkrZpEXzNIGBMZQ=="): Text ****** has been set on object 'Object Repository/Page_Automation Testing Site Log in to the site/input_Password_password'

2022-01-15 18:39:10 - [MESSAGE][PASSED] - Text ****** has been set on object 'Object Repository/Page_Automation Testing Site Log in to the site/input_Password_password'

2022-01-15 18:39:10 - [TEST_STEP][PASSED] - click(findTestObject("Object Repository/Page_Automation Testing Site Log in to the site/button_Log in")): Object: 'Object Repository/Page_Automation Testing Site Log in to the site/button_Log in' is clicked on

2022-01-15 18:39:12 - [MESSAGE][PASSED] - Object: 'Object Repository/Page_Automation Testing Site Log in to the site/button_Log in' is clicked on

2022-01-15 18:39:12 - [TEST_STEP][PASSED] - click(findTestObject("Object Repository/Page_Dashboard/span_Site administration")): Object: 'Object Repository/Page_Dashboard/span_Site administration' is clicked on

2022-01-15 18:39:13 - [MESSAGE][PASSED] - Object: 'Object Repository/Page_Dashboard/span_Site administration' is clicked on

2022-01-15 18:39:13 - [TEST_STEP][PASSED] - click(findTestObject("Object Repository/Page_SiteTesting Administration Search/a_Users")): Object: 'Object Repository/Page_SiteTesting Administration Search/a_Users' is clicked on

2022-01-15 18:39:14 - [MESSAGE][PASSED] - Object: 'Object Repository/Page_SiteTesting Administration Search/a_Users' is clicked on

2022-01-15 18:39:14 - [TEST_STEP][PASSED] - click(findTestObject("Object Repository/Page_SiteTesting Administration Search/a_Add a new user")): Object: 'Object Repository/Page_SiteTesting Administration Search/a_Add a new user' is clicked on

2022-01-15 18:39:15 - [MESSAGE][PASSED] - Object: 'Object Repository/Page_SiteTesting Administration Search/a_Add a new user' is clicked on

2022-01-15 18:39:15 - [TEST_STEP][PASSED] - setText(findTestObject("Object Repository/Page_SiteTesting Administration Users Accou_a8eb60/input_Username_username"), "student"): Text 'student' is set on object 'Object Repository/Page_SiteTesting Administration Users Accou_a8eb60/input_Username_username'

2022-01-15 18:39:17 - [MESSAGE][PASSED] - Text 'student' is set on object 'Object Repository/Page_SiteTesting Administration Users Accou_a8eb60/input_Username_username'

2022-01-15 18:39:17 - [TEST_STEP][PASSED] - click(findTestObject("Object Repository/Page_SiteTesting Administration Users Accou_a8eb60/em_Click to enter text")): Object: 'Object Repository/Page_SiteTesting Administration Users Accou_a8eb60/em_Click to enter text' is clicked on

2022-01-15 18:39:48 - [MESSAGE][INFO] - Unable to find the element located by 'By.xpath: //a[@id='yui_3_17_2_1_1642121855075_766']/span/span/em'. Please recheck the objects properties to make sure the desired element is located. 

2022-01-15 18:39:48 - [MESSAGE][WARNING] - [SELF-HEALING] Failed to find element with id 'Object Repository/Page_SiteTesting Administration Users Accou_a8eb60/em_Click to enter text'. Try using Self-healing.

2022-01-15 18:39:48 - [MESSAGE][WARNING] - [SELF-HEALING] The current locator of test object 'Object Repository/Page_SiteTesting Administration Users Accou_a8eb60/em_Click to enter text' was broken. Propose an alternative one: '(.//*[normalize-space(text()) and normalize-space(.)='New password'])[1]/following::em[1]'.

2022-01-15 18:39:48 - [MESSAGE][PASSED] - Object: 'Object Repository/Page_SiteTesting Administration Users Accou_a8eb60/em_Click to enter text' is clicked on

2022-01-15 18:39:48 - [TEST_STEP][PASSED] - setEncryptedText(findTestObject("Object Repository/Page_SiteTesting Administration Users Accou_a8eb60/input_New password_newpassword"), "cnpXG5HhkrZpEXzNIGBMZQ=="): Text ****** has been set on object 'Object Repository/Page_SiteTesting Administration Users Accou_a8eb60/input_New password_newpassword'

2022-01-15 18:39:49 - [MESSAGE][PASSED] - Text ****** has been set on object 'Object Repository/Page_SiteTesting Administration Users Accou_a8eb60/input_New password_newpassword'

2022-01-15 18:39:49 - [TEST_STEP][PASSED] - setText(findTestObject("Object Repository/Page_SiteTesting Administration Users Accou_a8eb60/input_First name_firstname"), "a"): Text 'a' is set on object 'Object Repository/Page_SiteTesting Administration Users Accou_a8eb60/input_First name_firstname'

2022-01-15 18:39:50 - [MESSAGE][PASSED] - Text 'a' is set on object 'Object Repository/Page_SiteTesting Administration Users Accou_a8eb60/input_First name_firstname'

2022-01-15 18:39:50 - [TEST_STEP][PASSED] - setText(findTestObject("Object Repository/Page_SiteTesting Administration Users Accou_a8eb60/input_Surname_lastname"), "b"): Text 'b' is set on object 'Object Repository/Page_SiteTesting Administration Users Accou_a8eb60/input_Surname_lastname'

2022-01-15 18:39:51 - [MESSAGE][PASSED] - Text 'b' is set on object 'Object Repository/Page_SiteTesting Administration Users Accou_a8eb60/input_Surname_lastname'

2022-01-15 18:39:51 - [TEST_STEP][PASSED] - setText(findTestObject("Object Repository/Page_SiteTesting Administration Users Accou_a8eb60/input_Email address_email"), "c@gmail.com"): Text 'c@gmail.com' is set on object 'Object Repository/Page_SiteTesting Administration Users Accou_a8eb60/input_Email address_email'

2022-01-15 18:39:51 - [MESSAGE][PASSED] - Text 'c@gmail.com' is set on object 'Object Repository/Page_SiteTesting Administration Users Accou_a8eb60/input_Email address_email'

2022-01-15 18:39:51 - [TEST_STEP][PASSED] - click(findTestObject("Object Repository/Page_SiteTesting Administration Users Accou_a8eb60/input_Address_submitbutton")): Object: 'Object Repository/Page_SiteTesting Administration Users Accou_a8eb60/input_Address_submitbutton' is clicked on

2022-01-15 18:39:53 - [MESSAGE][PASSED] - Object: 'Object Repository/Page_SiteTesting Administration Users Accou_a8eb60/input_Address_submitbutton' is clicked on

2022-01-15 18:39:53 - [TEST_STEP][PASSED] - click(findTestObject("Object Repository/Page_SiteTesting Administration Search/span_Site home")): Object: 'Object Repository/Page_SiteTesting Administration Search/span_Site home' is clicked on

2022-01-15 18:39:54 - [MESSAGE][PASSED] - Object: 'Object Repository/Page_SiteTesting Administration Search/span_Site home' is clicked on

2022-01-15 18:39:54 - [TEST_STEP][PASSED] - click(findTestObject("Object Repository/Page_Automation Testing Site/a_CNTN")): Object: 'Object Repository/Page_Automation Testing Site/a_CNTN' is clicked on

2022-01-15 18:39:55 - [MESSAGE][PASSED] - Object: 'Object Repository/Page_Automation Testing Site/a_CNTN' is clicked on

2022-01-15 18:39:55 - [TEST_STEP][PASSED] - click(findTestObject("Object Repository/Page_Course CNTN/span_Participants")): Object: 'Object Repository/Page_Course CNTN/span_Participants' is clicked on

2022-01-15 18:39:55 - [MESSAGE][PASSED] - Object: 'Object Repository/Page_Course CNTN/span_Participants' is clicked on

2022-01-15 18:39:55 - [TEST_STEP][PASSED] - click(findTestObject("Object Repository/Page_cntn Participants/input_Participants_btn btn-secondary my-1")): Object: 'Object Repository/Page_cntn Participants/input_Participants_btn btn-secondary my-1' is clicked on

2022-01-15 18:39:56 - [MESSAGE][PASSED] - Object: 'Object Repository/Page_cntn Participants/input_Participants_btn btn-secondary my-1' is clicked on

2022-01-15 18:39:56 - [TEST_STEP][PASSED] - click(findTestObject("Object Repository/Page_cntn Participants/span_")): Object: 'Object Repository/Page_cntn Participants/span_' is clicked on

2022-01-15 18:40:27 - [MESSAGE][INFO] - Unable to find the element located by 'By.xpath: //span[@id='form_autocomplete_downarrow-1642122004951']'. Please recheck the objects properties to make sure the desired element is located. 

2022-01-15 18:40:27 - [MESSAGE][WARNING] - [SELF-HEALING] Failed to find element with id 'Object Repository/Page_cntn Participants/span_'. Try using Self-healing.

2022-01-15 18:40:27 - [MESSAGE][WARNING] - [SELF-HEALING] The current locator of test object 'Object Repository/Page_cntn Participants/span_' was broken. Propose an alternative one: '//div[@id='fitem_id_userlist']/div[2]/div[3]/span'.

2022-01-15 18:40:27 - [MESSAGE][PASSED] - Object: 'Object Repository/Page_cntn Participants/span_' is clicked on

2022-01-15 18:40:27 - [TEST_STEP][PASSED] - click(findTestObject("Object Repository/Page_cntn Participants/small_cgmail.com")): Object: 'Object Repository/Page_cntn Participants/small_cgmail.com' is clicked on

2022-01-15 18:40:59 - [MESSAGE][INFO] - Unable to find the element located by 'By.xpath: //li[@id='form_autocomplete_suggestions-1642122004951-0']/span/span[2]/small'. Please recheck the objects properties to make sure the desired element is located. 

2022-01-15 18:40:59 - [MESSAGE][WARNING] - [SELF-HEALING] Failed to find element with id 'Object Repository/Page_cntn Participants/small_cgmail.com'. Try using Self-healing.

2022-01-15 18:40:59 - [MESSAGE][WARNING] - [SELF-HEALING] The current locator of test object 'Object Repository/Page_cntn Participants/small_cgmail.com' was broken. Propose an alternative one: '(.//*[normalize-space(text()) and normalize-space(.)='a b'])[2]/following::small[1]'.

2022-01-15 18:40:59 - [MESSAGE][PASSED] - Object: 'Object Repository/Page_cntn Participants/small_cgmail.com' is clicked on

2022-01-15 18:40:59 - [TEST_STEP][PASSED] - click(findTestObject("Object Repository/Page_cntn Participants/button_Enrol users")): Object: 'Object Repository/Page_cntn Participants/button_Enrol users' is clicked on

2022-01-15 18:41:30 - [MESSAGE][INFO] - Unable to find the element located by 'By.xpath: //button[@id='yui_3_17_2_1_1642122004793_252']'. Please recheck the objects properties to make sure the desired element is located. 

2022-01-15 18:41:30 - [MESSAGE][WARNING] - [SELF-HEALING] Failed to find element with id 'Object Repository/Page_cntn Participants/button_Enrol users'. Try using Self-healing.

2022-01-15 18:41:31 - [MESSAGE][WARNING] - [SELF-HEALING] The current locator of test object 'Object Repository/Page_cntn Participants/button_Enrol users' was broken. Propose an alternative one: '(.//*[normalize-space(text()) and normalize-space(.)='Minute'])[1]/following::button[1]'.

2022-01-15 18:41:31 - [MESSAGE][PASSED] - Object: 'Object Repository/Page_cntn Participants/button_Enrol users' is clicked on

2022-01-15 18:41:31 - [TEST_STEP][PASSED] - closeBrowser(): Browser is closed

2022-01-15 18:41:32 - [MESSAGE][PASSED] - Browser is closed]]></system-out>
         <system-err><![CDATA[]]></system-err>
      </testcase>
      <testcase name="Test Cases/Student/3. Calendar/1. create calendar event" time="75.552" classname="Test Cases/Student/3. Calendar/1. create calendar event" status="PASSED">
         <system-out><![CDATA[2022-01-15 18:41:32 - [TEST_CASE][PASSED] - Test Cases/Student/3. Calendar/1. create calendar event: Test Cases/Student/3. Calendar/1. create calendar event

2022-01-15 18:41:32 - [TEST_STEP][PASSED] - callTestCase(findTestCase("Student/2. Login as student"), [:], STOP_ON_FAILURE): Call Test Case 'Test Cases/Student/2. Login as student' successfully

2022-01-15 18:41:32 - [TEST_CASE][PASSED] - Test Cases/Student/2. Login as student: Test Cases/Student/2. Login as student

2022-01-15 18:41:32 - [TEST_STEP][PASSED] - openBrowser(""): Browser is opened with url: ''

2022-01-15 18:41:32 - [MESSAGE][INFO] - Starting 'Edge Chromium' driver

2022-01-15 18:41:34 - [MESSAGE][INFO] - Action delay is set to 0 milliseconds

2022-01-15 18:41:35 - [MESSAGE][PASSED] - Browser is opened with url: ''

2022-01-15 18:41:35 - [TEST_STEP][PASSED] - navigateToUrl("http://localhost/"): Navigate to 'http://localhost/' successfully

2022-01-15 18:41:36 - [MESSAGE][PASSED] - Navigate to 'http://localhost/' successfully

2022-01-15 18:41:36 - [TEST_STEP][PASSED] - click(findTestObject("Object Repository/Page_Automation Testing Site/a_Log in")): Object: 'Object Repository/Page_Automation Testing Site/a_Log in' is clicked on

2022-01-15 18:41:36 - [MESSAGE][PASSED] - Object: 'Object Repository/Page_Automation Testing Site/a_Log in' is clicked on

2022-01-15 18:41:36 - [TEST_STEP][PASSED] - setText(findTestObject("Object Repository/Page_Automation Testing Site Log in to the site/input_Username_username"), "student"): Text 'student' is set on object 'Object Repository/Page_Automation Testing Site Log in to the site/input_Username_username'

2022-01-15 18:41:37 - [MESSAGE][PASSED] - Text 'student' is set on object 'Object Repository/Page_Automation Testing Site Log in to the site/input_Username_username'

2022-01-15 18:41:37 - [TEST_STEP][PASSED] - setEncryptedText(findTestObject("Object Repository/Page_Automation Testing Site Log in to the site/input_Password_password"), "cnpXG5HhkrZpEXzNIGBMZQ=="): Text ****** has been set on object 'Object Repository/Page_Automation Testing Site Log in to the site/input_Password_password'

2022-01-15 18:41:38 - [MESSAGE][PASSED] - Text ****** has been set on object 'Object Repository/Page_Automation Testing Site Log in to the site/input_Password_password'

2022-01-15 18:41:38 - [TEST_STEP][PASSED] - click(findTestObject("Object Repository/Page_Automation Testing Site Log in to the site/button_Log in")): Object: 'Object Repository/Page_Automation Testing Site Log in to the site/button_Log in' is clicked on

2022-01-15 18:41:39 - [MESSAGE][PASSED] - Object: 'Object Repository/Page_Automation Testing Site Log in to the site/button_Log in' is clicked on

2022-01-15 18:41:39 - [TEST_STEP][PASSED] - click(findTestObject("Object Repository/Page_Dashboard/span_Site home")): Object: 'Object Repository/Page_Dashboard/span_Site home' is clicked on

2022-01-15 18:42:10 - [MESSAGE][INFO] - Unable to find the element located by 'By.xpath: '. Please recheck the objects properties to make sure the desired element is located. 

2022-01-15 18:42:10 - [MESSAGE][WARNING] - [SELF-HEALING] Failed to find element with id 'Object Repository/Page_Dashboard/span_Site home'. Try using Self-healing.

2022-01-15 18:42:10 - [MESSAGE][WARNING] - [SELF-HEALING] The current locator of test object 'Object Repository/Page_Dashboard/span_Site home' was broken. Propose an alternative one: '//div[@id='nav-drawer']/nav/ul/li[2]/a/div/div/span[2]'.

2022-01-15 18:42:11 - [MESSAGE][PASSED] - Object: 'Object Repository/Page_Dashboard/span_Site home' is clicked on

2022-01-15 18:42:11 - [TEST_STEP][PASSED] - click(findTestObject("Object Repository/Page_Automation Testing Site/a_CNTN")): Object: 'Object Repository/Page_Automation Testing Site/a_CNTN' is clicked on

2022-01-15 18:42:11 - [MESSAGE][PASSED] - Object: 'Object Repository/Page_Automation Testing Site/a_CNTN' is clicked on

2022-01-15 18:42:11 - [MESSAGE][INFO] - 

2022-01-15 18:42:11 - [MESSAGE][INFO] - ===================== Self-healing Report ====================

2022-01-15 18:42:11 - [MESSAGE][INFO] - One of the failed test object locators has been recovered by Self-healing. Please refer to the Self-healing Insights tab for more details.

2022-01-15 18:42:11 - [MESSAGE][INFO] - To learn more about Self-healing, please read https://docs.katalon.com/katalon-studio/docs/self-healing.html

2022-01-15 18:42:11 - [MESSAGE][INFO] - ==============================================================

2022-01-15 18:42:11 - [MESSAGE][PASSED] - Call Test Case 'Test Cases/Student/2. Login as student' successfully

2022-01-15 18:42:11 - [TEST_STEP][PASSED] - navigateToUrl("http://localhost/calendar/view.php?view=month"): Navigate to 'http://localhost/calendar/view.php?view=month' successfully

2022-01-15 18:42:12 - [MESSAGE][PASSED] - Navigate to 'http://localhost/calendar/view.php?view=month' successfully

2022-01-15 18:42:12 - [TEST_STEP][PASSED] - click(findTestObject("Object Repository/Page_SiteTesting Calendar Detailed month vi_90ebed/button_New event")): Object: 'Object Repository/Page_SiteTesting Calendar Detailed month vi_90ebed/button_New event' is clicked on

2022-01-15 18:42:13 - [MESSAGE][PASSED] - Object: 'Object Repository/Page_SiteTesting Calendar Detailed month vi_90ebed/button_New event' is clicked on

2022-01-15 18:42:13 - [TEST_STEP][PASSED] - setText(findTestObject("Object Repository/Page_SiteTesting Calendar Detailed month vi_90ebed/input_Event title_name"), "new"): Text 'new' is set on object 'Object Repository/Page_SiteTesting Calendar Detailed month vi_90ebed/input_Event title_name'

2022-01-15 18:42:14 - [MESSAGE][PASSED] - Text 'new' is set on object 'Object Repository/Page_SiteTesting Calendar Detailed month vi_90ebed/input_Event title_name'

2022-01-15 18:42:14 - [TEST_STEP][PASSED] - click(findTestObject("Object Repository/Page_SiteTesting Calendar Detailed month vi_90ebed/button_Save")): Object: 'Object Repository/Page_SiteTesting Calendar Detailed month vi_90ebed/button_Save' is clicked on

2022-01-15 18:42:46 - [MESSAGE][INFO] - Unable to find the element located by 'By.xpath: //button[@type = 'button' and @class = 'btn btn-primary' and @data-action = 'save' and (text() = '

            Save
            
                
                
                
            
        ' or . = '

            Save
            
                
                
                
            
        ')]'. Please recheck the objects properties to make sure the desired element is located. 

2022-01-15 18:42:46 - [MESSAGE][WARNING] - [SELF-HEALING] Failed to find element with id 'Object Repository/Page_SiteTesting Calendar Detailed month vi_90ebed/button_Save'. Try using Self-healing.

2022-01-15 18:42:46 - [MESSAGE][WARNING] - [SELF-HEALING] The current locator of test object 'Object Repository/Page_SiteTesting Calendar Detailed month vi_90ebed/button_Save' was broken. Propose an alternative one: '(.//*[normalize-space(text()) and normalize-space(.)='Repeat weekly, creating altogether'])[1]/following::button[1]'.

2022-01-15 18:42:46 - [MESSAGE][PASSED] - Object: 'Object Repository/Page_SiteTesting Calendar Detailed month vi_90ebed/button_Save' is clicked on

2022-01-15 18:42:46 - [TEST_STEP][PASSED] - closeBrowser(): Browser is closed

2022-01-15 18:42:47 - [MESSAGE][PASSED] - Browser is closed]]></system-out>
         <system-err><![CDATA[]]></system-err>
      </testcase>
      <testcase name="Test Cases/Student/3. Calendar/3. create calendar empty title" time="74.102" classname="Test Cases/Student/3. Calendar/3. create calendar empty title" status="PASSED">
         <system-out><![CDATA[2022-01-15 18:42:47 - [TEST_CASE][PASSED] - Test Cases/Student/3. Calendar/3. create calendar empty title: Test Cases/Student/3. Calendar/3. create calendar empty title

2022-01-15 18:42:47 - [TEST_STEP][PASSED] - callTestCase(findTestCase("Student/2. Login as student"), [:], STOP_ON_FAILURE): Call Test Case 'Test Cases/Student/2. Login as student' successfully

2022-01-15 18:42:47 - [TEST_CASE][PASSED] - Test Cases/Student/2. Login as student: Test Cases/Student/2. Login as student

2022-01-15 18:42:47 - [TEST_STEP][PASSED] - openBrowser(""): Browser is opened with url: ''

2022-01-15 18:42:47 - [MESSAGE][INFO] - Starting 'Edge Chromium' driver

2022-01-15 18:42:50 - [MESSAGE][INFO] - Action delay is set to 0 milliseconds

2022-01-15 18:42:50 - [MESSAGE][PASSED] - Browser is opened with url: ''

2022-01-15 18:42:50 - [TEST_STEP][PASSED] - navigateToUrl("http://localhost/"): Navigate to 'http://localhost/' successfully

2022-01-15 18:42:51 - [MESSAGE][PASSED] - Navigate to 'http://localhost/' successfully

2022-01-15 18:42:51 - [TEST_STEP][PASSED] - click(findTestObject("Object Repository/Page_Automation Testing Site/a_Log in")): Object: 'Object Repository/Page_Automation Testing Site/a_Log in' is clicked on

2022-01-15 18:42:52 - [MESSAGE][PASSED] - Object: 'Object Repository/Page_Automation Testing Site/a_Log in' is clicked on

2022-01-15 18:42:52 - [TEST_STEP][PASSED] - setText(findTestObject("Object Repository/Page_Automation Testing Site Log in to the site/input_Username_username"), "student"): Text 'student' is set on object 'Object Repository/Page_Automation Testing Site Log in to the site/input_Username_username'

2022-01-15 18:42:53 - [MESSAGE][PASSED] - Text 'student' is set on object 'Object Repository/Page_Automation Testing Site Log in to the site/input_Username_username'

2022-01-15 18:42:53 - [TEST_STEP][PASSED] - setEncryptedText(findTestObject("Object Repository/Page_Automation Testing Site Log in to the site/input_Password_password"), "cnpXG5HhkrZpEXzNIGBMZQ=="): Text ****** has been set on object 'Object Repository/Page_Automation Testing Site Log in to the site/input_Password_password'

2022-01-15 18:42:53 - [MESSAGE][PASSED] - Text ****** has been set on object 'Object Repository/Page_Automation Testing Site Log in to the site/input_Password_password'

2022-01-15 18:42:53 - [TEST_STEP][PASSED] - click(findTestObject("Object Repository/Page_Automation Testing Site Log in to the site/button_Log in")): Object: 'Object Repository/Page_Automation Testing Site Log in to the site/button_Log in' is clicked on

2022-01-15 18:42:54 - [MESSAGE][PASSED] - Object: 'Object Repository/Page_Automation Testing Site Log in to the site/button_Log in' is clicked on

2022-01-15 18:42:54 - [TEST_STEP][PASSED] - click(findTestObject("Object Repository/Page_Dashboard/span_Site home")): Object: 'Object Repository/Page_Dashboard/span_Site home' is clicked on

2022-01-15 18:43:26 - [MESSAGE][INFO] - Unable to find the element located by 'By.xpath: '. Please recheck the objects properties to make sure the desired element is located. 

2022-01-15 18:43:26 - [MESSAGE][WARNING] - [SELF-HEALING] Failed to find element with id 'Object Repository/Page_Dashboard/span_Site home'. Try using Self-healing.

2022-01-15 18:43:26 - [MESSAGE][WARNING] - [SELF-HEALING] The current locator of test object 'Object Repository/Page_Dashboard/span_Site home' was broken. Propose an alternative one: '//div[@id='nav-drawer']/nav/ul/li[2]/a/div/div/span[2]'.

2022-01-15 18:43:26 - [MESSAGE][PASSED] - Object: 'Object Repository/Page_Dashboard/span_Site home' is clicked on

2022-01-15 18:43:26 - [TEST_STEP][PASSED] - click(findTestObject("Object Repository/Page_Automation Testing Site/a_CNTN")): Object: 'Object Repository/Page_Automation Testing Site/a_CNTN' is clicked on

2022-01-15 18:43:27 - [MESSAGE][PASSED] - Object: 'Object Repository/Page_Automation Testing Site/a_CNTN' is clicked on

2022-01-15 18:43:27 - [MESSAGE][INFO] - 

2022-01-15 18:43:27 - [MESSAGE][INFO] - ===================== Self-healing Report ====================

2022-01-15 18:43:27 - [MESSAGE][INFO] - One of the failed test object locators has been recovered by Self-healing. Please refer to the Self-healing Insights tab for more details.

2022-01-15 18:43:27 - [MESSAGE][INFO] - To learn more about Self-healing, please read https://docs.katalon.com/katalon-studio/docs/self-healing.html

2022-01-15 18:43:27 - [MESSAGE][INFO] - ==============================================================

2022-01-15 18:43:27 - [MESSAGE][PASSED] - Call Test Case 'Test Cases/Student/2. Login as student' successfully

2022-01-15 18:43:27 - [TEST_STEP][PASSED] - navigateToUrl("http://localhost/calendar/view.php?view=month"): Navigate to 'http://localhost/calendar/view.php?view=month' successfully

2022-01-15 18:43:27 - [MESSAGE][PASSED] - Navigate to 'http://localhost/calendar/view.php?view=month' successfully

2022-01-15 18:43:27 - [TEST_STEP][PASSED] - click(findTestObject("Object Repository/Page_SiteTesting Calendar Detailed month vi_90ebed/button_New event")): Object: 'Object Repository/Page_SiteTesting Calendar Detailed month vi_90ebed/button_New event' is clicked on

2022-01-15 18:43:28 - [MESSAGE][PASSED] - Object: 'Object Repository/Page_SiteTesting Calendar Detailed month vi_90ebed/button_New event' is clicked on

2022-01-15 18:43:28 - [TEST_STEP][PASSED] - click(findTestObject("Object Repository/Page_SiteTesting Calendar Detailed month vi_90ebed/button_Save")): Object: 'Object Repository/Page_SiteTesting Calendar Detailed month vi_90ebed/button_Save' is clicked on

2022-01-15 18:43:59 - [MESSAGE][INFO] - Unable to find the element located by 'By.xpath: //button[@type = 'button' and @class = 'btn btn-primary' and @data-action = 'save' and (text() = '

            Save
            
                
                
                
            
        ' or . = '

            Save
            
                
                
                
            
        ')]'. Please recheck the objects properties to make sure the desired element is located. 

2022-01-15 18:43:59 - [MESSAGE][WARNING] - [SELF-HEALING] Failed to find element with id 'Object Repository/Page_SiteTesting Calendar Detailed month vi_90ebed/button_Save'. Try using Self-healing.

2022-01-15 18:44:00 - [MESSAGE][WARNING] - [SELF-HEALING] The current locator of test object 'Object Repository/Page_SiteTesting Calendar Detailed month vi_90ebed/button_Save' was broken. Propose an alternative one: '(.//*[normalize-space(text()) and normalize-space(.)='Repeat weekly, creating altogether'])[1]/following::button[1]'.

2022-01-15 18:44:00 - [MESSAGE][PASSED] - Object: 'Object Repository/Page_SiteTesting Calendar Detailed month vi_90ebed/button_Save' is clicked on

2022-01-15 18:44:00 - [TEST_STEP][PASSED] - verifyElementText(findTestObject("Object Repository/Page_SiteTesting Calendar Detailed month vi_90ebed/div_- Required"), "- Required"): Actual text and expected text of test object 'Object Repository/Page_SiteTesting Calendar Detailed month vi_90ebed/div_- Required' are matched.

2022-01-15 18:44:00 - [MESSAGE][PASSED] - Actual text and expected text of test object 'Object Repository/Page_SiteTesting Calendar Detailed month vi_90ebed/div_- Required' are matched.

2022-01-15 18:44:00 - [TEST_STEP][PASSED] - closeBrowser(): Browser is closed

2022-01-15 18:44:01 - [MESSAGE][PASSED] - Browser is closed]]></system-out>
         <system-err><![CDATA[]]></system-err>
      </testcase>
      <testcase name="Test Cases/Student/3. Calendar/4. create calendar with invaid date" time="109.247" classname="Test Cases/Student/3. Calendar/4. create calendar with invaid date" status="PASSED">
         <system-out><![CDATA[2022-01-15 18:44:01 - [TEST_CASE][PASSED] - Test Cases/Student/3. Calendar/4. create calendar with invaid date: Test Cases/Student/3. Calendar/4. create calendar with invaid date

2022-01-15 18:44:01 - [TEST_STEP][PASSED] - callTestCase(findTestCase("Student/2. Login as student"), [:], STOP_ON_FAILURE): Call Test Case 'Test Cases/Student/2. Login as student' successfully

2022-01-15 18:44:01 - [TEST_CASE][PASSED] - Test Cases/Student/2. Login as student: Test Cases/Student/2. Login as student

2022-01-15 18:44:01 - [TEST_STEP][PASSED] - openBrowser(""): Browser is opened with url: ''

2022-01-15 18:44:01 - [MESSAGE][INFO] - Starting 'Edge Chromium' driver

2022-01-15 18:44:04 - [MESSAGE][INFO] - Action delay is set to 0 milliseconds

2022-01-15 18:44:04 - [MESSAGE][PASSED] - Browser is opened with url: ''

2022-01-15 18:44:04 - [TEST_STEP][PASSED] - navigateToUrl("http://localhost/"): Navigate to 'http://localhost/' successfully

2022-01-15 18:44:05 - [MESSAGE][PASSED] - Navigate to 'http://localhost/' successfully

2022-01-15 18:44:05 - [TEST_STEP][PASSED] - click(findTestObject("Object Repository/Page_Automation Testing Site/a_Log in")): Object: 'Object Repository/Page_Automation Testing Site/a_Log in' is clicked on

2022-01-15 18:44:06 - [MESSAGE][PASSED] - Object: 'Object Repository/Page_Automation Testing Site/a_Log in' is clicked on

2022-01-15 18:44:06 - [TEST_STEP][PASSED] - setText(findTestObject("Object Repository/Page_Automation Testing Site Log in to the site/input_Username_username"), "student"): Text 'student' is set on object 'Object Repository/Page_Automation Testing Site Log in to the site/input_Username_username'

2022-01-15 18:44:07 - [MESSAGE][PASSED] - Text 'student' is set on object 'Object Repository/Page_Automation Testing Site Log in to the site/input_Username_username'

2022-01-15 18:44:07 - [TEST_STEP][PASSED] - setEncryptedText(findTestObject("Object Repository/Page_Automation Testing Site Log in to the site/input_Password_password"), "cnpXG5HhkrZpEXzNIGBMZQ=="): Text ****** has been set on object 'Object Repository/Page_Automation Testing Site Log in to the site/input_Password_password'

2022-01-15 18:44:07 - [MESSAGE][PASSED] - Text ****** has been set on object 'Object Repository/Page_Automation Testing Site Log in to the site/input_Password_password'

2022-01-15 18:44:07 - [TEST_STEP][PASSED] - click(findTestObject("Object Repository/Page_Automation Testing Site Log in to the site/button_Log in")): Object: 'Object Repository/Page_Automation Testing Site Log in to the site/button_Log in' is clicked on

2022-01-15 18:44:08 - [MESSAGE][PASSED] - Object: 'Object Repository/Page_Automation Testing Site Log in to the site/button_Log in' is clicked on

2022-01-15 18:44:08 - [TEST_STEP][PASSED] - click(findTestObject("Object Repository/Page_Dashboard/span_Site home")): Object: 'Object Repository/Page_Dashboard/span_Site home' is clicked on

2022-01-15 18:44:40 - [MESSAGE][INFO] - Unable to find the element located by 'By.xpath: '. Please recheck the objects properties to make sure the desired element is located. 

2022-01-15 18:44:40 - [MESSAGE][WARNING] - [SELF-HEALING] Failed to find element with id 'Object Repository/Page_Dashboard/span_Site home'. Try using Self-healing.

2022-01-15 18:44:40 - [MESSAGE][WARNING] - [SELF-HEALING] The current locator of test object 'Object Repository/Page_Dashboard/span_Site home' was broken. Propose an alternative one: '//div[@id='nav-drawer']/nav/ul/li[2]/a/div/div/span[2]'.

2022-01-15 18:44:40 - [MESSAGE][PASSED] - Object: 'Object Repository/Page_Dashboard/span_Site home' is clicked on

2022-01-15 18:44:40 - [TEST_STEP][PASSED] - click(findTestObject("Object Repository/Page_Automation Testing Site/a_CNTN")): Object: 'Object Repository/Page_Automation Testing Site/a_CNTN' is clicked on

2022-01-15 18:44:41 - [MESSAGE][PASSED] - Object: 'Object Repository/Page_Automation Testing Site/a_CNTN' is clicked on

2022-01-15 18:44:41 - [MESSAGE][INFO] - 

2022-01-15 18:44:41 - [MESSAGE][INFO] - ===================== Self-healing Report ====================

2022-01-15 18:44:41 - [MESSAGE][INFO] - One of the failed test object locators has been recovered by Self-healing. Please refer to the Self-healing Insights tab for more details.

2022-01-15 18:44:41 - [MESSAGE][INFO] - To learn more about Self-healing, please read https://docs.katalon.com/katalon-studio/docs/self-healing.html

2022-01-15 18:44:41 - [MESSAGE][INFO] - ==============================================================

2022-01-15 18:44:41 - [MESSAGE][PASSED] - Call Test Case 'Test Cases/Student/2. Login as student' successfully

2022-01-15 18:44:41 - [TEST_STEP][PASSED] - navigateToUrl("http://localhost/calendar/view.php?view=month"): Navigate to 'http://localhost/calendar/view.php?view=month' successfully

2022-01-15 18:44:41 - [MESSAGE][PASSED] - Navigate to 'http://localhost/calendar/view.php?view=month' successfully

2022-01-15 18:44:41 - [TEST_STEP][PASSED] - click(findTestObject("Object Repository/Page_SiteTesting Calendar Detailed month vi_90ebed/button_New event")): Object: 'Object Repository/Page_SiteTesting Calendar Detailed month vi_90ebed/button_New event' is clicked on

2022-01-15 18:44:42 - [MESSAGE][PASSED] - Object: 'Object Repository/Page_SiteTesting Calendar Detailed month vi_90ebed/button_New event' is clicked on

2022-01-15 18:44:42 - [TEST_STEP][PASSED] - click(findTestObject("Object Repository/Page_SiteTesting Calendar Detailed month vi_90ebed/a_Show more")): Object: 'Object Repository/Page_SiteTesting Calendar Detailed month vi_90ebed/a_Show more' is clicked on

2022-01-15 18:45:13 - [MESSAGE][INFO] - Unable to find the element located by 'By.xpath: //*[@href = '#' and @class = 'moreless-toggler' and @aria-expanded = 'false' and @role = 'button' and @id = 'yui_3_17_2_1_1641262406973_609' and (text() = 'Show more...' or . = 'Show more...')]'. Please recheck the objects properties to make sure the desired element is located. 

2022-01-15 18:45:13 - [MESSAGE][WARNING] - [SELF-HEALING] Failed to find element with id 'Object Repository/Page_SiteTesting Calendar Detailed month vi_90ebed/a_Show more'. Try using Self-healing.

2022-01-15 18:45:14 - [MESSAGE][WARNING] - [SELF-HEALING] The current locator of test object 'Object Repository/Page_SiteTesting Calendar Detailed month vi_90ebed/a_Show more' was broken. Propose an alternative one: '//a[contains(text(),'Show more...')]'.

2022-01-15 18:45:14 - [MESSAGE][PASSED] - Object: 'Object Repository/Page_SiteTesting Calendar Detailed month vi_90ebed/a_Show more' is clicked on

2022-01-15 18:45:14 - [TEST_STEP][PASSED] - click(findTestObject("Object Repository/Page_SiteTesting Calendar Detailed month vi_90ebed/label_Until")): Object: 'Object Repository/Page_SiteTesting Calendar Detailed month vi_90ebed/label_Until' is clicked on

2022-01-15 18:45:14 - [MESSAGE][PASSED] - Object: 'Object Repository/Page_SiteTesting Calendar Detailed month vi_90ebed/label_Until' is clicked on

2022-01-15 18:45:14 - [TEST_STEP][PASSED] - selectOptionByValue(findTestObject("Object Repository/Page_SiteTesting Calendar Detailed month vi_90ebed/select_1        2        3        4        _45ea30_1"), "3", true): All options with value '3' are selected in object 'Object Repository/Page_SiteTesting Calendar Detailed month vi_90ebed/select_1        2        3        4        _45ea30_1'  using regular expression

2022-01-15 18:45:16 - [MESSAGE][PASSED] - All options with value '3' are selected in object 'Object Repository/Page_SiteTesting Calendar Detailed month vi_90ebed/select_1        2        3        4        _45ea30_1'  using regular expression

2022-01-15 18:45:16 - [TEST_STEP][PASSED] - setText(findTestObject("Object Repository/Page_SiteTesting Calendar Detailed month vi_90ebed/input_Event title_name"), "new"): Text 'new' is set on object 'Object Repository/Page_SiteTesting Calendar Detailed month vi_90ebed/input_Event title_name'

2022-01-15 18:45:17 - [MESSAGE][PASSED] - Text 'new' is set on object 'Object Repository/Page_SiteTesting Calendar Detailed month vi_90ebed/input_Event title_name'

2022-01-15 18:45:17 - [TEST_STEP][PASSED] - click(findTestObject("Object Repository/Page_SiteTesting Calendar Detailed month vi_90ebed/button_Save_1")): Object: 'Object Repository/Page_SiteTesting Calendar Detailed month vi_90ebed/button_Save_1' is clicked on

2022-01-15 18:45:48 - [MESSAGE][INFO] - Unable to find the element located by 'By.xpath: //button[@type = 'button' and @class = 'btn btn-primary' and @data-action = 'save' and (text() = '

            Save
            
                
                
                
            
        ' or . = '

            Save
            
                
                
                
            
        ')]'. Please recheck the objects properties to make sure the desired element is located. 

2022-01-15 18:45:48 - [MESSAGE][WARNING] - [SELF-HEALING] Failed to find element with id 'Object Repository/Page_SiteTesting Calendar Detailed month vi_90ebed/button_Save_1'. Try using Self-healing.

2022-01-15 18:45:48 - [MESSAGE][WARNING] - [SELF-HEALING] The current locator of test object 'Object Repository/Page_SiteTesting Calendar Detailed month vi_90ebed/button_Save_1' was broken. Propose an alternative one: '(.//*[normalize-space(text()) and normalize-space(.)='Repeat weekly, creating altogether'])[1]/following::button[1]'.

2022-01-15 18:45:48 - [MESSAGE][PASSED] - Object: 'Object Repository/Page_SiteTesting Calendar Detailed month vi_90ebed/button_Save_1' is clicked on

2022-01-15 18:45:48 - [TEST_STEP][PASSED] - verifyElementText(findTestObject("Object Repository/Page_SiteTesting Calendar Detailed month vi_90ebed/div_The date and time you selected for dura_28074d"), "The date and time you selected for duration until is before the start time of the event. Please correct this before proceeding."): Actual text and expected text of test object 'Object Repository/Page_SiteTesting Calendar Detailed month vi_90ebed/div_The date and time you selected for dura_28074d' are matched.

2022-01-15 18:45:50 - [MESSAGE][PASSED] - Actual text and expected text of test object 'Object Repository/Page_SiteTesting Calendar Detailed month vi_90ebed/div_The date and time you selected for dura_28074d' are matched.

2022-01-15 18:45:50 - [TEST_STEP][PASSED] - closeBrowser(): Browser is closed

2022-01-15 18:45:50 - [MESSAGE][PASSED] - Browser is closed]]></system-out>
         <system-err><![CDATA[]]></system-err>
      </testcase>
      <testcase name="Test Cases/Student/4. Comment/2. Add comment" time="230.308" classname="Test Cases/Student/4. Comment/2. Add comment" status="PASSED">
         <system-out><![CDATA[2022-01-15 18:45:50 - [TEST_CASE][PASSED] - Test Cases/Student/4. Comment/2. Add comment: Test Cases/Student/4. Comment/2. Add comment

2022-01-15 18:45:51 - [TEST_STEP][PASSED] - callTestCase(findTestCase("Student/2. Login as student"), [:], STOP_ON_FAILURE): Call Test Case 'Test Cases/Student/2. Login as student' successfully

2022-01-15 18:45:51 - [TEST_CASE][PASSED] - Test Cases/Student/2. Login as student: Test Cases/Student/2. Login as student

2022-01-15 18:45:51 - [TEST_STEP][PASSED] - openBrowser(""): Browser is opened with url: ''

2022-01-15 18:45:51 - [MESSAGE][INFO] - Starting 'Edge Chromium' driver

2022-01-15 18:45:53 - [MESSAGE][INFO] - Action delay is set to 0 milliseconds

2022-01-15 18:45:54 - [MESSAGE][PASSED] - Browser is opened with url: ''

2022-01-15 18:45:54 - [TEST_STEP][PASSED] - navigateToUrl("http://localhost/"): Navigate to 'http://localhost/' successfully

2022-01-15 18:45:54 - [MESSAGE][PASSED] - Navigate to 'http://localhost/' successfully

2022-01-15 18:45:54 - [TEST_STEP][PASSED] - click(findTestObject("Object Repository/Page_Automation Testing Site/a_Log in")): Object: 'Object Repository/Page_Automation Testing Site/a_Log in' is clicked on

2022-01-15 18:45:55 - [MESSAGE][PASSED] - Object: 'Object Repository/Page_Automation Testing Site/a_Log in' is clicked on

2022-01-15 18:45:55 - [TEST_STEP][PASSED] - setText(findTestObject("Object Repository/Page_Automation Testing Site Log in to the site/input_Username_username"), "student"): Text 'student' is set on object 'Object Repository/Page_Automation Testing Site Log in to the site/input_Username_username'

2022-01-15 18:45:56 - [MESSAGE][PASSED] - Text 'student' is set on object 'Object Repository/Page_Automation Testing Site Log in to the site/input_Username_username'

2022-01-15 18:45:56 - [TEST_STEP][PASSED] - setEncryptedText(findTestObject("Object Repository/Page_Automation Testing Site Log in to the site/input_Password_password"), "cnpXG5HhkrZpEXzNIGBMZQ=="): Text ****** has been set on object 'Object Repository/Page_Automation Testing Site Log in to the site/input_Password_password'

2022-01-15 18:45:56 - [MESSAGE][PASSED] - Text ****** has been set on object 'Object Repository/Page_Automation Testing Site Log in to the site/input_Password_password'

2022-01-15 18:45:56 - [TEST_STEP][PASSED] - click(findTestObject("Object Repository/Page_Automation Testing Site Log in to the site/button_Log in")): Object: 'Object Repository/Page_Automation Testing Site Log in to the site/button_Log in' is clicked on

2022-01-15 18:45:58 - [MESSAGE][PASSED] - Object: 'Object Repository/Page_Automation Testing Site Log in to the site/button_Log in' is clicked on

2022-01-15 18:45:58 - [TEST_STEP][PASSED] - click(findTestObject("Object Repository/Page_Dashboard/span_Site home")): Object: 'Object Repository/Page_Dashboard/span_Site home' is clicked on

2022-01-15 18:46:29 - [MESSAGE][INFO] - Unable to find the element located by 'By.xpath: '. Please recheck the objects properties to make sure the desired element is located. 

2022-01-15 18:46:29 - [MESSAGE][WARNING] - [SELF-HEALING] Failed to find element with id 'Object Repository/Page_Dashboard/span_Site home'. Try using Self-healing.

2022-01-15 18:46:29 - [MESSAGE][WARNING] - [SELF-HEALING] The current locator of test object 'Object Repository/Page_Dashboard/span_Site home' was broken. Propose an alternative one: '//div[@id='nav-drawer']/nav/ul/li[2]/a/div/div/span[2]'.

2022-01-15 18:46:30 - [MESSAGE][PASSED] - Object: 'Object Repository/Page_Dashboard/span_Site home' is clicked on

2022-01-15 18:46:30 - [TEST_STEP][PASSED] - click(findTestObject("Object Repository/Page_Automation Testing Site/a_CNTN")): Object: 'Object Repository/Page_Automation Testing Site/a_CNTN' is clicked on

2022-01-15 18:46:30 - [MESSAGE][PASSED] - Object: 'Object Repository/Page_Automation Testing Site/a_CNTN' is clicked on

2022-01-15 18:46:30 - [MESSAGE][INFO] - 

2022-01-15 18:46:30 - [MESSAGE][INFO] - ===================== Self-healing Report ====================

2022-01-15 18:46:30 - [MESSAGE][INFO] - One of the failed test object locators has been recovered by Self-healing. Please refer to the Self-healing Insights tab for more details.

2022-01-15 18:46:30 - [MESSAGE][INFO] - To learn more about Self-healing, please read https://docs.katalon.com/katalon-studio/docs/self-healing.html

2022-01-15 18:46:30 - [MESSAGE][INFO] - ==============================================================

2022-01-15 18:46:30 - [MESSAGE][PASSED] - Call Test Case 'Test Cases/Student/2. Login as student' successfully

2022-01-15 18:46:30 - [TEST_STEP][PASSED] - click(findTestObject("Object Repository/Page_Course CNTN/span_assignment test")): Object: 'Object Repository/Page_Course CNTN/span_assignment test' is clicked on

2022-01-15 18:47:01 - [MESSAGE][INFO] - Unable to find the element located by 'By.xpath: //li[@id='module-13']/div/div/div[2]/div/a/span'. Please recheck the objects properties to make sure the desired element is located. 

2022-01-15 18:47:01 - [MESSAGE][WARNING] - [SELF-HEALING] Failed to find element with id 'Object Repository/Page_Course CNTN/span_assignment test'. Try using Self-healing.

2022-01-15 18:47:02 - [MESSAGE][WARNING] - [SELF-HEALING] The current locator of test object 'Object Repository/Page_Course CNTN/span_assignment test' was broken. Propose an alternative one: '(.//*[normalize-space(text()) and normalize-space(.)='Forum'])[1]/following::span[1]'.

2022-01-15 18:47:02 - [MESSAGE][PASSED] - Object: 'Object Repository/Page_Course CNTN/span_assignment test' is clicked on

2022-01-15 18:47:02 - [TEST_STEP][PASSED] - click(findTestObject("Object Repository/Page_cntn assignment test/span_Comments (0)")): Object: 'Object Repository/Page_cntn assignment test/span_Comments (0)' is clicked on

2022-01-15 18:47:33 - [MESSAGE][INFO] - Unable to find the element located by 'By.xpath: //span[@id='comment-link-text-61e0d7219f79b']'. Please recheck the objects properties to make sure the desired element is located. 

2022-01-15 18:47:33 - [MESSAGE][WARNING] - [SELF-HEALING] Failed to find element with id 'Object Repository/Page_cntn assignment test/span_Comments (0)'. Try using Self-healing.

2022-01-15 18:47:34 - [MESSAGE][WARNING] - [SELF-HEALING] The current locator of test object 'Object Repository/Page_cntn assignment test/span_Comments (0)' was broken. Propose an alternative one: '(.//*[normalize-space(text()) and normalize-space(.)='Show comments'])[1]/following::span[1]'.

2022-01-15 18:47:34 - [MESSAGE][PASSED] - Object: 'Object Repository/Page_cntn assignment test/span_Comments (0)' is clicked on

2022-01-15 18:47:34 - [TEST_STEP][PASSED] - setText(findTestObject("Object Repository/Page_cntn assignment test/textarea_Comments (0)_content"), "test"): Text 'test' is set on object 'Object Repository/Page_cntn assignment test/textarea_Comments (0)_content'

2022-01-15 18:48:05 - [MESSAGE][INFO] - Unable to find the element located by 'By.xpath: //textarea[@id='dlg-content-61e0d7219f79b']'. Please recheck the objects properties to make sure the desired element is located. 

2022-01-15 18:48:05 - [MESSAGE][WARNING] - [SELF-HEALING] Failed to find element with id 'Object Repository/Page_cntn assignment test/textarea_Comments (0)_content'. Try using Self-healing.

2022-01-15 18:48:05 - [MESSAGE][WARNING] - [SELF-HEALING] The current locator of test object 'Object Repository/Page_cntn assignment test/textarea_Comments (0)_content' was broken. Propose an alternative one: '//textarea'.

2022-01-15 18:48:36 - [MESSAGE][INFO] - Unable to find the element located by 'By.xpath: //textarea[@id='dlg-content-61e0d7219f79b']'. Please recheck the objects properties to make sure the desired element is located. 

2022-01-15 18:48:36 - [MESSAGE][WARNING] - [SELF-HEALING] Failed to find element with id 'Object Repository/Page_cntn assignment test/textarea_Comments (0)_content'. Try using Self-healing.

2022-01-15 18:48:37 - [MESSAGE][WARNING] - [SELF-HEALING] The current locator of test object 'Object Repository/Page_cntn assignment test/textarea_Comments (0)_content' was broken. Propose an alternative one: '//textarea'.

2022-01-15 18:48:37 - [MESSAGE][PASSED] - Text 'test' is set on object 'Object Repository/Page_cntn assignment test/textarea_Comments (0)_content'

2022-01-15 18:48:37 - [TEST_STEP][PASSED] - click(findTestObject("Object Repository/Page_cntn assignment test/a_Save comment")): Object: 'Object Repository/Page_cntn assignment test/a_Save comment' is clicked on

2022-01-15 18:49:08 - [MESSAGE][INFO] - Unable to find the element located by 'By.xpath: //a[@id='comment-action-post-61e0d7219f79b']'. Please recheck the objects properties to make sure the desired element is located. 

2022-01-15 18:49:08 - [MESSAGE][WARNING] - [SELF-HEALING] Failed to find element with id 'Object Repository/Page_cntn assignment test/a_Save comment'. Try using Self-healing.

2022-01-15 18:49:08 - [MESSAGE][WARNING] - [SELF-HEALING] The current locator of test object 'Object Repository/Page_cntn assignment test/a_Save comment' was broken. Propose an alternative one: '//a[contains(text(),'Save comment')]'.

2022-01-15 18:49:08 - [MESSAGE][PASSED] - Object: 'Object Repository/Page_cntn assignment test/a_Save comment' is clicked on

2022-01-15 18:49:08 - [TEST_STEP][PASSED] - verifyElementText(findTestObject("Object Repository/Page_cntn assignment test/div_test"), "test"): Actual text and expected text of test object 'Object Repository/Page_cntn assignment test/div_test' are matched.

2022-01-15 18:49:40 - [MESSAGE][INFO] - Unable to find the element located by 'By.xpath: //li[@id='comment-3-61e0d6b2c515d']/div/div[2]/div[2]/div'. Please recheck the objects properties to make sure the desired element is located. 

2022-01-15 18:49:40 - [MESSAGE][WARNING] - [SELF-HEALING] Failed to find element with id 'Object Repository/Page_cntn assignment test/div_test'. Try using Self-healing.

2022-01-15 18:49:40 - [MESSAGE][WARNING] - [SELF-HEALING] The current locator of test object 'Object Repository/Page_cntn assignment test/div_test' was broken. Propose an alternative one: '(.//*[normalize-space(text()) and normalize-space(.)='a b'])[2]/following::div[4]'.

2022-01-15 18:49:40 - [MESSAGE][PASSED] - Actual text and expected text of test object 'Object Repository/Page_cntn assignment test/div_test' are matched.

2022-01-15 18:49:40 - [TEST_STEP][PASSED] - closeBrowser(): Browser is closed

2022-01-15 18:49:41 - [MESSAGE][PASSED] - Browser is closed]]></system-out>
         <system-err><![CDATA[]]></system-err>
      </testcase>
      <testcase name="Test Cases/Student/5. Submit/1. Mask Done" time="135.826" classname="Test Cases/Student/5. Submit/1. Mask Done" status="PASSED">
         <system-out><![CDATA[2022-01-15 18:49:41 - [TEST_CASE][PASSED] - Test Cases/Student/5. Submit/1. Mask Done: Test Cases/Student/5. Submit/1. Mask Done

2022-01-15 18:49:41 - [TEST_STEP][PASSED] - callTestCase(findTestCase("Student/2. Login as student"), [:], STOP_ON_FAILURE): Call Test Case 'Test Cases/Student/2. Login as student' successfully

2022-01-15 18:49:41 - [TEST_CASE][PASSED] - Test Cases/Student/2. Login as student: Test Cases/Student/2. Login as student

2022-01-15 18:49:41 - [TEST_STEP][PASSED] - openBrowser(""): Browser is opened with url: ''

2022-01-15 18:49:41 - [MESSAGE][INFO] - Starting 'Edge Chromium' driver

2022-01-15 18:49:43 - [MESSAGE][INFO] - Action delay is set to 0 milliseconds

2022-01-15 18:49:44 - [MESSAGE][PASSED] - Browser is opened with url: ''

2022-01-15 18:49:44 - [TEST_STEP][PASSED] - navigateToUrl("http://localhost/"): Navigate to 'http://localhost/' successfully

2022-01-15 18:49:44 - [MESSAGE][PASSED] - Navigate to 'http://localhost/' successfully

2022-01-15 18:49:44 - [TEST_STEP][PASSED] - click(findTestObject("Object Repository/Page_Automation Testing Site/a_Log in")): Object: 'Object Repository/Page_Automation Testing Site/a_Log in' is clicked on

2022-01-15 18:49:45 - [MESSAGE][PASSED] - Object: 'Object Repository/Page_Automation Testing Site/a_Log in' is clicked on

2022-01-15 18:49:45 - [TEST_STEP][PASSED] - setText(findTestObject("Object Repository/Page_Automation Testing Site Log in to the site/input_Username_username"), "student"): Text 'student' is set on object 'Object Repository/Page_Automation Testing Site Log in to the site/input_Username_username'

2022-01-15 18:49:46 - [MESSAGE][PASSED] - Text 'student' is set on object 'Object Repository/Page_Automation Testing Site Log in to the site/input_Username_username'

2022-01-15 18:49:46 - [TEST_STEP][PASSED] - setEncryptedText(findTestObject("Object Repository/Page_Automation Testing Site Log in to the site/input_Password_password"), "cnpXG5HhkrZpEXzNIGBMZQ=="): Text ****** has been set on object 'Object Repository/Page_Automation Testing Site Log in to the site/input_Password_password'

2022-01-15 18:49:46 - [MESSAGE][PASSED] - Text ****** has been set on object 'Object Repository/Page_Automation Testing Site Log in to the site/input_Password_password'

2022-01-15 18:49:46 - [TEST_STEP][PASSED] - click(findTestObject("Object Repository/Page_Automation Testing Site Log in to the site/button_Log in")): Object: 'Object Repository/Page_Automation Testing Site Log in to the site/button_Log in' is clicked on

2022-01-15 18:49:48 - [MESSAGE][PASSED] - Object: 'Object Repository/Page_Automation Testing Site Log in to the site/button_Log in' is clicked on

2022-01-15 18:49:48 - [TEST_STEP][PASSED] - click(findTestObject("Object Repository/Page_Dashboard/span_Site home")): Object: 'Object Repository/Page_Dashboard/span_Site home' is clicked on

2022-01-15 18:50:19 - [MESSAGE][INFO] - Unable to find the element located by 'By.xpath: '. Please recheck the objects properties to make sure the desired element is located. 

2022-01-15 18:50:19 - [MESSAGE][WARNING] - [SELF-HEALING] Failed to find element with id 'Object Repository/Page_Dashboard/span_Site home'. Try using Self-healing.

2022-01-15 18:50:19 - [MESSAGE][WARNING] - [SELF-HEALING] The current locator of test object 'Object Repository/Page_Dashboard/span_Site home' was broken. Propose an alternative one: '//div[@id='nav-drawer']/nav/ul/li[2]/a/div/div/span[2]'.

2022-01-15 18:50:20 - [MESSAGE][PASSED] - Object: 'Object Repository/Page_Dashboard/span_Site home' is clicked on

2022-01-15 18:50:20 - [TEST_STEP][PASSED] - click(findTestObject("Object Repository/Page_Automation Testing Site/a_CNTN")): Object: 'Object Repository/Page_Automation Testing Site/a_CNTN' is clicked on

2022-01-15 18:50:20 - [MESSAGE][PASSED] - Object: 'Object Repository/Page_Automation Testing Site/a_CNTN' is clicked on

[...]

2022-01-15 19:04:59 - [MESSAGE][PASSED] - Object: 'Object Repository/AddANewUserObject/Page_Dashboard/span_Site administration' is clicked on

2022-01-15 19:04:59 - [TEST_STEP][PASSED] - navigateToUrl("http://localhost/admin/search.php"): Navigate to 'http://localhost/admin/search.php' successfully

2022-01-15 19:05:00 - [MESSAGE][PASSED] - Navigate to 'http://localhost/admin/search.php' successfully

2022-01-15 19:05:00 - [TEST_STEP][PASSED] - click(findTestObject("Object Repository/DeleteAnAccount/Page_SiteTesting Administration Search/a_Users")): Object: 'Object Repository/DeleteAnAccount/Page_SiteTesting Administration Search/a_Users' is clicked on

2022-01-15 19:05:01 - [MESSAGE][PASSED] - Object: 'Object Repository/DeleteAnAccount/Page_SiteTesting Administration Search/a_Users' is clicked on

2022-01-15 19:05:01 - [TEST_STEP][PASSED] - click(findTestObject("Object Repository/DeleteAnAccount/Page_SiteTesting Administration Search/a_Browse list of users")): Object: 'Object Repository/DeleteAnAccount/Page_SiteTesting Administration Search/a_Browse list of users' is clicked on

2022-01-15 19:05:02 - [MESSAGE][PASSED] - Object: 'Object Repository/DeleteAnAccount/Page_SiteTesting Administration Search/a_Browse list of users' is clicked on

2022-01-15 19:05:02 - [TEST_STEP][PASSED] - navigateToUrl("http://localhost/admin/user.php"): Navigate to 'http://localhost/admin/user.php' successfully

2022-01-15 19:05:03 - [MESSAGE][PASSED] - Navigate to 'http://localhost/admin/user.php' successfully

2022-01-15 19:05:03 - [TEST_STEP][PASSED] - while (true): null

2022-01-15 19:05:03 - [TEST_STEP][PASSED] - if (waitForElementVisible(findTestObject("Object Repository/DeleteAllObject/Page_SiteTesting Administration Users Accou_36dc4d/i_Never_icon fa fa-trash fa-fw"), 1, OPTIONAL) == false): Object 'Object Repository/DeleteAllObject/Page_SiteTesting Administration Users Accou_36dc4d/i_Never_icon fa fa-trash fa-fw' is visible

2022-01-15 19:05:03 - [MESSAGE][PASSED] - Object 'Object Repository/DeleteAllObject/Page_SiteTesting Administration Users Accou_36dc4d/i_Never_icon fa fa-trash fa-fw' is visible

2022-01-15 19:05:03 - [TEST_STEP][PASSED] - click(findTestObject("Object Repository/DeleteAllObject/Page_SiteTesting Administration Users Accou_36dc4d/i_Never_icon fa fa-trash fa-fw")): Object: 'Object Repository/DeleteAllObject/Page_SiteTesting Administration Users Accou_36dc4d/i_Never_icon fa fa-trash fa-fw' is clicked on

2022-01-15 19:05:04 - [MESSAGE][PASSED] - Object: 'Object Repository/DeleteAllObject/Page_SiteTesting Administration Users Accou_36dc4d/i_Never_icon fa fa-trash fa-fw' is clicked on

2022-01-15 19:05:04 - [TEST_STEP][PASSED] - click(findTestObject("Object Repository/DeleteAllObject/Page_SiteTesting Administration Users Accou_36dc4d/button_Delete")): Object: 'Object Repository/DeleteAllObject/Page_SiteTesting Administration Users Accou_36dc4d/button_Delete' is clicked on

2022-01-15 19:05:06 - [MESSAGE][PASSED] - Object: 'Object Repository/DeleteAllObject/Page_SiteTesting Administration Users Accou_36dc4d/button_Delete' is clicked on

2022-01-15 19:05:06 - [TEST_STEP][PASSED] - navigateToUrl("http://localhost/admin/user.php?sort=name&dir=ASC&perpage=30&page=0&delete=57&sesskey=OUmxCxziON"): Navigate to 'http://localhost/admin/user.php?sort=name&dir=ASC&perpage=30&page=0&delete=57&sesskey=OUmxCxziON' successfully

2022-01-15 19:05:06 - [MESSAGE][PASSED] - Navigate to 'http://localhost/admin/user.php?sort=name&dir=ASC&perpage=30&page=0&delete=57&sesskey=OUmxCxziON' successfully

2022-01-15 19:05:06 - [TEST_STEP][PASSED] - if (waitForElementVisible(findTestObject("Object Repository/DeleteAllObject/Page_SiteTesting Administration Users Accou_36dc4d/i_Never_icon fa fa-trash fa-fw"), 1, OPTIONAL) == false): Object 'Object Repository/DeleteAllObject/Page_SiteTesting Administration Users Accou_36dc4d/i_Never_icon fa fa-trash fa-fw' is visible

2022-01-15 19:05:07 - [MESSAGE][PASSED] - Object 'Object Repository/DeleteAllObject/Page_SiteTesting Administration Users Accou_36dc4d/i_Never_icon fa fa-trash fa-fw' is visible

2022-01-15 19:05:07 - [TEST_STEP][PASSED] - click(findTestObject("Object Repository/DeleteAllObject/Page_SiteTesting Administration Users Accou_36dc4d/i_Never_icon fa fa-trash fa-fw")): Object: 'Object Repository/DeleteAllObject/Page_SiteTesting Administration Users Accou_36dc4d/i_Never_icon fa fa-trash fa-fw' is clicked on

2022-01-15 19:05:08 - [MESSAGE][PASSED] - Object: 'Object Repository/DeleteAllObject/Page_SiteTesting Administration Users Accou_36dc4d/i_Never_icon fa fa-trash fa-fw' is clicked on

2022-01-15 19:05:08 - [TEST_STEP][PASSED] - click(findTestObject("Object Repository/DeleteAllObject/Page_SiteTesting Administration Users Accou_36dc4d/button_Delete")): Object: 'Object Repository/DeleteAllObject/Page_SiteTesting Administration Users Accou_36dc4d/button_Delete' is clicked on

2022-01-15 19:05:09 - [MESSAGE][PASSED] - Object: 'Object Repository/DeleteAllObject/Page_SiteTesting Administration Users Accou_36dc4d/button_Delete' is clicked on

2022-01-15 19:05:09 - [TEST_STEP][PASSED] - navigateToUrl("http://localhost/admin/user.php?sort=name&dir=ASC&perpage=30&page=0&delete=57&sesskey=OUmxCxziON"): Navigate to 'http://localhost/admin/user.php?sort=name&dir=ASC&perpage=30&page=0&delete=57&sesskey=OUmxCxziON' successfully

2022-01-15 19:05:10 - [MESSAGE][PASSED] - Navigate to 'http://localhost/admin/user.php?sort=name&dir=ASC&perpage=30&page=0&delete=57&sesskey=OUmxCxziON' successfully

2022-01-15 19:05:10 - [TEST_STEP][PASSED] - if (waitForElementVisible(findTestObject("Object Repository/DeleteAllObject/Page_SiteTesting Administration Users Accou_36dc4d/i_Never_icon fa fa-trash fa-fw"), 1, OPTIONAL) == false): Object 'Object Repository/DeleteAllObject/Page_SiteTesting Administration Users Accou_36dc4d/i_Never_icon fa fa-trash fa-fw' is visible

2022-01-15 19:05:10 - [MESSAGE][PASSED] - Object 'Object Repository/DeleteAllObject/Page_SiteTesting Administration Users Accou_36dc4d/i_Never_icon fa fa-trash fa-fw' is visible

2022-01-15 19:05:10 - [TEST_STEP][PASSED] - click(findTestObject("Object Repository/DeleteAllObject/Page_SiteTesting Administration Users Accou_36dc4d/i_Never_icon fa fa-trash fa-fw")): Object: 'Object Repository/DeleteAllObject/Page_SiteTesting Administration Users Accou_36dc4d/i_Never_icon fa fa-trash fa-fw' is clicked on

2022-01-15 19:05:11 - [MESSAGE][PASSED] - Object: 'Object Repository/DeleteAllObject/Page_SiteTesting Administration Users Accou_36dc4d/i_Never_icon fa fa-trash fa-fw' is clicked on

2022-01-15 19:05:11 - [TEST_STEP][PASSED] - click(findTestObject("Object Repository/DeleteAllObject/Page_SiteTesting Administration Users Accou_36dc4d/button_Delete")): Object: 'Object Repository/DeleteAllObject/Page_SiteTesting Administration Users Accou_36dc4d/button_Delete' is clicked on

2022-01-15 19:05:13 - [MESSAGE][PASSED] - Object: 'Object Repository/DeleteAllObject/Page_SiteTesting Administration Users Accou_36dc4d/button_Delete' is clicked on

2022-01-15 19:05:13 - [TEST_STEP][PASSED] - navigateToUrl("http://localhost/admin/user.php?sort=name&dir=ASC&perpage=30&page=0&delete=57&sesskey=OUmxCxziON"): Navigate to 'http://localhost/admin/user.php?sort=name&dir=ASC&perpage=30&page=0&delete=57&sesskey=OUmxCxziON' successfully

2022-01-15 19:05:13 - [MESSAGE][PASSED] - Navigate to 'http://localhost/admin/user.php?sort=name&dir=ASC&perpage=30&page=0&delete=57&sesskey=OUmxCxziON' successfully

2022-01-15 19:05:13 - [TEST_STEP][PASSED] - if (waitForElementVisible(findTestObject("Object Repository/DeleteAllObject/Page_SiteTesting Administration Users Accou_36dc4d/i_Never_icon fa fa-trash fa-fw"), 1, OPTIONAL) == false): Object 'Object Repository/DeleteAllObject/Page_SiteTesting Administration Users Accou_36dc4d/i_Never_icon fa fa-trash fa-fw' is visible

2022-01-15 19:05:14 - [MESSAGE][PASSED] - Object 'Object Repository/DeleteAllObject/Page_SiteTesting Administration Users Accou_36dc4d/i_Never_icon fa fa-trash fa-fw' is visible

2022-01-15 19:05:14 - [TEST_STEP][PASSED] - click(findTestObject("Object Repository/DeleteAllObject/Page_SiteTesting Administration Users Accou_36dc4d/i_Never_icon fa fa-trash fa-fw")): Object: 'Object Repository/DeleteAllObject/Page_SiteTesting Administration Users Accou_36dc4d/i_Never_icon fa fa-trash fa-fw' is clicked on

2022-01-15 19:05:15 - [MESSAGE][PASSED] - Object: 'Object Repository/DeleteAllObject/Page_SiteTesting Administration Users Accou_36dc4d/i_Never_icon fa fa-trash fa-fw' is clicked on

2022-01-15 19:05:15 - [TEST_STEP][PASSED] - click(findTestObject("Object Repository/DeleteAllObject/Page_SiteTesting Administration Users Accou_36dc4d/button_Delete")): Object: 'Object Repository/DeleteAllObject/Page_SiteTesting Administration Users Accou_36dc4d/button_Delete' is clicked on

2022-01-15 19:05:16 - [MESSAGE][PASSED] - Object: 'Object Repository/DeleteAllObject/Page_SiteTesting Administration Users Accou_36dc4d/button_Delete' is clicked on

2022-01-15 19:05:16 - [TEST_STEP][PASSED] - navigateToUrl("http://localhost/admin/user.php?sort=name&dir=ASC&perpage=30&page=0&delete=57&sesskey=OUmxCxziON"): Navigate to 'http://localhost/admin/user.php?sort=name&dir=ASC&perpage=30&page=0&delete=57&sesskey=OUmxCxziON' successfully

2022-01-15 19:05:16 - [MESSAGE][PASSED] - Navigate to 'http://localhost/admin/user.php?sort=name&dir=ASC&perpage=30&page=0&delete=57&sesskey=OUmxCxziON' successfully

2022-01-15 19:05:16 - [TEST_STEP][PASSED] - if (waitForElementVisible(findTestObject("Object Repository/DeleteAllObject/Page_SiteTesting Administration Users Accou_36dc4d/i_Never_icon fa fa-trash fa-fw"), 1, OPTIONAL) == false): null

2022-01-15 19:05:19 - [MESSAGE][INFO] - Unable to find the element located by 'By.xpath: //i[@class = 'icon fa fa-trash fa-fw ' and @title = 'Delete']'. Please recheck the objects properties to make sure the desired element is located. 

2022-01-15 19:05:19 - [MESSAGE][WARNING] - [SELF-HEALING] Failed to find element with id 'Object Repository/DeleteAllObject/Page_SiteTesting Administration Users Accou_36dc4d/i_Never_icon fa fa-trash fa-fw'. Try using Self-healing.

2022-01-15 19:05:20 - [MESSAGE][INFO] - Unable to find the element located by 'By.xpath: //a[@id='yui_3_17_2_1_1641381882105_554']/i'. Please recheck the objects properties to make sure the desired element is located. 

2022-01-15 19:05:20 - [MESSAGE][INFO] - [SELF-HEALING] Failed Locator: '//a[@id='yui_3_17_2_1_1641381882105_554']/i'.

2022-01-15 19:05:20 - [MESSAGE][INFO] - [SELF-HEALING] Failed Locator: '//tr[4]/td[6]/a/i'.

2022-01-15 19:05:21 - [MESSAGE][INFO] - [SELF-HEALING] Failed Locator: '//a[@id='yui_3_17_2_1_1641381882105_554']/i'.

2022-01-15 19:05:21 - [MESSAGE][INFO] - [SELF-HEALING] Failed Locator: '//tr[4]/td[6]/a/i'.

2022-01-15 19:05:22 - [MESSAGE][INFO] - Unable to find the element located by 'By.cssSelector: '. Please recheck the objects properties to make sure the desired element is located. 

2022-01-15 19:05:22 - [MESSAGE][WARNING] - Web element with id: 'Object Repository/DeleteAllObject/Page_SiteTesting Administration Users Accou_36dc4d/i_Never_icon fa fa-trash fa-fw' located by '//i[@class = 'icon fa fa-trash fa-fw ' and @title = 'Delete']' not found

2022-01-15 19:05:22 - [TEST_STEP][PASSED] - break: null

2022-01-15 19:05:22 - [TEST_STEP][PASSED] - if (waitForElementVisible(findTestObject("Object Repository/DeleteAllObject/Page_SiteTesting Administration Users Accou_36dc4d/i_Never_icon fa fa-trash fa-fw"), 1, OPTIONAL) == true): Web element with id: 'Object Repository/DeleteAllObject/Page_SiteTesting Administration Users Accou_36dc4d/i_Never_icon fa fa-trash fa-fw' located by '//i[@class = 'icon fa fa-trash fa-fw ' and @title = 'Delete']' not found

2022-01-15 19:05:24 - [MESSAGE][INFO] - Unable to find the element located by 'By.xpath: //i[@class = 'icon fa fa-trash fa-fw ' and @title = 'Delete']'. Please recheck the objects properties to make sure the desired element is located. 

2022-01-15 19:05:24 - [MESSAGE][WARNING] - [SELF-HEALING] Failed to find element with id 'Object Repository/DeleteAllObject/Page_SiteTesting Administration Users Accou_36dc4d/i_Never_icon fa fa-trash fa-fw'. Try using Self-healing.

2022-01-15 19:05:26 - [MESSAGE][INFO] - Unable to find the element located by 'By.xpath: //a[@id='yui_3_17_2_1_1641381882105_554']/i'. Please recheck the objects properties to make sure the desired element is located. 

2022-01-15 19:05:26 - [MESSAGE][INFO] - [SELF-HEALING] Failed Locator: '//a[@id='yui_3_17_2_1_1641381882105_554']/i'.

2022-01-15 19:05:26 - [MESSAGE][INFO] - [SELF-HEALING] Failed Locator: '//tr[4]/td[6]/a/i'.

2022-01-15 19:05:26 - [MESSAGE][INFO] - [SELF-HEALING] Failed Locator: '//a[@id='yui_3_17_2_1_1641381882105_554']/i'.

2022-01-15 19:05:27 - [MESSAGE][INFO] - [SELF-HEALING] Failed Locator: '//tr[4]/td[6]/a/i'.

2022-01-15 19:05:28 - [MESSAGE][INFO] - Unable to find the element located by 'By.cssSelector: '. Please recheck the objects properties to make sure the desired element is located. 

2022-01-15 19:05:28 - [MESSAGE][WARNING] - Web element with id: 'Object Repository/DeleteAllObject/Page_SiteTesting Administration Users Accou_36dc4d/i_Never_icon fa fa-trash fa-fw' located by '//i[@class = 'icon fa fa-trash fa-fw ' and @title = 'Delete']' not found]]></system-out>
         <system-err><![CDATA[]]></system-err>
      </testcase>
      <system-out><![CDATA[2022-01-15 18:36:08 - [TEST_SUITE][FAILED] - Run all test cases: Test Cases/Kiểm tra thẻ Site Administration/Đăng nhập dưới quyền Ẩn danh FAILED.
Reason:
com.kms.katalon.core.exception.StepFailedException: Unable to verify object 'Object Repository/AnonymousSignIn/Page_Automation Testing Site Log in to the site/button_Log in as a guest' is present
	at com.kms.katalon.core.webui.keyword.internal.WebUIKeywordMain.stepFailed(WebUIKeywordMain.groovy:64)
	at com.kms.katalon.core.webui.keyword.internal.WebUIKeywordMain.runKeyword(WebUIKeywordMain.groovy:26)
	at com.kms.katalon.core.webui.keyword.builtin.VerifyElementPresentKeyword.verifyElementPresent(VerifyElementPresentKeyword.groovy:92)
	at com.kms.katalon.core.webui.keyword.builtin.VerifyElementPresentKeyword.execute(VerifyElementPresentKeyword.groovy:68)
	at com.kms.katalon.core.keyword.internal.KeywordExecutor.executeKeywordForPlatform(KeywordExecutor.groovy:74)
	at com.kms.katalon.core.webui.keyword.WebUiBuiltInKeywords.verifyElementPresent(WebUiBuiltInKeywords.groovy:1464)
	at com.kms.katalon.core.webui.keyword.WebUiBuiltInKeywords$verifyElementPresent$10.call(Unknown Source)
	at Đăng nhập dưới quyền Ẩn danh.run(Đăng nhập dưới quyền Ẩn danh:26)
	at com.kms.katalon.core.main.ScriptEngine.run(ScriptEngine.java:194)
	at com.kms.katalon.core.main.ScriptEngine.runScriptAsRawText(ScriptEngine.java:119)
	at com.kms.katalon.core.main.TestCaseExecutor.runScript(TestCaseExecutor.java:442)
	at com.kms.katalon.core.main.TestCaseExecutor.doExecute(TestCaseExecutor.java:433)
	at com.kms.katalon.core.main.TestCaseExecutor.processExecutionPhase(TestCaseExecutor.java:412)
	at com.kms.katalon.core.main.TestCaseExecutor.accessMainPhase(TestCaseExecutor.java:404)
	at com.kms.katalon.core.main.TestCaseExecutor.execute(TestCaseExecutor.java:281)
	at com.kms.katalon.core.main.TestSuiteExecutor.accessTestCaseMainPhase(TestSuiteExecutor.java:202)
	at com.kms.katalon.core.main.TestSuiteExecutor.accessTestSuiteMainPhase(TestSuiteExecutor.java:164)
	at com.kms.katalon.core.main.TestSuiteExecutor.execute(TestSuiteExecutor.java:105)
	at com.kms.katalon.core.main.TestCaseMain.startTestSuite(TestCaseMain.java:181)
	at com.kms.katalon.core.main.TestCaseMain$startTestSuite$0.call(Unknown Source)
	at TempTestSuite1642246556726.run(TempTestSuite1642246556726.groovy:36)
Caused by: com.kms.katalon.core.exception.StepFailedException: com.kms.katalon.core.webui.exception.WebElementNotFoundException: Web element with id: 'Object Repository/AnonymousSignIn/Page_Automation Testing Site Log in to the site/button_Log in as a guest' located by '(//button[@type='submit'])[2]' not found
	at com.kms.katalon.core.webui.keyword.internal.WebUIKeywordMain.stepFailed(WebUIKeywordMain.groovy:64)
	at com.kms.katalon.core.webui.keyword.builtin.VerifyElementPresentKeyword$_verifyElementPresent_closure1.doCall(VerifyElementPresentKeyword.groovy:85)
	at com.kms.katalon.core.webui.keyword.builtin.VerifyElementPresentKeyword$_verifyElementPresent_closure1.call(VerifyElementPresentKeyword.groovy)
	at com.kms.katalon.core.webui.keyword.internal.WebUIKeywordMain.runKeyword(WebUIKeywordMain.groovy:20)
	... 19 more]]></system-out>
      <system-err><![CDATA[2022-01-15 18:36:08 - [TEST_SUITE][FAILED] - Run all test cases: Test Cases/Kiểm tra thẻ Site Administration/Đăng nhập dưới quyền Ẩn danh FAILED.
Reason:
com.kms.katalon.core.exception.StepFailedException: Unable to verify object 'Object Repository/AnonymousSignIn/Page_Automation Testing Site Log in to the site/button_Log in as a guest' is present
	at com.kms.katalon.core.webui.keyword.internal.WebUIKeywordMain.stepFailed(WebUIKeywordMain.groovy:64)
	at com.kms.katalon.core.webui.keyword.internal.WebUIKeywordMain.runKeyword(WebUIKeywordMain.groovy:26)
	at com.kms.katalon.core.webui.keyword.builtin.VerifyElementPresentKeyword.verifyElementPresent(VerifyElementPresentKeyword.groovy:92)
	at com.kms.katalon.core.webui.keyword.builtin.VerifyElementPresentKeyword.execute(VerifyElementPresentKeyword.groovy:68)
	at com.kms.katalon.core.keyword.internal.KeywordExecutor.executeKeywordForPlatform(KeywordExecutor.groovy:74)
	at com.kms.katalon.core.webui.keyword.WebUiBuiltInKeywords.verifyElementPresent(WebUiBuiltInKeywords.groovy:1464)
	at com.kms.katalon.core.webui.keyword.WebUiBuiltInKeywords$verifyElementPresent$10.call(Unknown Source)
	at Đăng nhập dưới quyền Ẩn danh.run(Đăng nhập dưới quyền Ẩn danh:26)
	at com.kms.katalon.core.main.ScriptEngine.run(ScriptEngine.java:194)
	at com.kms.katalon.core.main.ScriptEngine.runScriptAsRawText(ScriptEngine.java:119)
	at com.kms.katalon.core.main.TestCaseExecutor.runScript(TestCaseExecutor.java:442)
	at com.kms.katalon.core.main.TestCaseExecutor.doExecute(TestCaseExecutor.java:433)
	at com.kms.katalon.core.main.TestCaseExecutor.processExecutionPhase(TestCaseExecutor.java:412)
	at com.kms.katalon.core.main.TestCaseExecutor.accessMainPhase(TestCaseExecutor.java:404)
	at com.kms.katalon.core.main.TestCaseExecutor.execute(TestCaseExecutor.java:281)
	at com.kms.katalon.core.main.TestSuiteExecutor.accessTestCaseMainPhase(TestSuiteExecutor.java:202)
	at com.kms.katalon.core.main.TestSuiteExecutor.accessTestSuiteMainPhase(TestSuiteExecutor.java:164)
	at com.kms.katalon.core.main.TestSuiteExecutor.execute(TestSuiteExecutor.java:105)
	at com.kms.katalon.core.main.TestCaseMain.startTestSuite(TestCaseMain.java:181)
	at com.kms.katalon.core.main.TestCaseMain$startTestSuite$0.call(Unknown Source)
	at TempTestSuite1642246556726.run(TempTestSuite1642246556726.groovy:36)
Caused by: com.kms.katalon.core.exception.StepFailedException: com.kms.katalon.core.webui.exception.WebElementNotFoundException: Web element with id: 'Object Repository/AnonymousSignIn/Page_Automation Testing Site Log in to the site/button_Log in as a guest' located by '(//button[@type='submit'])[2]' not found
	at com.kms.katalon.core.webui.keyword.internal.WebUIKeywordMain.stepFailed(WebUIKeywordMain.groovy:64)
	at com.kms.katalon.core.webui.keyword.builtin.VerifyElementPresentKeyword$_verifyElementPresent_closure1.doCall(VerifyElementPresentKeyword.groovy:85)
	at com.kms.katalon.core.webui.keyword.builtin.VerifyElementPresentKeyword$_verifyElementPresent_closure1.call(VerifyElementPresentKeyword.groovy)
	at com.kms.katalon.core.webui.keyword.internal.WebUIKeywordMain.runKeyword(WebUIKeywordMain.groovy:20)
	... 19 more]]></system-err>
   </testsuite>
</testsuites>
